[23 Apr, 2025 - 21:45:27:4527] [34minfo[39m: [34mConnection to MSSQL has been established successfully.[39m
[23 Apr, 2025 - 21:45:27:4527] [34minfo[39m: [34mModel sync executed successfully.[39m
[23 Apr, 2025 - 21:45:27:4527] [34minfo[39m: [34mServer is running on http://localhost:3002[39m
[23 Apr, 2025 - 21:46:26:4626] [31merror[39m: [31mInvalid token: jwt expired[39m
[23 Apr, 2025 - 22:07:34:734] [34minfo[39m: [34mUser logged in successfully[39m
[23 Apr, 2025 - 22:07:35:735] [31merror[39m: [31mInvalid token: jwt malformed[39m
[23 Apr, 2025 - 22:07:35:735] [31merror[39m: [31mInvalid token: jwt malformed[39m
[23 Apr, 2025 - 22:09:06:96] [31merror[39m: [31mInvalid token: jwt malformed[39m
[23 Apr, 2025 - 22:10:08:108] [34minfo[39m: [34mConnection to MSSQL has been established successfully.[39m
[23 Apr, 2025 - 22:10:08:108] [34minfo[39m: [34mModel sync executed successfully.[39m
[23 Apr, 2025 - 22:10:09:109] [34minfo[39m: [34mServer is running on http://localhost:3002[39m
[23 Apr, 2025 - 22:10:13:1013] [34minfo[39m: [34mConnection to MSSQL has been established successfully.[39m
[23 Apr, 2025 - 22:10:13:1013] [34minfo[39m: [34mModel sync executed successfully.[39m
[23 Apr, 2025 - 22:10:13:1013] [34minfo[39m: [34mServer is running on http://localhost:3002[39m
[23 Apr, 2025 - 22:11:46:1146] [31merror[39m: [31mInvalid token: jwt malformed[39m
[23 Apr, 2025 - 22:11:46:1146] [31merror[39m: [31mInvalid token: jwt malformed[39m
[23 Apr, 2025 - 22:12:31:1231] [34minfo[39m: [34mUser logged in successfully[39m
[23 Apr, 2025 - 22:12:32:1232] [34minfo[39m: [34mUser verified successfully[39m
[23 Apr, 2025 - 22:12:32:1232] [34minfo[39m: [34mUser verified successfully[39m
[23 Apr, 2025 - 22:14:48:1448] [34minfo[39m: [34mUser verified successfully[39m
[23 Apr, 2025 - 22:15:13:1513] [34minfo[39m: [34mUser verified successfully[39m
[23 Apr, 2025 - 22:19:29:1929] [34minfo[39m: [34mUser logged in successfully[39m
[23 Apr, 2025 - 22:19:29:1929] [34minfo[39m: [34mUser verified successfully[39m
[23 Apr, 2025 - 22:19:29:1929] [34minfo[39m: [34mUser verified successfully[39m
[23 Apr, 2025 - 22:21:56:2156] [31merror[39m: [31mInvalid token: jwt malformed[39m
[23 Apr, 2025 - 22:23:35:2335] [31merror[39m: [31mInvalid token: jwt malformed[39m
[23 Apr, 2025 - 22:29:30:2930] [31merror[39m: [31mInvalid token: jwt malformed[39m
[23 Apr, 2025 - 22:29:53:2953] [31merror[39m: [31mInvalid token: jwt malformed[39m
[23 Apr, 2025 - 22:31:43:3143] [31merror[39m: [31mInvalid token: jwt malformed[39m
[23 Apr, 2025 - 22:32:28:3228] [34minfo[39m: [34mConnection to MSSQL has been established successfully.[39m
[23 Apr, 2025 - 22:32:28:3228] [34minfo[39m: [34mModel sync executed successfully.[39m
[23 Apr, 2025 - 22:32:28:3228] [34minfo[39m: [34mServer is running on http://localhost:3002[39m
[23 Apr, 2025 - 22:32:38:3238] [34minfo[39m: [34mConnection to MSSQL has been established successfully.[39m
[23 Apr, 2025 - 22:32:38:3238] [34minfo[39m: [34mModel sync executed successfully.[39m
[23 Apr, 2025 - 22:32:38:3238] [34minfo[39m: [34mServer is running on http://localhost:3002[39m
[23 Apr, 2025 - 22:32:44:3244] [34minfo[39m: [34mConnection to MSSQL has been established successfully.[39m
[23 Apr, 2025 - 22:32:44:3244] [34minfo[39m: [34mModel sync executed successfully.[39m
[23 Apr, 2025 - 22:32:44:3244] [34minfo[39m: [34mServer is running on http://localhost:3002[39m
[23 Apr, 2025 - 22:32:46:3246] [34minfo[39m: [34mConnection to MSSQL has been established successfully.[39m
[23 Apr, 2025 - 22:32:46:3246] [34minfo[39m: [34mModel sync executed successfully.[39m
[23 Apr, 2025 - 22:32:46:3246] [34minfo[39m: [34mServer is running on http://localhost:3002[39m
[23 Apr, 2025 - 22:32:52:3252] [34minfo[39m: [34mConnection to MSSQL has been established successfully.[39m
[23 Apr, 2025 - 22:32:52:3252] [34minfo[39m: [34mModel sync executed successfully.[39m
[23 Apr, 2025 - 22:32:52:3252] [34minfo[39m: [34mServer is running on http://localhost:3002[39m
[23 Apr, 2025 - 22:32:54:3254] [34minfo[39m: [34mConnection to MSSQL has been established successfully.[39m
[23 Apr, 2025 - 22:32:54:3254] [34minfo[39m: [34mModel sync executed successfully.[39m
[23 Apr, 2025 - 22:32:54:3254] [34minfo[39m: [34mServer is running on http://localhost:3002[39m
[23 Apr, 2025 - 22:32:56:3256] [34minfo[39m: [34mConnection to MSSQL has been established successfully.[39m
[23 Apr, 2025 - 22:32:56:3256] [34minfo[39m: [34mModel sync executed successfully.[39m
[23 Apr, 2025 - 22:32:56:3256] [34minfo[39m: [34mServer is running on http://localhost:3002[39m
[23 Apr, 2025 - 22:33:00:330] [34minfo[39m: [34mConnection to MSSQL has been established successfully.[39m
[23 Apr, 2025 - 22:33:00:330] [34minfo[39m: [34mModel sync executed successfully.[39m
[23 Apr, 2025 - 22:33:00:330] [34minfo[39m: [34mServer is running on http://localhost:3002[39m
[23 Apr, 2025 - 22:33:02:332] [34minfo[39m: [34mConnection to MSSQL has been established successfully.[39m
[23 Apr, 2025 - 22:33:02:332] [34minfo[39m: [34mModel sync executed successfully.[39m
[23 Apr, 2025 - 22:33:02:332] [34minfo[39m: [34mServer is running on http://localhost:3002[39m
[23 Apr, 2025 - 22:33:05:335] [34minfo[39m: [34mConnection to MSSQL has been established successfully.[39m
[23 Apr, 2025 - 22:33:05:335] [34minfo[39m: [34mModel sync executed successfully.[39m
[23 Apr, 2025 - 22:33:05:335] [34minfo[39m: [34mServer is running on http://localhost:3002[39m
[23 Apr, 2025 - 22:33:08:338] [34minfo[39m: [34mConnection to MSSQL has been established successfully.[39m
[23 Apr, 2025 - 22:33:08:338] [34minfo[39m: [34mModel sync executed successfully.[39m
[23 Apr, 2025 - 22:33:08:338] [34minfo[39m: [34mServer is running on http://localhost:3002[39m
[23 Apr, 2025 - 22:33:13:3313] [34minfo[39m: [34mConnection to MSSQL has been established successfully.[39m
[23 Apr, 2025 - 22:33:13:3313] [34minfo[39m: [34mModel sync executed successfully.[39m
[23 Apr, 2025 - 22:33:13:3313] [34minfo[39m: [34mServer is running on http://localhost:3002[39m
[23 Apr, 2025 - 22:33:18:3318] [34minfo[39m: [34mConnection to MSSQL has been established successfully.[39m
[23 Apr, 2025 - 22:33:18:3318] [34minfo[39m: [34mModel sync executed successfully.[39m
[23 Apr, 2025 - 22:33:18:3318] [34minfo[39m: [34mServer is running on http://localhost:3002[39m
[23 Apr, 2025 - 22:33:28:3328] [34minfo[39m: [34mConnection to MSSQL has been established successfully.[39m
[23 Apr, 2025 - 22:33:28:3328] [34minfo[39m: [34mModel sync executed successfully.[39m
[23 Apr, 2025 - 22:33:28:3328] [34minfo[39m: [34mServer is running on http://localhost:3002[39m
[23 Apr, 2025 - 22:33:35:3335] [34minfo[39m: [34mConnection to MSSQL has been established successfully.[39m
[23 Apr, 2025 - 22:33:35:3335] [34minfo[39m: [34mModel sync executed successfully.[39m
[23 Apr, 2025 - 22:33:35:3335] [34minfo[39m: [34mServer is running on http://localhost:3002[39m
[23 Apr, 2025 - 22:33:47:3347] [34minfo[39m: [34mConnection to MSSQL has been established successfully.[39m
[23 Apr, 2025 - 22:33:47:3347] [34minfo[39m: [34mModel sync executed successfully.[39m
[23 Apr, 2025 - 22:33:47:3347] [34minfo[39m: [34mServer is running on http://localhost:3002[39m
[23 Apr, 2025 - 22:33:50:3350] [34minfo[39m: [34mConnection to MSSQL has been established successfully.[39m
[23 Apr, 2025 - 22:33:50:3350] [34minfo[39m: [34mModel sync executed successfully.[39m
[23 Apr, 2025 - 22:33:50:3350] [34minfo[39m: [34mServer is running on http://localhost:3002[39m
[23 Apr, 2025 - 22:33:52:3352] [34minfo[39m: [34mConnection to MSSQL has been established successfully.[39m
[23 Apr, 2025 - 22:33:52:3352] [34minfo[39m: [34mModel sync executed successfully.[39m
[23 Apr, 2025 - 22:33:52:3352] [34minfo[39m: [34mServer is running on http://localhost:3002[39m
[23 Apr, 2025 - 22:33:55:3355] [34minfo[39m: [34mConnection to MSSQL has been established successfully.[39m
[23 Apr, 2025 - 22:33:55:3355] [34minfo[39m: [34mModel sync executed successfully.[39m
[23 Apr, 2025 - 22:33:55:3355] [34minfo[39m: [34mServer is running on http://localhost:3002[39m
[23 Apr, 2025 - 22:33:57:3357] [34minfo[39m: [34mConnection to MSSQL has been established successfully.[39m
[23 Apr, 2025 - 22:33:57:3357] [34minfo[39m: [34mModel sync executed successfully.[39m
[23 Apr, 2025 - 22:33:57:3357] [34minfo[39m: [34mServer is running on http://localhost:3002[39m
[23 Apr, 2025 - 22:34:02:342] [34minfo[39m: [34mConnection to MSSQL has been established successfully.[39m
[23 Apr, 2025 - 22:34:02:342] [34minfo[39m: [34mModel sync executed successfully.[39m
[23 Apr, 2025 - 22:34:02:342] [34minfo[39m: [34mServer is running on http://localhost:3002[39m
[23 Apr, 2025 - 22:34:07:347] [34minfo[39m: [34mConnection to MSSQL has been established successfully.[39m
[23 Apr, 2025 - 22:34:07:347] [34minfo[39m: [34mModel sync executed successfully.[39m
[23 Apr, 2025 - 22:34:07:347] [34minfo[39m: [34mServer is running on http://localhost:3002[39m
[23 Apr, 2025 - 22:34:09:349] [34minfo[39m: [34mConnection to MSSQL has been established successfully.[39m
[23 Apr, 2025 - 22:34:09:349] [34minfo[39m: [34mModel sync executed successfully.[39m
[23 Apr, 2025 - 22:34:09:349] [34minfo[39m: [34mServer is running on http://localhost:3002[39m
[23 Apr, 2025 - 22:34:12:3412] [34minfo[39m: [34mConnection to MSSQL has been established successfully.[39m
[23 Apr, 2025 - 22:34:12:3412] [34minfo[39m: [34mModel sync executed successfully.[39m
[23 Apr, 2025 - 22:34:12:3412] [34minfo[39m: [34mServer is running on http://localhost:3002[39m
[23 Apr, 2025 - 22:34:17:3417] [34minfo[39m: [34mConnection to MSSQL has been established successfully.[39m
[23 Apr, 2025 - 22:34:17:3417] [34minfo[39m: [34mModel sync executed successfully.[39m
[23 Apr, 2025 - 22:34:17:3417] [34minfo[39m: [34mServer is running on http://localhost:3002[39m
[23 Apr, 2025 - 22:35:08:358] [34minfo[39m: [34mConnection to MSSQL has been established successfully.[39m
[23 Apr, 2025 - 22:35:08:358] [34minfo[39m: [34mModel sync executed successfully.[39m
[23 Apr, 2025 - 22:35:08:358] [34minfo[39m: [34mServer is running on http://localhost:3002[39m
[23 Apr, 2025 - 22:35:17:3517] [34minfo[39m: [34mConnection to MSSQL has been established successfully.[39m
[23 Apr, 2025 - 22:35:17:3517] [34minfo[39m: [34mModel sync executed successfully.[39m
[23 Apr, 2025 - 22:35:17:3517] [34minfo[39m: [34mServer is running on http://localhost:3002[39m
[23 Apr, 2025 - 22:35:21:3521] [34minfo[39m: [34mConnection to MSSQL has been established successfully.[39m
[23 Apr, 2025 - 22:35:21:3521] [34minfo[39m: [34mModel sync executed successfully.[39m
[23 Apr, 2025 - 22:35:21:3521] [34minfo[39m: [34mServer is running on http://localhost:3002[39m
[23 Apr, 2025 - 22:35:24:3524] [31merror[39m: [31mInvalid token: jwt malformed[39m
[23 Apr, 2025 - 22:37:03:373] [31merror[39m: [31mInvalid token: jwt malformed[39m
[23 Apr, 2025 - 22:37:31:3731] [31merror[39m: [31mInvalid token: jwt malformed[39m
[23 Apr, 2025 - 22:39:01:391] [31merror[39m: [31mInvalid token: jwt malformed[39m
[23 Apr, 2025 - 22:39:53:3953] [31merror[39m: [31mInvalid token: jwt malformed[39m
[23 Apr, 2025 - 22:39:55:3955] [31merror[39m: [31mInvalid token: jwt malformed[39m
[23 Apr, 2025 - 22:39:55:3955] [31merror[39m: [31mInvalid token: jwt malformed[39m
[23 Apr, 2025 - 22:39:55:3955] [31merror[39m: [31mInvalid token: jwt malformed[39m
[23 Apr, 2025 - 22:39:55:3955] [31merror[39m: [31mInvalid token: jwt malformed[39m
[23 Apr, 2025 - 22:39:55:3955] [31merror[39m: [31mInvalid token: jwt malformed[39m
[23 Apr, 2025 - 22:39:55:3955] [31merror[39m: [31mInvalid token: jwt malformed[39m
[23 Apr, 2025 - 22:39:56:3956] [31merror[39m: [31mInvalid token: jwt malformed[39m
[23 Apr, 2025 - 22:39:56:3956] [31merror[39m: [31mInvalid token: jwt malformed[39m
[23 Apr, 2025 - 22:39:56:3956] [31merror[39m: [31mInvalid token: jwt malformed[39m
[23 Apr, 2025 - 22:39:56:3956] [31merror[39m: [31mInvalid token: jwt malformed[39m
[23 Apr, 2025 - 22:39:56:3956] [31merror[39m: [31mInvalid token: jwt malformed[39m
[23 Apr, 2025 - 22:39:56:3956] [31merror[39m: [31mInvalid token: jwt malformed[39m
[23 Apr, 2025 - 22:39:57:3957] [31merror[39m: [31mInvalid token: jwt malformed[39m
[23 Apr, 2025 - 22:39:57:3957] [31merror[39m: [31mInvalid token: jwt malformed[39m
[23 Apr, 2025 - 22:39:57:3957] [31merror[39m: [31mInvalid token: jwt malformed[39m
[23 Apr, 2025 - 22:39:57:3957] [31merror[39m: [31mInvalid token: jwt malformed[39m
[23 Apr, 2025 - 22:39:57:3957] [31merror[39m: [31mInvalid token: jwt malformed[39m
[23 Apr, 2025 - 22:39:57:3957] [31merror[39m: [31mInvalid token: jwt malformed[39m
[23 Apr, 2025 - 22:39:58:3958] [31merror[39m: [31mInvalid token: jwt malformed[39m
[23 Apr, 2025 - 22:39:58:3958] [31merror[39m: [31mInvalid token: jwt malformed[39m
[23 Apr, 2025 - 22:39:58:3958] [31merror[39m: [31mInvalid token: jwt malformed[39m
[23 Apr, 2025 - 22:39:58:3958] [31merror[39m: [31mInvalid token: jwt malformed[39m
[23 Apr, 2025 - 22:39:58:3958] [31merror[39m: [31mInvalid token: jwt malformed[39m
[23 Apr, 2025 - 22:39:58:3958] [31merror[39m: [31mInvalid token: jwt malformed[39m
[23 Apr, 2025 - 22:39:59:3959] [31merror[39m: [31mInvalid token: jwt malformed[39m
[23 Apr, 2025 - 22:39:59:3959] [31merror[39m: [31mInvalid token: jwt malformed[39m
[23 Apr, 2025 - 22:39:59:3959] [31merror[39m: [31mInvalid token: jwt malformed[39m
[23 Apr, 2025 - 22:39:59:3959] [31merror[39m: [31mInvalid token: jwt malformed[39m
[23 Apr, 2025 - 22:39:59:3959] [31merror[39m: [31mInvalid token: jwt malformed[39m
[23 Apr, 2025 - 22:39:59:3959] [31merror[39m: [31mInvalid token: jwt malformed[39m
[23 Apr, 2025 - 22:40:00:400] [31merror[39m: [31mInvalid token: jwt malformed[39m
[23 Apr, 2025 - 22:40:00:400] [31merror[39m: [31mInvalid token: jwt malformed[39m
[23 Apr, 2025 - 22:40:00:400] [31merror[39m: [31mInvalid token: jwt malformed[39m
[23 Apr, 2025 - 22:40:00:400] [31merror[39m: [31mInvalid token: jwt malformed[39m
[23 Apr, 2025 - 22:40:01:401] [31merror[39m: [31mInvalid token: jwt malformed[39m
[23 Apr, 2025 - 22:40:01:401] [31merror[39m: [31mInvalid token: jwt malformed[39m
[23 Apr, 2025 - 22:40:02:402] [31merror[39m: [31mInvalid token: jwt malformed[39m
[23 Apr, 2025 - 22:40:02:402] [31merror[39m: [31mInvalid token: jwt malformed[39m
[23 Apr, 2025 - 22:40:03:403] [31merror[39m: [31mInvalid token: jwt malformed[39m
[23 Apr, 2025 - 22:40:03:403] [31merror[39m: [31mInvalid token: jwt malformed[39m
[23 Apr, 2025 - 22:40:04:404] [31merror[39m: [31mInvalid token: jwt malformed[39m
[23 Apr, 2025 - 22:40:04:404] [31merror[39m: [31mInvalid token: jwt malformed[39m
[23 Apr, 2025 - 22:40:05:405] [31merror[39m: [31mInvalid token: jwt malformed[39m
[23 Apr, 2025 - 22:40:05:405] [31merror[39m: [31mInvalid token: jwt malformed[39m
[23 Apr, 2025 - 22:40:05:405] [31merror[39m: [31mInvalid token: jwt malformed[39m
[23 Apr, 2025 - 22:40:05:405] [31merror[39m: [31mInvalid token: jwt malformed[39m
[23 Apr, 2025 - 22:40:06:406] [31merror[39m: [31mInvalid token: jwt malformed[39m
[23 Apr, 2025 - 22:40:06:406] [31merror[39m: [31mInvalid token: jwt malformed[39m
[23 Apr, 2025 - 22:40:07:407] [31merror[39m: [31mInvalid token: jwt malformed[39m
[23 Apr, 2025 - 22:40:07:407] [31merror[39m: [31mInvalid token: jwt malformed[39m
[23 Apr, 2025 - 22:40:08:408] [31merror[39m: [31mInvalid token: jwt malformed[39m
[23 Apr, 2025 - 22:40:08:408] [31merror[39m: [31mInvalid token: jwt malformed[39m
[23 Apr, 2025 - 22:40:08:408] [31merror[39m: [31mInvalid token: jwt malformed[39m
[23 Apr, 2025 - 22:40:08:408] [31merror[39m: [31mInvalid token: jwt malformed[39m
[23 Apr, 2025 - 22:40:08:408] [31merror[39m: [31mInvalid token: jwt malformed[39m
[23 Apr, 2025 - 22:40:08:408] [31merror[39m: [31mInvalid token: jwt malformed[39m
[23 Apr, 2025 - 22:40:09:409] [31merror[39m: [31mInvalid token: jwt malformed[39m
[23 Apr, 2025 - 22:40:09:409] [31merror[39m: [31mInvalid token: jwt malformed[39m
[23 Apr, 2025 - 22:40:09:409] [31merror[39m: [31mInvalid token: jwt malformed[39m
[23 Apr, 2025 - 22:40:09:409] [31merror[39m: [31mInvalid token: jwt malformed[39m
[23 Apr, 2025 - 22:40:10:4010] [31merror[39m: [31mInvalid token: jwt malformed[39m
[23 Apr, 2025 - 22:40:10:4010] [31merror[39m: [31mInvalid token: jwt malformed[39m
[23 Apr, 2025 - 22:40:10:4010] [31merror[39m: [31mInvalid token: jwt malformed[39m
[23 Apr, 2025 - 22:40:10:4010] [31merror[39m: [31mInvalid token: jwt malformed[39m
[23 Apr, 2025 - 22:40:11:4011] [31merror[39m: [31mInvalid token: jwt malformed[39m
[23 Apr, 2025 - 22:40:11:4011] [31merror[39m: [31mInvalid token: jwt malformed[39m
[23 Apr, 2025 - 22:40:11:4011] [31merror[39m: [31mInvalid token: jwt malformed[39m
[23 Apr, 2025 - 22:40:11:4011] [31merror[39m: [31mInvalid token: jwt malformed[39m
[23 Apr, 2025 - 22:40:11:4011] [31merror[39m: [31mInvalid token: jwt malformed[39m
[23 Apr, 2025 - 22:40:11:4011] [31merror[39m: [31mInvalid token: jwt malformed[39m
[23 Apr, 2025 - 22:40:12:4012] [31merror[39m: [31mInvalid token: jwt malformed[39m
[23 Apr, 2025 - 22:40:12:4012] [31merror[39m: [31mInvalid token: jwt malformed[39m
[23 Apr, 2025 - 22:40:12:4012] [31merror[39m: [31mInvalid token: jwt malformed[39m
[23 Apr, 2025 - 22:40:12:4012] [31merror[39m: [31mInvalid token: jwt malformed[39m
[23 Apr, 2025 - 22:40:13:4013] [31merror[39m: [31mInvalid token: jwt malformed[39m
[23 Apr, 2025 - 22:40:13:4013] [31merror[39m: [31mInvalid token: jwt malformed[39m
[23 Apr, 2025 - 22:40:14:4014] [31merror[39m: [31mInvalid token: jwt malformed[39m
[23 Apr, 2025 - 22:40:14:4014] [31merror[39m: [31mInvalid token: jwt malformed[39m
[23 Apr, 2025 - 22:40:14:4014] [31merror[39m: [31mInvalid token: jwt malformed[39m
[23 Apr, 2025 - 22:40:14:4014] [31merror[39m: [31mInvalid token: jwt malformed[39m
[23 Apr, 2025 - 22:40:15:4015] [31merror[39m: [31mInvalid token: jwt malformed[39m
[23 Apr, 2025 - 22:40:15:4015] [31merror[39m: [31mInvalid token: jwt malformed[39m
[23 Apr, 2025 - 22:40:16:4016] [31merror[39m: [31mInvalid token: jwt malformed[39m
[23 Apr, 2025 - 22:40:16:4016] [31merror[39m: [31mInvalid token: jwt malformed[39m
[23 Apr, 2025 - 22:40:16:4016] [31merror[39m: [31mInvalid token: jwt malformed[39m
[23 Apr, 2025 - 22:40:16:4016] [31merror[39m: [31mInvalid token: jwt malformed[39m
[23 Apr, 2025 - 22:40:17:4017] [31merror[39m: [31mInvalid token: jwt malformed[39m
[23 Apr, 2025 - 22:40:17:4017] [31merror[39m: [31mInvalid token: jwt malformed[39m
[23 Apr, 2025 - 22:40:18:4018] [31merror[39m: [31mInvalid token: jwt malformed[39m
[23 Apr, 2025 - 22:40:18:4018] [31merror[39m: [31mInvalid token: jwt malformed[39m
[23 Apr, 2025 - 22:40:19:4019] [31merror[39m: [31mInvalid token: jwt malformed[39m
[23 Apr, 2025 - 22:40:19:4019] [31merror[39m: [31mInvalid token: jwt malformed[39m
[23 Apr, 2025 - 22:40:20:4020] [31merror[39m: [31mInvalid token: jwt malformed[39m
[23 Apr, 2025 - 22:40:20:4020] [31merror[39m: [31mInvalid token: jwt malformed[39m
[23 Apr, 2025 - 22:40:20:4020] [31merror[39m: [31mInvalid token: jwt malformed[39m
[23 Apr, 2025 - 22:40:20:4020] [31merror[39m: [31mInvalid token: jwt malformed[39m
[23 Apr, 2025 - 22:40:21:4021] [31merror[39m: [31mInvalid token: jwt malformed[39m
[23 Apr, 2025 - 22:40:21:4021] [31merror[39m: [31mInvalid token: jwt malformed[39m
[23 Apr, 2025 - 22:40:22:4022] [31merror[39m: [31mInvalid token: jwt malformed[39m
[23 Apr, 2025 - 22:40:22:4022] [31merror[39m: [31mInvalid token: jwt malformed[39m
[23 Apr, 2025 - 22:40:23:4023] [31merror[39m: [31mInvalid token: jwt malformed[39m
[23 Apr, 2025 - 22:40:23:4023] [31merror[39m: [31mInvalid token: jwt malformed[39m
[23 Apr, 2025 - 22:40:24:4024] [31merror[39m: [31mInvalid token: jwt malformed[39m
[23 Apr, 2025 - 22:40:24:4024] [31merror[39m: [31mInvalid token: jwt malformed[39m
[23 Apr, 2025 - 22:40:24:4024] [31merror[39m: [31mInvalid token: jwt malformed[39m
[23 Apr, 2025 - 22:40:24:4024] [31merror[39m: [31mInvalid token: jwt malformed[39m
[23 Apr, 2025 - 22:40:25:4025] [31merror[39m: [31mInvalid token: jwt malformed[39m
[23 Apr, 2025 - 22:40:25:4025] [31merror[39m: [31mInvalid token: jwt malformed[39m
[23 Apr, 2025 - 22:40:26:4026] [31merror[39m: [31mInvalid token: jwt malformed[39m
[23 Apr, 2025 - 22:40:26:4026] [31merror[39m: [31mInvalid token: jwt malformed[39m
[23 Apr, 2025 - 22:40:27:4027] [31merror[39m: [31mInvalid token: jwt malformed[39m
[23 Apr, 2025 - 22:40:27:4027] [31merror[39m: [31mInvalid token: jwt malformed[39m
[23 Apr, 2025 - 22:40:27:4027] [31merror[39m: [31mInvalid token: jwt malformed[39m
[23 Apr, 2025 - 22:40:27:4027] [31merror[39m: [31mInvalid token: jwt malformed[39m
[23 Apr, 2025 - 22:40:28:4028] [31merror[39m: [31mInvalid token: jwt malformed[39m
[23 Apr, 2025 - 22:40:28:4028] [31merror[39m: [31mInvalid token: jwt malformed[39m
[23 Apr, 2025 - 22:40:29:4029] [31merror[39m: [31mInvalid token: jwt malformed[39m
[23 Apr, 2025 - 22:40:29:4029] [31merror[39m: [31mInvalid token: jwt malformed[39m
[23 Apr, 2025 - 22:40:30:4030] [31merror[39m: [31mInvalid token: jwt malformed[39m
[23 Apr, 2025 - 22:40:30:4030] [31merror[39m: [31mInvalid token: jwt malformed[39m
[23 Apr, 2025 - 22:40:31:4031] [31merror[39m: [31mInvalid token: jwt malformed[39m
[23 Apr, 2025 - 22:40:31:4031] [31merror[39m: [31mInvalid token: jwt malformed[39m
[23 Apr, 2025 - 22:40:31:4031] [31merror[39m: [31mInvalid token: jwt malformed[39m
[23 Apr, 2025 - 22:40:31:4031] [31merror[39m: [31mInvalid token: jwt malformed[39m
[23 Apr, 2025 - 22:40:32:4032] [31merror[39m: [31mInvalid token: jwt malformed[39m
[23 Apr, 2025 - 22:40:32:4032] [31merror[39m: [31mInvalid token: jwt malformed[39m
[23 Apr, 2025 - 22:40:33:4033] [31merror[39m: [31mInvalid token: jwt malformed[39m
[23 Apr, 2025 - 22:40:33:4033] [31merror[39m: [31mInvalid token: jwt malformed[39m
[23 Apr, 2025 - 22:40:34:4034] [31merror[39m: [31mInvalid token: jwt malformed[39m
[23 Apr, 2025 - 22:40:34:4034] [31merror[39m: [31mInvalid token: jwt malformed[39m
[23 Apr, 2025 - 22:40:35:4035] [31merror[39m: [31mInvalid token: jwt malformed[39m
[23 Apr, 2025 - 22:40:35:4035] [31merror[39m: [31mInvalid token: jwt malformed[39m
[23 Apr, 2025 - 22:40:35:4035] [31merror[39m: [31mInvalid token: jwt malformed[39m
[23 Apr, 2025 - 22:40:35:4035] [31merror[39m: [31mInvalid token: jwt malformed[39m
[23 Apr, 2025 - 22:40:36:4036] [31merror[39m: [31mInvalid token: jwt malformed[39m
[23 Apr, 2025 - 22:40:36:4036] [31merror[39m: [31mInvalid token: jwt malformed[39m
[23 Apr, 2025 - 22:40:37:4037] [31merror[39m: [31mInvalid token: jwt malformed[39m
[23 Apr, 2025 - 22:40:37:4037] [31merror[39m: [31mInvalid token: jwt malformed[39m
[23 Apr, 2025 - 22:40:38:4038] [31merror[39m: [31mInvalid token: jwt malformed[39m
[23 Apr, 2025 - 22:40:38:4038] [31merror[39m: [31mInvalid token: jwt malformed[39m
[23 Apr, 2025 - 22:40:38:4038] [31merror[39m: [31mInvalid token: jwt malformed[39m
[23 Apr, 2025 - 22:40:38:4038] [31merror[39m: [31mInvalid token: jwt malformed[39m
[23 Apr, 2025 - 22:40:39:4039] [31merror[39m: [31mInvalid token: jwt malformed[39m
[23 Apr, 2025 - 22:40:39:4039] [31merror[39m: [31mInvalid token: jwt malformed[39m
[23 Apr, 2025 - 22:40:40:4040] [31merror[39m: [31mInvalid token: jwt malformed[39m
[23 Apr, 2025 - 22:40:40:4040] [31merror[39m: [31mInvalid token: jwt malformed[39m
[23 Apr, 2025 - 22:40:41:4041] [31merror[39m: [31mInvalid token: jwt malformed[39m
[23 Apr, 2025 - 22:40:41:4041] [31merror[39m: [31mInvalid token: jwt malformed[39m
[23 Apr, 2025 - 22:40:41:4041] [31merror[39m: [31mInvalid token: jwt malformed[39m
[23 Apr, 2025 - 22:40:41:4041] [31merror[39m: [31mInvalid token: jwt malformed[39m
[23 Apr, 2025 - 22:40:42:4042] [31merror[39m: [31mInvalid token: jwt malformed[39m
[23 Apr, 2025 - 22:40:42:4042] [31merror[39m: [31mInvalid token: jwt malformed[39m
[23 Apr, 2025 - 22:40:43:4043] [31merror[39m: [31mInvalid token: jwt malformed[39m
[23 Apr, 2025 - 22:40:43:4043] [31merror[39m: [31mInvalid token: jwt malformed[39m
[23 Apr, 2025 - 22:40:44:4044] [31merror[39m: [31mInvalid token: jwt malformed[39m
[23 Apr, 2025 - 22:40:44:4044] [31merror[39m: [31mInvalid token: jwt malformed[39m
[23 Apr, 2025 - 22:40:44:4044] [31merror[39m: [31mInvalid token: jwt malformed[39m
[23 Apr, 2025 - 22:40:44:4044] [31merror[39m: [31mInvalid token: jwt malformed[39m
[23 Apr, 2025 - 22:40:45:4045] [31merror[39m: [31mInvalid token: jwt malformed[39m
[23 Apr, 2025 - 22:40:45:4045] [31merror[39m: [31mInvalid token: jwt malformed[39m
[23 Apr, 2025 - 22:40:45:4045] [31merror[39m: [31mInvalid token: jwt malformed[39m
[23 Apr, 2025 - 22:40:45:4045] [31merror[39m: [31mInvalid token: jwt malformed[39m
[23 Apr, 2025 - 22:40:45:4045] [31merror[39m: [31mInvalid token: jwt malformed[39m
[23 Apr, 2025 - 22:40:45:4045] [31merror[39m: [31mInvalid token: jwt malformed[39m
[23 Apr, 2025 - 22:40:46:4046] [31merror[39m: [31mInvalid token: jwt malformed[39m
[23 Apr, 2025 - 22:40:46:4046] [31merror[39m: [31mInvalid token: jwt malformed[39m
[23 Apr, 2025 - 22:40:47:4047] [31merror[39m: [31mInvalid token: jwt malformed[39m
[23 Apr, 2025 - 22:40:47:4047] [31merror[39m: [31mInvalid token: jwt malformed[39m
[23 Apr, 2025 - 22:40:47:4047] [31merror[39m: [31mInvalid token: jwt malformed[39m
[23 Apr, 2025 - 22:40:48:4048] [31merror[39m: [31mInvalid token: jwt malformed[39m
[23 Apr, 2025 - 22:40:48:4048] [31merror[39m: [31mInvalid token: jwt malformed[39m
[23 Apr, 2025 - 22:40:48:4048] [31merror[39m: [31mInvalid token: jwt malformed[39m
[23 Apr, 2025 - 22:40:48:4048] [31merror[39m: [31mInvalid token: jwt malformed[39m
[23 Apr, 2025 - 22:40:49:4049] [31merror[39m: [31mInvalid token: jwt malformed[39m
[23 Apr, 2025 - 22:40:49:4049] [31merror[39m: [31mInvalid token: jwt malformed[39m
[23 Apr, 2025 - 22:40:49:4049] [31merror[39m: [31mInvalid token: jwt malformed[39m
[23 Apr, 2025 - 22:40:49:4049] [31merror[39m: [31mInvalid token: jwt malformed[39m
[23 Apr, 2025 - 22:40:49:4049] [31merror[39m: [31mInvalid token: jwt malformed[39m
[23 Apr, 2025 - 22:40:49:4049] [31merror[39m: [31mInvalid token: jwt malformed[39m
[23 Apr, 2025 - 22:40:50:4050] [31merror[39m: [31mInvalid token: jwt malformed[39m
[23 Apr, 2025 - 22:40:50:4050] [31merror[39m: [31mInvalid token: jwt malformed[39m
[23 Apr, 2025 - 22:40:50:4050] [31merror[39m: [31mInvalid token: jwt malformed[39m
[23 Apr, 2025 - 22:40:50:4050] [31merror[39m: [31mInvalid token: jwt malformed[39m
[23 Apr, 2025 - 22:40:50:4050] [31merror[39m: [31mInvalid token: jwt malformed[39m
[23 Apr, 2025 - 22:40:50:4050] [31merror[39m: [31mInvalid token: jwt malformed[39m
[23 Apr, 2025 - 22:40:51:4051] [31merror[39m: [31mInvalid token: jwt malformed[39m
[23 Apr, 2025 - 22:40:52:4052] [31merror[39m: [31mInvalid token: jwt malformed[39m
[23 Apr, 2025 - 22:40:52:4052] [31merror[39m: [31mInvalid token: jwt malformed[39m
[23 Apr, 2025 - 22:40:53:4053] [31merror[39m: [31mInvalid token: jwt malformed[39m
[23 Apr, 2025 - 22:40:53:4053] [31merror[39m: [31mInvalid token: jwt malformed[39m
[23 Apr, 2025 - 22:40:53:4053] [31merror[39m: [31mInvalid token: jwt malformed[39m
[23 Apr, 2025 - 22:40:53:4053] [31merror[39m: [31mInvalid token: jwt malformed[39m
[23 Apr, 2025 - 22:44:10:4410] [31merror[39m: [31mInvalid token: jwt malformed[39m
[25 Apr, 2025 - 19:42:29:4229] [34minfo[39m: [34mUser logged in successfully[39m
[25 Apr, 2025 - 19:42:29:4229] [34minfo[39m: [34mUser verified successfully[39m
[25 Apr, 2025 - 19:42:29:4229] [34minfo[39m: [34mUser verified successfully[39m
