[30 Apr, 2025 - 21:32:56:3256] [34minfo[39m: [34mConnection to MSSQL has been established successfully.[39m
[30 Apr, 2025 - 21:32:56:3256] [34minfo[39m: [34mModel sync executed successfully.[39m
[30 Apr, 2025 - 21:32:56:3256] [34minfo[39m: [34mServer is running on http://localhost:3002[39m
[30 Apr, 2025 - 21:33:51:3351] [31merror[39m: [31mInvalid token: jwt expired[39m
[30 Apr, 2025 - 21:33:51:3351] [31merror[39m: [31mInvalid token: jwt expired[39m
[30 Apr, 2025 - 21:33:51:3351] [31merror[39m: [31mInvalid token: jwt expired[39m
[30 Apr, 2025 - 21:35:30:3530] [34minfo[39m: [34mUser logged in successfully[39m
[30 Apr, 2025 - 21:35:30:3530] [34minfo[39m: [34mUser verified successfully[39m
[30 Apr, 2025 - 21:35:30:3530] [34minfo[39m: [34mUser verified successfully[39m
[30 Apr, 2025 - 21:35:31:3531] [34minfo[39m: [34mUser verified successfully[39m
[30 Apr, 2025 - 21:35:31:3531] [34minfo[39m: [34mUser verified successfully[39m
[30 Apr, 2025 - 21:35:31:3531] [34minfo[39m: [34mUser verified successfully[39m
[30 Apr, 2025 - 21:35:31:3531] [34minfo[39m: [34mUser verified successfully[39m
[30 Apr, 2025 - 22:05:23:523] [34minfo[39m: [34mConnection to MSSQL has been established successfully.[39m
[30 Apr, 2025 - 22:05:23:523] [34minfo[39m: [34mModel sync executed successfully.[39m
[30 Apr, 2025 - 22:05:23:523] [34minfo[39m: [34mServer is running on http://localhost:3002[39m
[30 Apr, 2025 - 22:13:11:1311] [34minfo[39m: [34mUser verified successfully[39m
[30 Apr, 2025 - 22:13:11:1311] [34minfo[39m: [34mUser verified successfully[39m
[30 Apr, 2025 - 22:13:11:1311] [34minfo[39m: [34mUser verified successfully[39m
[30 Apr, 2025 - 22:23:03:233] [34minfo[39m: [34mUser verified successfully[39m
[30 Apr, 2025 - 22:23:03:233] [34minfo[39m: [34mUser verified successfully[39m
[30 Apr, 2025 - 22:23:04:234] [34minfo[39m: [34mUser verified successfully[39m
[30 Apr, 2025 - 22:33:42:3342] [34minfo[39m: [34mUser verified successfully[39m
[30 Apr, 2025 - 22:33:42:3342] [34minfo[39m: [34mUser verified successfully[39m
[30 Apr, 2025 - 22:33:42:3342] [34minfo[39m: [34mUser verified successfully[39m
[30 Apr, 2025 - 22:38:44:3844] [34minfo[39m: [34mUser verified successfully[39m
[30 Apr, 2025 - 22:38:44:3844] [34minfo[39m: [34mUser verified successfully[39m
[30 Apr, 2025 - 22:38:45:3845] [34minfo[39m: [34mUser verified successfully[39m
[30 Apr, 2025 - 22:39:03:393] [34minfo[39m: [34mUser verified successfully[39m
[30 Apr, 2025 - 22:39:03:393] [34minfo[39m: [34mUser verified successfully[39m
[30 Apr, 2025 - 22:39:03:393] [34minfo[39m: [34mUser verified successfully[39m
[30 Apr, 2025 - 22:39:41:3941] [34minfo[39m: [34mUser verified successfully[39m
[30 Apr, 2025 - 22:39:41:3941] [34minfo[39m: [34mUser verified successfully[39m
[30 Apr, 2025 - 22:39:41:3941] [34minfo[39m: [34mUser verified successfully[39m
[30 Apr, 2025 - 22:39:42:3942] [34minfo[39m: [34mUser verified successfully[39m
[30 Apr, 2025 - 22:41:21:4121] [34minfo[39m: [34mUser verified successfully[39m
[30 Apr, 2025 - 22:41:21:4121] [34minfo[39m: [34mUser verified successfully[39m
[30 Apr, 2025 - 22:41:21:4121] [34minfo[39m: [34mUser verified successfully[39m
[30 Apr, 2025 - 22:41:21:4121] [34minfo[39m: [34mUser verified successfully[39m
[30 Apr, 2025 - 22:43:47:4347] [34minfo[39m: [34mUser verified successfully[39m
[30 Apr, 2025 - 22:43:47:4347] [34minfo[39m: [34mUser verified successfully[39m
[30 Apr, 2025 - 22:43:47:4347] [34minfo[39m: [34mUser verified successfully[39m
[30 Apr, 2025 - 22:43:47:4347] [34minfo[39m: [34mUser verified successfully[39m
[30 Apr, 2025 - 22:45:24:4524] [34minfo[39m: [34mUser verified successfully[39m
[30 Apr, 2025 - 22:45:24:4524] [34minfo[39m: [34mUser verified successfully[39m
[30 Apr, 2025 - 22:45:24:4524] [34minfo[39m: [34mUser verified successfully[39m
[30 Apr, 2025 - 22:45:24:4524] [34minfo[39m: [34mUser verified successfully[39m
[30 Apr, 2025 - 22:46:31:4631] [34minfo[39m: [34mUser verified successfully[39m
[30 Apr, 2025 - 22:46:31:4631] [34minfo[39m: [34mUser verified successfully[39m
[30 Apr, 2025 - 22:46:31:4631] [34minfo[39m: [34mUser verified successfully[39m
[30 Apr, 2025 - 22:46:32:4632] [34minfo[39m: [34mUser verified successfully[39m
[30 Apr, 2025 - 22:46:54:4654] [34minfo[39m: [34mUser verified successfully[39m
[30 Apr, 2025 - 22:46:54:4654] [34minfo[39m: [34mUser verified successfully[39m
[30 Apr, 2025 - 22:46:54:4654] [34minfo[39m: [34mUser verified successfully[39m
[30 Apr, 2025 - 22:46:54:4654] [34minfo[39m: [34mUser verified successfully[39m
[30 Apr, 2025 - 22:47:49:4749] [34minfo[39m: [34mUser verified successfully[39m
[30 Apr, 2025 - 22:47:49:4749] [34minfo[39m: [34mUser verified successfully[39m
[30 Apr, 2025 - 22:47:49:4749] [34minfo[39m: [34mUser verified successfully[39m
[30 Apr, 2025 - 22:47:50:4750] [34minfo[39m: [34mUser verified successfully[39m
[30 Apr, 2025 - 22:48:27:4827] [34minfo[39m: [34mUser verified successfully[39m
[30 Apr, 2025 - 22:48:27:4827] [34minfo[39m: [34mUser verified successfully[39m
[30 Apr, 2025 - 22:48:27:4827] [34minfo[39m: [34mUser verified successfully[39m
[30 Apr, 2025 - 22:48:27:4827] [34minfo[39m: [34mUser verified successfully[39m
[30 Apr, 2025 - 22:49:41:4941] [34minfo[39m: [34mUser verified successfully[39m
[30 Apr, 2025 - 22:49:41:4941] [34minfo[39m: [34mUser verified successfully[39m
[30 Apr, 2025 - 22:49:41:4941] [34minfo[39m: [34mUser verified successfully[39m
[30 Apr, 2025 - 22:49:41:4941] [34minfo[39m: [34mUser verified successfully[39m
[30 Apr, 2025 - 22:50:05:505] [34minfo[39m: [34mUser verified successfully[39m
[30 Apr, 2025 - 22:50:05:505] [34minfo[39m: [34mUser verified successfully[39m
[30 Apr, 2025 - 22:50:05:505] [34minfo[39m: [34mUser verified successfully[39m
[30 Apr, 2025 - 22:50:05:505] [34minfo[39m: [34mUser verified successfully[39m
[30 Apr, 2025 - 22:54:21:5421] [34minfo[39m: [34mUser verified successfully[39m
[30 Apr, 2025 - 22:54:21:5421] [34minfo[39m: [34mUser verified successfully[39m
[30 Apr, 2025 - 22:54:21:5421] [34minfo[39m: [34mUser verified successfully[39m
[30 Apr, 2025 - 22:54:21:5421] [34minfo[39m: [34mUser verified successfully[39m
[30 Apr, 2025 - 22:56:40:5640] [34minfo[39m: [34mUser verified successfully[39m
[30 Apr, 2025 - 22:56:40:5640] [34minfo[39m: [34mUser verified successfully[39m
[30 Apr, 2025 - 22:56:40:5640] [34minfo[39m: [34mUser verified successfully[39m
[30 Apr, 2025 - 22:56:40:5640] [34minfo[39m: [34mUser verified successfully[39m
[30 Apr, 2025 - 22:57:32:5732] [34minfo[39m: [34mUser verified successfully[39m
[30 Apr, 2025 - 22:57:32:5732] [34minfo[39m: [34mUser verified successfully[39m
[30 Apr, 2025 - 22:57:32:5732] [34minfo[39m: [34mUser verified successfully[39m
[30 Apr, 2025 - 22:57:33:5733] [34minfo[39m: [34mUser verified successfully[39m
[30 Apr, 2025 - 22:57:40:5740] [34minfo[39m: [34mUser verified successfully[39m
[30 Apr, 2025 - 22:57:40:5740] [34minfo[39m: [34mUser verified successfully[39m
[30 Apr, 2025 - 22:57:40:5740] [34minfo[39m: [34mUser verified successfully[39m
[30 Apr, 2025 - 22:57:40:5740] [34minfo[39m: [34mUser verified successfully[39m
[30 Apr, 2025 - 22:58:19:5819] [34minfo[39m: [34mUser verified successfully[39m
[30 Apr, 2025 - 22:58:19:5819] [34minfo[39m: [34mUser verified successfully[39m
[30 Apr, 2025 - 22:58:19:5819] [34minfo[39m: [34mUser verified successfully[39m
[30 Apr, 2025 - 22:58:20:5820] [34minfo[39m: [34mUser verified successfully[39m
[30 Apr, 2025 - 22:58:34:5834] [34minfo[39m: [34mUser verified successfully[39m
[30 Apr, 2025 - 22:58:34:5834] [34minfo[39m: [34mUser verified successfully[39m
[30 Apr, 2025 - 22:58:34:5834] [34minfo[39m: [34mUser verified successfully[39m
[30 Apr, 2025 - 22:58:34:5834] [34minfo[39m: [34mUser verified successfully[39m
[01 May, 2025 - 21:15:30:1530] [34minfo[39m: [34mUser verified successfully[39m
[01 May, 2025 - 21:15:30:1530] [34minfo[39m: [34mUser verified successfully[39m
[01 May, 2025 - 21:15:30:1530] [34minfo[39m: [34mUser verified successfully[39m
[01 May, 2025 - 21:15:31:1531] [34minfo[39m: [34mUser verified successfully[39m
[01 May, 2025 - 21:20:04:204] [34minfo[39m: [34mUser verified successfully[39m
[01 May, 2025 - 21:20:04:204] [34minfo[39m: [34mUser verified successfully[39m
[01 May, 2025 - 21:20:04:204] [34minfo[39m: [34mUser verified successfully[39m
[01 May, 2025 - 21:20:04:204] [34minfo[39m: [34mUser verified successfully[39m
[01 May, 2025 - 21:20:46:2046] [34minfo[39m: [34mUser verified successfully[39m
[01 May, 2025 - 21:20:46:2046] [34minfo[39m: [34mUser verified successfully[39m
[01 May, 2025 - 21:20:46:2046] [34minfo[39m: [34mUser verified successfully[39m
[01 May, 2025 - 21:20:46:2046] [34minfo[39m: [34mUser verified successfully[39m
[01 May, 2025 - 21:22:47:2247] [34minfo[39m: [34mUser verified successfully[39m
[01 May, 2025 - 21:22:47:2247] [34minfo[39m: [34mUser verified successfully[39m
[01 May, 2025 - 21:22:47:2247] [34minfo[39m: [34mUser verified successfully[39m
[01 May, 2025 - 21:22:49:2249] [34minfo[39m: [34mUser verified successfully[39m
[01 May, 2025 - 21:33:11:3311] [34minfo[39m: [34mUser verified successfully[39m
[01 May, 2025 - 21:33:11:3311] [34minfo[39m: [34mUser verified successfully[39m
[01 May, 2025 - 21:33:11:3311] [34minfo[39m: [34mUser verified successfully[39m
[01 May, 2025 - 21:33:12:3312] [34minfo[39m: [34mUser verified successfully[39m
[01 May, 2025 - 21:43:32:4332] [31merror[39m: [31mInvalid token: jwt expired[39m
[01 May, 2025 - 21:43:32:4332] [31merror[39m: [31mInvalid token: jwt expired[39m
[01 May, 2025 - 21:43:32:4332] [31merror[39m: [31mInvalid token: jwt expired[39m
[01 May, 2025 - 21:43:32:4332] [31merror[39m: [31mInvalid token: jwt expired[39m
[01 May, 2025 - 21:43:37:4337] [34minfo[39m: [34mUser logged in successfully[39m
[01 May, 2025 - 21:43:38:4338] [34minfo[39m: [34mUser verified successfully[39m
[01 May, 2025 - 21:43:38:4338] [34minfo[39m: [34mUser verified successfully[39m
[01 May, 2025 - 21:43:39:4339] [34minfo[39m: [34mUser verified successfully[39m
[01 May, 2025 - 21:43:39:4339] [34minfo[39m: [34mUser verified successfully[39m
[01 May, 2025 - 21:43:39:4339] [34minfo[39m: [34mUser verified successfully[39m
[01 May, 2025 - 21:43:39:4339] [34minfo[39m: [34mUser verified successfully[39m
[01 May, 2025 - 21:43:39:4339] [34minfo[39m: [34mUser verified successfully[39m
[01 May, 2025 - 21:43:39:4339] [34minfo[39m: [34mUser verified successfully[39m
[01 May, 2025 - 21:44:02:442] [34minfo[39m: [34mUser verified successfully[39m
[01 May, 2025 - 21:44:02:442] [34minfo[39m: [34mUser verified successfully[39m
[01 May, 2025 - 21:44:02:442] [34minfo[39m: [34mUser verified successfully[39m
[01 May, 2025 - 21:44:02:442] [34minfo[39m: [34mUser verified successfully[39m
[01 May, 2025 - 21:45:55:4555] [34minfo[39m: [34mUser verified successfully[39m
[01 May, 2025 - 21:45:55:4555] [34minfo[39m: [34mUser verified successfully[39m
[01 May, 2025 - 21:45:55:4555] [34minfo[39m: [34mUser verified successfully[39m
[01 May, 2025 - 21:45:56:4556] [34minfo[39m: [34mUser verified successfully[39m
[01 May, 2025 - 22:08:55:855] [34minfo[39m: [34mUser verified successfully[39m
[01 May, 2025 - 22:08:55:855] [34minfo[39m: [34mUser verified successfully[39m
[01 May, 2025 - 22:08:55:855] [34minfo[39m: [34mUser verified successfully[39m
[01 May, 2025 - 22:08:56:856] [34minfo[39m: [34mUser verified successfully[39m
[01 May, 2025 - 22:14:28:1428] [34minfo[39m: [34mUser verified successfully[39m
[01 May, 2025 - 22:14:28:1428] [34minfo[39m: [34mUser verified successfully[39m
[01 May, 2025 - 22:14:28:1428] [34minfo[39m: [34mUser verified successfully[39m
[01 May, 2025 - 22:53:18:5318] [34minfo[39m: [34mUser verified successfully[39m
[01 May, 2025 - 22:53:33:5333] [34minfo[39m: [34mUser verified successfully[39m
[01 May, 2025 - 22:57:14:5714] [34minfo[39m: [34mUser verified successfully[39m
[01 May, 2025 - 22:57:59:5759] [34minfo[39m: [34mUser verified successfully[39m
[01 May, 2025 - 23:01:11:111] [34minfo[39m: [34mUser verified successfully[39m
[01 May, 2025 - 23:01:11:111] [34minfo[39m: [34mUser verified successfully[39m
[01 May, 2025 - 23:01:11:111] [34minfo[39m: [34mUser verified successfully[39m
[01 May, 2025 - 23:01:11:111] [34minfo[39m: [34mUser verified successfully[39m
[01 May, 2025 - 23:01:40:140] [34minfo[39m: [34mUser verified successfully[39m
[01 May, 2025 - 23:01:40:140] [34minfo[39m: [34mUser verified successfully[39m
[01 May, 2025 - 23:01:40:140] [34minfo[39m: [34mUser verified successfully[39m
[01 May, 2025 - 23:01:41:141] [34minfo[39m: [34mUser verified successfully[39m
[01 May, 2025 - 23:03:17:317] [34minfo[39m: [34mUser verified successfully[39m
[01 May, 2025 - 23:03:17:317] [34minfo[39m: [34mUser verified successfully[39m
[01 May, 2025 - 23:03:17:317] [34minfo[39m: [34mUser verified successfully[39m
[01 May, 2025 - 23:03:17:317] [34minfo[39m: [34mUser verified successfully[39m
[01 May, 2025 - 23:03:24:324] [34minfo[39m: [34mUser verified successfully[39m
[01 May, 2025 - 23:35:13:3513] [34minfo[39m: [34mUser verified successfully[39m
[01 May, 2025 - 23:35:13:3513] [34minfo[39m: [34mUser verified successfully[39m
[01 May, 2025 - 23:35:13:3513] [34minfo[39m: [34mUser verified successfully[39m
[01 May, 2025 - 23:35:13:3513] [34minfo[39m: [34mUser verified successfully[39m
[01 May, 2025 - 23:38:03:383] [34minfo[39m: [34mUser verified successfully[39m
[01 May, 2025 - 23:38:03:383] [34minfo[39m: [34mUser verified successfully[39m
[01 May, 2025 - 23:38:03:383] [34minfo[39m: [34mUser verified successfully[39m
[01 May, 2025 - 23:38:04:384] [34minfo[39m: [34mUser verified successfully[39m
[01 May, 2025 - 23:38:07:387] [34minfo[39m: [34mUser verified successfully[39m
[01 May, 2025 - 23:38:07:387] [34minfo[39m: [34mUser verified successfully[39m
[01 May, 2025 - 23:38:07:387] [34minfo[39m: [34mUser verified successfully[39m
[01 May, 2025 - 23:38:07:387] [34minfo[39m: [34mUser verified successfully[39m
[01 May, 2025 - 23:38:10:3810] [34minfo[39m: [34mUser verified successfully[39m
[01 May, 2025 - 23:38:10:3810] [34minfo[39m: [34mUser verified successfully[39m
[01 May, 2025 - 23:38:10:3810] [34minfo[39m: [34mUser verified successfully[39m
[01 May, 2025 - 23:38:10:3810] [34minfo[39m: [34mUser verified successfully[39m
[01 May, 2025 - 23:38:13:3813] [34minfo[39m: [34mUser verified successfully[39m
[01 May, 2025 - 23:38:13:3813] [34minfo[39m: [34mUser verified successfully[39m
[01 May, 2025 - 23:38:13:3813] [34minfo[39m: [34mUser verified successfully[39m
[01 May, 2025 - 23:38:13:3813] [34minfo[39m: [34mUser verified successfully[39m
[01 May, 2025 - 23:39:51:3951] [34minfo[39m: [34mUser verified successfully[39m
[01 May, 2025 - 23:39:51:3951] [34minfo[39m: [34mUser verified successfully[39m
[01 May, 2025 - 23:39:51:3951] [34minfo[39m: [34mUser verified successfully[39m
[01 May, 2025 - 23:39:51:3951] [34minfo[39m: [34mUser verified successfully[39m
[01 May, 2025 - 23:41:00:410] [34minfo[39m: [34mUser verified successfully[39m
[01 May, 2025 - 23:41:00:410] [34minfo[39m: [34mUser verified successfully[39m
[01 May, 2025 - 23:41:00:410] [34minfo[39m: [34mUser verified successfully[39m
[01 May, 2025 - 23:41:00:410] [34minfo[39m: [34mUser verified successfully[39m
[01 May, 2025 - 23:41:00:410] [34minfo[39m: [34mUser verified successfully[39m
[01 May, 2025 - 23:45:08:458] [34minfo[39m: [34mUser verified successfully[39m
[01 May, 2025 - 23:45:08:458] [34minfo[39m: [34mUser verified successfully[39m
[01 May, 2025 - 23:45:08:458] [34minfo[39m: [34mUser verified successfully[39m
[01 May, 2025 - 23:45:08:458] [34minfo[39m: [34mUser verified successfully[39m
[01 May, 2025 - 23:45:08:458] [34minfo[39m: [34mUser verified successfully[39m
[01 May, 2025 - 23:46:11:4611] [34minfo[39m: [34mUser verified successfully[39m
[01 May, 2025 - 23:46:11:4611] [34minfo[39m: [34mUser verified successfully[39m
[01 May, 2025 - 23:46:11:4611] [34minfo[39m: [34mUser verified successfully[39m
[01 May, 2025 - 23:46:11:4611] [34minfo[39m: [34mUser verified successfully[39m
[01 May, 2025 - 23:46:11:4611] [34minfo[39m: [34mUser verified successfully[39m
[01 May, 2025 - 23:48:23:4823] [34minfo[39m: [34mUser verified successfully[39m
[01 May, 2025 - 23:48:23:4823] [34minfo[39m: [34mUser verified successfully[39m
[01 May, 2025 - 23:48:23:4823] [34minfo[39m: [34mUser verified successfully[39m
[01 May, 2025 - 23:48:23:4823] [34minfo[39m: [34mUser verified successfully[39m
[01 May, 2025 - 23:48:24:4824] [34minfo[39m: [34mUser verified successfully[39m
[01 May, 2025 - 23:48:53:4853] [34minfo[39m: [34mUser verified successfully[39m
[01 May, 2025 - 23:48:53:4853] [34minfo[39m: [34mUser verified successfully[39m
[01 May, 2025 - 23:48:53:4853] [34minfo[39m: [34mUser verified successfully[39m
[01 May, 2025 - 23:48:53:4853] [34minfo[39m: [34mUser verified successfully[39m
[01 May, 2025 - 23:48:53:4853] [34minfo[39m: [34mUser verified successfully[39m
[01 May, 2025 - 23:49:05:495] [34minfo[39m: [34mUser verified successfully[39m
[01 May, 2025 - 23:49:05:495] [34minfo[39m: [34mUser verified successfully[39m
[01 May, 2025 - 23:49:05:495] [34minfo[39m: [34mUser verified successfully[39m
[01 May, 2025 - 23:49:05:495] [34minfo[39m: [34mUser verified successfully[39m
[01 May, 2025 - 23:49:05:495] [34minfo[39m: [34mUser verified successfully[39m
[01 May, 2025 - 23:49:14:4914] [34minfo[39m: [34mUser verified successfully[39m
[01 May, 2025 - 23:49:14:4914] [34minfo[39m: [34mUser verified successfully[39m
[01 May, 2025 - 23:49:14:4914] [34minfo[39m: [34mUser verified successfully[39m
[01 May, 2025 - 23:49:14:4914] [34minfo[39m: [34mUser verified successfully[39m
[01 May, 2025 - 23:49:14:4914] [34minfo[39m: [34mUser verified successfully[39m
[01 May, 2025 - 23:49:20:4920] [34minfo[39m: [34mUser verified successfully[39m
[01 May, 2025 - 23:49:20:4920] [34minfo[39m: [34mUser verified successfully[39m
[01 May, 2025 - 23:49:20:4920] [34minfo[39m: [34mUser verified successfully[39m
[01 May, 2025 - 23:49:20:4920] [34minfo[39m: [34mUser verified successfully[39m
[01 May, 2025 - 23:49:20:4920] [34minfo[39m: [34mUser verified successfully[39m
[01 May, 2025 - 23:49:28:4928] [34minfo[39m: [34mUser verified successfully[39m
[01 May, 2025 - 23:49:28:4928] [34minfo[39m: [34mUser verified successfully[39m
[01 May, 2025 - 23:49:28:4928] [34minfo[39m: [34mUser verified successfully[39m
[01 May, 2025 - 23:49:28:4928] [34minfo[39m: [34mUser verified successfully[39m
[01 May, 2025 - 23:49:28:4928] [34minfo[39m: [34mUser verified successfully[39m
[01 May, 2025 - 23:50:05:505] [34minfo[39m: [34mUser verified successfully[39m
[01 May, 2025 - 23:50:05:505] [34minfo[39m: [34mUser verified successfully[39m
[01 May, 2025 - 23:50:05:505] [34minfo[39m: [34mUser verified successfully[39m
[01 May, 2025 - 23:50:05:505] [34minfo[39m: [34mUser verified successfully[39m
[01 May, 2025 - 23:50:05:505] [34minfo[39m: [34mUser verified successfully[39m
[01 May, 2025 - 23:50:52:5052] [34minfo[39m: [34mUser verified successfully[39m
[01 May, 2025 - 23:50:52:5052] [34minfo[39m: [34mUser verified successfully[39m
[01 May, 2025 - 23:50:52:5052] [34minfo[39m: [34mUser verified successfully[39m
[01 May, 2025 - 23:50:52:5052] [34minfo[39m: [34mUser verified successfully[39m
[01 May, 2025 - 23:50:53:5053] [34minfo[39m: [34mUser verified successfully[39m
[01 May, 2025 - 23:51:28:5128] [34minfo[39m: [34mUser verified successfully[39m
[01 May, 2025 - 23:51:28:5128] [34minfo[39m: [34mUser verified successfully[39m
[01 May, 2025 - 23:51:28:5128] [34minfo[39m: [34mUser verified successfully[39m
[01 May, 2025 - 23:51:28:5128] [34minfo[39m: [34mUser verified successfully[39m
[01 May, 2025 - 23:51:28:5128] [34minfo[39m: [34mUser verified successfully[39m
[01 May, 2025 - 23:52:05:525] [34minfo[39m: [34mUser verified successfully[39m
[01 May, 2025 - 23:52:05:525] [34minfo[39m: [34mUser verified successfully[39m
[01 May, 2025 - 23:52:05:525] [34minfo[39m: [34mUser verified successfully[39m
[01 May, 2025 - 23:52:05:525] [34minfo[39m: [34mUser verified successfully[39m
[01 May, 2025 - 23:52:06:526] [34minfo[39m: [34mUser verified successfully[39m
[01 May, 2025 - 23:53:43:5343] [34minfo[39m: [34mUser verified successfully[39m
[01 May, 2025 - 23:53:43:5343] [34minfo[39m: [34mUser verified successfully[39m
[01 May, 2025 - 23:53:43:5343] [34minfo[39m: [34mUser verified successfully[39m
[01 May, 2025 - 23:53:43:5343] [34minfo[39m: [34mUser verified successfully[39m
[01 May, 2025 - 23:53:43:5343] [34minfo[39m: [34mUser verified successfully[39m
[01 May, 2025 - 23:56:27:5627] [34minfo[39m: [34mUser verified successfully[39m
[01 May, 2025 - 23:56:27:5627] [34minfo[39m: [34mUser verified successfully[39m
[01 May, 2025 - 23:56:27:5627] [34minfo[39m: [34mUser verified successfully[39m
[01 May, 2025 - 23:56:27:5627] [34minfo[39m: [34mUser verified successfully[39m
[01 May, 2025 - 23:56:27:5627] [34minfo[39m: [34mUser verified successfully[39m
[01 May, 2025 - 23:57:06:576] [34minfo[39m: [34mUser verified successfully[39m
[01 May, 2025 - 23:57:06:576] [34minfo[39m: [34mUser verified successfully[39m
[01 May, 2025 - 23:57:06:576] [34minfo[39m: [34mUser verified successfully[39m
[01 May, 2025 - 23:57:07:577] [34minfo[39m: [34mUser verified successfully[39m
[01 May, 2025 - 23:57:07:577] [34minfo[39m: [34mUser verified successfully[39m
[01 May, 2025 - 23:58:01:581] [34minfo[39m: [34mUser verified successfully[39m
[01 May, 2025 - 23:58:01:581] [34minfo[39m: [34mUser verified successfully[39m
[01 May, 2025 - 23:58:01:581] [34minfo[39m: [34mUser verified successfully[39m
[01 May, 2025 - 23:58:01:581] [34minfo[39m: [34mUser verified successfully[39m
[01 May, 2025 - 23:58:01:581] [34minfo[39m: [34mUser verified successfully[39m
[01 May, 2025 - 23:58:05:585] [34minfo[39m: [34mUser verified successfully[39m
[01 May, 2025 - 23:58:05:585] [34minfo[39m: [34mUser verified successfully[39m
[01 May, 2025 - 23:58:05:585] [34minfo[39m: [34mUser verified successfully[39m
[01 May, 2025 - 23:58:05:585] [34minfo[39m: [34mUser verified successfully[39m
[01 May, 2025 - 23:58:05:585] [34minfo[39m: [34mUser verified successfully[39m
[01 May, 2025 - 23:58:09:589] [34minfo[39m: [34mUser verified successfully[39m
[01 May, 2025 - 23:58:09:589] [34minfo[39m: [34mUser verified successfully[39m
[01 May, 2025 - 23:58:09:589] [34minfo[39m: [34mUser verified successfully[39m
[01 May, 2025 - 23:58:09:589] [34minfo[39m: [34mUser verified successfully[39m
[01 May, 2025 - 23:58:09:589] [34minfo[39m: [34mUser verified successfully[39m
[01 May, 2025 - 23:58:35:5835] [34minfo[39m: [34mUser verified successfully[39m
[01 May, 2025 - 23:58:35:5835] [34minfo[39m: [34mUser verified successfully[39m
[01 May, 2025 - 23:58:35:5835] [34minfo[39m: [34mUser verified successfully[39m
[01 May, 2025 - 23:58:35:5835] [34minfo[39m: [34mUser verified successfully[39m
[01 May, 2025 - 23:58:35:5835] [34minfo[39m: [34mUser verified successfully[39m
[01 May, 2025 - 23:58:46:5846] [34minfo[39m: [34mUser verified successfully[39m
[01 May, 2025 - 23:58:46:5846] [34minfo[39m: [34mUser verified successfully[39m
[01 May, 2025 - 23:58:46:5846] [34minfo[39m: [34mUser verified successfully[39m
[01 May, 2025 - 23:58:46:5846] [34minfo[39m: [34mUser verified successfully[39m
[01 May, 2025 - 23:58:46:5846] [34minfo[39m: [34mUser verified successfully[39m
[01 May, 2025 - 23:59:21:5921] [34minfo[39m: [34mUser verified successfully[39m
[01 May, 2025 - 23:59:21:5921] [34minfo[39m: [34mUser verified successfully[39m
[01 May, 2025 - 23:59:21:5921] [34minfo[39m: [34mUser verified successfully[39m
[01 May, 2025 - 23:59:21:5921] [34minfo[39m: [34mUser verified successfully[39m
[01 May, 2025 - 23:59:22:5922] [34minfo[39m: [34mUser verified successfully[39m
[02 May, 2025 - 00:00:23:023] [34minfo[39m: [34mUser verified successfully[39m
[02 May, 2025 - 00:00:24:024] [34minfo[39m: [34mUser verified successfully[39m
[02 May, 2025 - 00:00:24:024] [34minfo[39m: [34mUser verified successfully[39m
[02 May, 2025 - 00:00:24:024] [34minfo[39m: [34mUser verified successfully[39m
[02 May, 2025 - 00:00:24:024] [34minfo[39m: [34mUser verified successfully[39m
[02 May, 2025 - 00:00:29:029] [34minfo[39m: [34mUser verified successfully[39m
[02 May, 2025 - 00:00:29:029] [34minfo[39m: [34mUser verified successfully[39m
[02 May, 2025 - 00:00:29:029] [34minfo[39m: [34mUser verified successfully[39m
[02 May, 2025 - 00:00:29:029] [34minfo[39m: [34mUser verified successfully[39m
[02 May, 2025 - 00:00:29:029] [34minfo[39m: [34mUser verified successfully[39m
[02 May, 2025 - 00:00:36:036] [34minfo[39m: [34mUser verified successfully[39m
[02 May, 2025 - 00:00:36:036] [34minfo[39m: [34mUser verified successfully[39m
[02 May, 2025 - 00:00:36:036] [34minfo[39m: [34mUser verified successfully[39m
[02 May, 2025 - 00:00:36:036] [34minfo[39m: [34mUser verified successfully[39m
[02 May, 2025 - 00:00:36:036] [34minfo[39m: [34mUser verified successfully[39m
[02 May, 2025 - 00:01:19:119] [34minfo[39m: [34mUser verified successfully[39m
[02 May, 2025 - 00:01:19:119] [34minfo[39m: [34mUser verified successfully[39m
[02 May, 2025 - 00:01:19:119] [34minfo[39m: [34mUser verified successfully[39m
[02 May, 2025 - 00:01:19:119] [34minfo[39m: [34mUser verified successfully[39m
[02 May, 2025 - 00:01:20:120] [34minfo[39m: [34mUser verified successfully[39m
[02 May, 2025 - 00:01:41:141] [34minfo[39m: [34mUser verified successfully[39m
[02 May, 2025 - 00:01:41:141] [34minfo[39m: [34mUser verified successfully[39m
[02 May, 2025 - 00:01:41:141] [34minfo[39m: [34mUser verified successfully[39m
[02 May, 2025 - 00:01:41:141] [34minfo[39m: [34mUser verified successfully[39m
[02 May, 2025 - 00:01:41:141] [34minfo[39m: [34mUser verified successfully[39m
[02 May, 2025 - 00:01:57:157] [34minfo[39m: [34mUser verified successfully[39m
[02 May, 2025 - 00:01:57:157] [34minfo[39m: [34mUser verified successfully[39m
[02 May, 2025 - 00:01:57:157] [34minfo[39m: [34mUser verified successfully[39m
[02 May, 2025 - 00:01:57:157] [34minfo[39m: [34mUser verified successfully[39m
[02 May, 2025 - 00:01:57:157] [34minfo[39m: [34mUser verified successfully[39m
[02 May, 2025 - 00:02:30:230] [34minfo[39m: [34mUser verified successfully[39m
[02 May, 2025 - 00:02:30:230] [34minfo[39m: [34mUser verified successfully[39m
[02 May, 2025 - 00:02:30:230] [34minfo[39m: [34mUser verified successfully[39m
[02 May, 2025 - 00:02:30:230] [34minfo[39m: [34mUser verified successfully[39m
[02 May, 2025 - 00:02:30:230] [34minfo[39m: [34mUser verified successfully[39m
[02 May, 2025 - 00:04:04:44] [34minfo[39m: [34mUser verified successfully[39m
[02 May, 2025 - 00:04:04:44] [34minfo[39m: [34mUser verified successfully[39m
[02 May, 2025 - 00:04:04:44] [34minfo[39m: [34mUser verified successfully[39m
[02 May, 2025 - 00:04:04:44] [34minfo[39m: [34mUser verified successfully[39m
[02 May, 2025 - 00:04:04:44] [34minfo[39m: [34mUser verified successfully[39m
[02 May, 2025 - 00:04:33:433] [34minfo[39m: [34mUser verified successfully[39m
[02 May, 2025 - 00:04:33:433] [34minfo[39m: [34mUser verified successfully[39m
[02 May, 2025 - 00:04:33:433] [34minfo[39m: [34mUser verified successfully[39m
[02 May, 2025 - 00:04:33:433] [34minfo[39m: [34mUser verified successfully[39m
[02 May, 2025 - 00:04:33:433] [34minfo[39m: [34mUser verified successfully[39m
[02 May, 2025 - 00:04:51:451] [34minfo[39m: [34mUser verified successfully[39m
[02 May, 2025 - 00:04:51:451] [34minfo[39m: [34mUser verified successfully[39m
[02 May, 2025 - 00:04:51:451] [34minfo[39m: [34mUser verified successfully[39m
[02 May, 2025 - 00:04:51:451] [34minfo[39m: [34mUser verified successfully[39m
[02 May, 2025 - 00:04:51:451] [34minfo[39m: [34mUser verified successfully[39m
[02 May, 2025 - 00:07:46:746] [34minfo[39m: [34mUser verified successfully[39m
[02 May, 2025 - 00:07:46:746] [34minfo[39m: [34mUser verified successfully[39m
[02 May, 2025 - 00:07:46:746] [34minfo[39m: [34mUser verified successfully[39m
[02 May, 2025 - 00:07:46:746] [34minfo[39m: [34mUser verified successfully[39m
[02 May, 2025 - 00:07:47:747] [34minfo[39m: [34mUser verified successfully[39m
[02 May, 2025 - 00:07:47:747] [34minfo[39m: [34mUser verified successfully[39m
[02 May, 2025 - 00:07:47:747] [34minfo[39m: [34mUser verified successfully[39m
[02 May, 2025 - 00:07:47:747] [34minfo[39m: [34mUser verified successfully[39m
[02 May, 2025 - 00:07:47:747] [34minfo[39m: [34mUser verified successfully[39m
[02 May, 2025 - 00:07:47:747] [34minfo[39m: [34mUser verified successfully[39m
[02 May, 2025 - 00:09:02:92] [34minfo[39m: [34mUser verified successfully[39m
[02 May, 2025 - 00:09:02:92] [34minfo[39m: [34mUser verified successfully[39m
[02 May, 2025 - 00:09:02:92] [34minfo[39m: [34mUser verified successfully[39m
[02 May, 2025 - 00:09:02:92] [34minfo[39m: [34mUser verified successfully[39m
[02 May, 2025 - 00:09:02:92] [34minfo[39m: [34mUser verified successfully[39m
[02 May, 2025 - 00:10:29:1029] [34minfo[39m: [34mUser verified successfully[39m
[02 May, 2025 - 00:10:29:1029] [34minfo[39m: [34mUser verified successfully[39m
[02 May, 2025 - 00:10:29:1029] [34minfo[39m: [34mUser verified successfully[39m
[02 May, 2025 - 00:10:29:1029] [34minfo[39m: [34mUser verified successfully[39m
[02 May, 2025 - 00:10:29:1029] [34minfo[39m: [34mUser verified successfully[39m
[02 May, 2025 - 00:11:35:1135] [34minfo[39m: [34mUser verified successfully[39m
[02 May, 2025 - 00:11:35:1135] [34minfo[39m: [34mUser verified successfully[39m
[02 May, 2025 - 00:11:35:1135] [34minfo[39m: [34mUser verified successfully[39m
[02 May, 2025 - 00:11:35:1135] [34minfo[39m: [34mUser verified successfully[39m
[02 May, 2025 - 00:11:35:1135] [34minfo[39m: [34mUser verified successfully[39m
[02 May, 2025 - 00:11:35:1135] [34minfo[39m: [34mUser verified successfully[39m
[02 May, 2025 - 00:11:35:1135] [34minfo[39m: [34mUser verified successfully[39m
[02 May, 2025 - 00:11:35:1135] [34minfo[39m: [34mUser verified successfully[39m
[02 May, 2025 - 00:11:35:1135] [34minfo[39m: [34mUser verified successfully[39m
[02 May, 2025 - 00:11:35:1135] [34minfo[39m: [34mUser verified successfully[39m
[02 May, 2025 - 00:12:11:1211] [34minfo[39m: [34mUser verified successfully[39m
[02 May, 2025 - 00:12:11:1211] [34minfo[39m: [34mUser verified successfully[39m
[02 May, 2025 - 00:12:11:1211] [34minfo[39m: [34mUser verified successfully[39m
[02 May, 2025 - 00:12:11:1211] [34minfo[39m: [34mUser verified successfully[39m
[02 May, 2025 - 00:12:12:1212] [34minfo[39m: [34mUser verified successfully[39m
[02 May, 2025 - 00:12:35:1235] [34minfo[39m: [34mUser verified successfully[39m
[02 May, 2025 - 00:12:35:1235] [34minfo[39m: [34mUser verified successfully[39m
[02 May, 2025 - 00:12:35:1235] [34minfo[39m: [34mUser verified successfully[39m
[02 May, 2025 - 00:12:35:1235] [34minfo[39m: [34mUser verified successfully[39m
[02 May, 2025 - 00:12:35:1235] [34minfo[39m: [34mUser verified successfully[39m
[02 May, 2025 - 00:15:29:1529] [34minfo[39m: [34mUser verified successfully[39m
[02 May, 2025 - 00:19:44:1944] [34minfo[39m: [34mUser verified successfully[39m
[02 May, 2025 - 00:19:44:1944] [34minfo[39m: [34mUser verified successfully[39m
[02 May, 2025 - 00:19:44:1944] [34minfo[39m: [34mUser verified successfully[39m
[02 May, 2025 - 00:19:44:1944] [34minfo[39m: [34mUser verified successfully[39m
[02 May, 2025 - 00:19:45:1945] [34minfo[39m: [34mUser verified successfully[39m
[02 May, 2025 - 00:19:47:1947] [34minfo[39m: [34mUser verified successfully[39m
[02 May, 2025 - 00:19:47:1947] [34minfo[39m: [34mUser verified successfully[39m
[02 May, 2025 - 00:19:47:1947] [34minfo[39m: [34mUser verified successfully[39m
[02 May, 2025 - 00:19:47:1947] [34minfo[39m: [34mUser verified successfully[39m
[02 May, 2025 - 00:19:47:1947] [34minfo[39m: [34mUser verified successfully[39m
[02 May, 2025 - 00:19:58:1958] [34minfo[39m: [34mUser verified successfully[39m
[02 May, 2025 - 00:19:58:1958] [34minfo[39m: [34mUser verified successfully[39m
[02 May, 2025 - 00:19:58:1958] [34minfo[39m: [34mUser verified successfully[39m
[02 May, 2025 - 00:19:58:1958] [34minfo[39m: [34mUser verified successfully[39m
[02 May, 2025 - 00:19:58:1958] [34minfo[39m: [34mUser verified successfully[39m
[02 May, 2025 - 00:20:06:206] [34minfo[39m: [34mUser verified successfully[39m
[02 May, 2025 - 00:20:31:2031] [34minfo[39m: [34mUser verified successfully[39m
[02 May, 2025 - 00:20:31:2031] [34minfo[39m: [34mUser verified successfully[39m
[02 May, 2025 - 00:20:31:2031] [34minfo[39m: [34mUser verified successfully[39m
[02 May, 2025 - 00:20:31:2031] [34minfo[39m: [34mUser verified successfully[39m
[02 May, 2025 - 00:20:31:2031] [34minfo[39m: [34mUser verified successfully[39m
[02 May, 2025 - 00:20:37:2037] [34minfo[39m: [34mUser verified successfully[39m
[02 May, 2025 - 00:24:22:2422] [34minfo[39m: [34mUser verified successfully[39m
[02 May, 2025 - 00:24:22:2422] [34minfo[39m: [34mUser verified successfully[39m
[02 May, 2025 - 00:24:22:2422] [34minfo[39m: [34mUser verified successfully[39m
[02 May, 2025 - 00:24:22:2422] [34minfo[39m: [34mUser verified successfully[39m
[02 May, 2025 - 00:24:23:2423] [34minfo[39m: [34mUser verified successfully[39m
[02 May, 2025 - 00:24:34:2434] [34minfo[39m: [34mUser verified successfully[39m
[02 May, 2025 - 00:24:34:2434] [34minfo[39m: [34mUser verified successfully[39m
[02 May, 2025 - 00:24:34:2434] [34minfo[39m: [34mUser verified successfully[39m
[02 May, 2025 - 00:24:34:2434] [34minfo[39m: [34mUser verified successfully[39m
[02 May, 2025 - 00:24:34:2434] [34minfo[39m: [34mUser verified successfully[39m
[02 May, 2025 - 00:24:56:2456] [34minfo[39m: [34mUser verified successfully[39m
[02 May, 2025 - 00:24:56:2456] [34minfo[39m: [34mUser verified successfully[39m
[02 May, 2025 - 00:24:56:2456] [34minfo[39m: [34mUser verified successfully[39m
[02 May, 2025 - 00:28:00:280] [34minfo[39m: [34mUser verified successfully[39m
[02 May, 2025 - 00:28:01:281] [34minfo[39m: [34mUser verified successfully[39m
[02 May, 2025 - 00:28:01:281] [34minfo[39m: [34mUser verified successfully[39m
[02 May, 2025 - 00:28:01:281] [34minfo[39m: [34mUser verified successfully[39m
[02 May, 2025 - 00:28:01:281] [34minfo[39m: [34mUser verified successfully[39m
[02 May, 2025 - 00:28:15:2815] [34minfo[39m: [34mUser verified successfully[39m
[02 May, 2025 - 00:28:15:2815] [34minfo[39m: [34mUser verified successfully[39m
[02 May, 2025 - 00:28:15:2815] [34minfo[39m: [34mUser verified successfully[39m
[02 May, 2025 - 00:28:22:2822] [34minfo[39m: [34mUser verified successfully[39m
[02 May, 2025 - 00:28:22:2822] [34minfo[39m: [34mUser verified successfully[39m
[02 May, 2025 - 00:28:22:2822] [34minfo[39m: [34mUser verified successfully[39m
[02 May, 2025 - 00:28:22:2822] [34minfo[39m: [34mUser verified successfully[39m
[02 May, 2025 - 00:28:22:2822] [34minfo[39m: [34mUser verified successfully[39m
[02 May, 2025 - 00:34:17:3417] [34minfo[39m: [34mUser verified successfully[39m
[02 May, 2025 - 00:34:18:3418] [34minfo[39m: [34mUser verified successfully[39m
[02 May, 2025 - 00:34:18:3418] [34minfo[39m: [34mUser verified successfully[39m
[02 May, 2025 - 00:34:18:3418] [34minfo[39m: [34mUser verified successfully[39m
[02 May, 2025 - 00:34:18:3418] [34minfo[39m: [34mUser verified successfully[39m
[02 May, 2025 - 00:34:26:3426] [34minfo[39m: [34mUser verified successfully[39m
[02 May, 2025 - 00:34:26:3426] [34minfo[39m: [34mUser verified successfully[39m
[02 May, 2025 - 00:34:26:3426] [34minfo[39m: [34mUser verified successfully[39m
[02 May, 2025 - 00:34:33:3433] [34minfo[39m: [34mUser verified successfully[39m
[02 May, 2025 - 00:34:33:3433] [34minfo[39m: [34mUser verified successfully[39m
[02 May, 2025 - 00:34:33:3433] [34minfo[39m: [34mUser verified successfully[39m
[02 May, 2025 - 00:34:33:3433] [34minfo[39m: [34mUser verified successfully[39m
[02 May, 2025 - 00:34:33:3433] [34minfo[39m: [34mUser verified successfully[39m
[02 May, 2025 - 00:36:33:3633] [34minfo[39m: [34mUser verified successfully[39m
[02 May, 2025 - 00:36:33:3633] [34minfo[39m: [34mUser verified successfully[39m
[02 May, 2025 - 00:36:33:3633] [34minfo[39m: [34mUser verified successfully[39m
[02 May, 2025 - 00:36:33:3633] [34minfo[39m: [34mUser verified successfully[39m
[02 May, 2025 - 00:36:33:3633] [34minfo[39m: [34mUser verified successfully[39m
[02 May, 2025 - 00:36:41:3641] [34minfo[39m: [34mUser verified successfully[39m
[02 May, 2025 - 00:36:41:3641] [34minfo[39m: [34mUser verified successfully[39m
[02 May, 2025 - 00:36:41:3641] [34minfo[39m: [34mUser verified successfully[39m
[02 May, 2025 - 00:36:41:3641] [34minfo[39m: [34mUser verified successfully[39m
[02 May, 2025 - 00:36:41:3641] [34minfo[39m: [34mUser verified successfully[39m
[02 May, 2025 - 00:36:49:3649] [34minfo[39m: [34mUser verified successfully[39m
[02 May, 2025 - 00:36:49:3649] [34minfo[39m: [34mUser verified successfully[39m
[02 May, 2025 - 00:36:49:3649] [34minfo[39m: [34mUser verified successfully[39m
[02 May, 2025 - 00:38:05:385] [34minfo[39m: [34mUser verified successfully[39m
[02 May, 2025 - 00:38:05:385] [34minfo[39m: [34mUser verified successfully[39m
[02 May, 2025 - 00:38:05:385] [34minfo[39m: [34mUser verified successfully[39m
[02 May, 2025 - 00:38:05:385] [34minfo[39m: [34mUser verified successfully[39m
[02 May, 2025 - 00:38:06:386] [34minfo[39m: [34mUser verified successfully[39m
[02 May, 2025 - 00:38:10:3810] [34minfo[39m: [34mUser verified successfully[39m
[02 May, 2025 - 00:38:10:3810] [34minfo[39m: [34mUser verified successfully[39m
[02 May, 2025 - 00:38:10:3810] [34minfo[39m: [34mUser verified successfully[39m
[02 May, 2025 - 22:14:58:1458] [31merror[39m: [31mInvalid token: jwt expired[39m
[02 May, 2025 - 22:14:58:1458] [31merror[39m: [31mInvalid token: jwt expired[39m
[02 May, 2025 - 22:14:58:1458] [31merror[39m: [31mInvalid token: jwt expired[39m
[02 May, 2025 - 22:14:58:1458] [31merror[39m: [31mInvalid token: jwt expired[39m
[02 May, 2025 - 22:14:58:1458] [31merror[39m: [31mInvalid token: jwt expired[39m
[02 May, 2025 - 22:16:45:1645] [34minfo[39m: [34mUser logged in successfully[39m
[02 May, 2025 - 22:16:46:1646] [34minfo[39m: [34mUser verified successfully[39m
[02 May, 2025 - 22:16:46:1646] [34minfo[39m: [34mUser verified successfully[39m
[02 May, 2025 - 22:16:46:1646] [34minfo[39m: [34mUser verified successfully[39m
[02 May, 2025 - 22:16:46:1646] [34minfo[39m: [34mUser verified successfully[39m
[02 May, 2025 - 22:16:46:1646] [34minfo[39m: [34mUser verified successfully[39m
[02 May, 2025 - 22:16:46:1646] [34minfo[39m: [34mUser verified successfully[39m
[02 May, 2025 - 22:16:46:1646] [34minfo[39m: [34mUser verified successfully[39m
[02 May, 2025 - 22:16:46:1646] [34minfo[39m: [34mUser verified successfully[39m
[02 May, 2025 - 22:16:46:1646] [34minfo[39m: [34mUser verified successfully[39m
[02 May, 2025 - 22:16:46:1646] [34minfo[39m: [34mUser verified successfully[39m
[02 May, 2025 - 22:18:00:180] [34minfo[39m: [34mUser verified successfully[39m
[02 May, 2025 - 22:18:01:181] [34minfo[39m: [34mUser verified successfully[39m
[02 May, 2025 - 22:18:01:181] [34minfo[39m: [34mUser verified successfully[39m
[02 May, 2025 - 22:18:01:181] [34minfo[39m: [34mUser verified successfully[39m
[02 May, 2025 - 22:18:01:181] [34minfo[39m: [34mUser verified successfully[39m
[02 May, 2025 - 22:19:42:1942] [34minfo[39m: [34mUser verified successfully[39m
[02 May, 2025 - 22:19:42:1942] [34minfo[39m: [34mUser verified successfully[39m
[02 May, 2025 - 22:19:42:1942] [34minfo[39m: [34mUser verified successfully[39m
[02 May, 2025 - 22:28:37:2837] [34minfo[39m: [34mUser verified successfully[39m
[02 May, 2025 - 22:28:37:2837] [34minfo[39m: [34mUser verified successfully[39m
[02 May, 2025 - 22:28:37:2837] [34minfo[39m: [34mUser verified successfully[39m
[02 May, 2025 - 22:28:37:2837] [34minfo[39m: [34mUser verified successfully[39m
[02 May, 2025 - 22:28:37:2837] [34minfo[39m: [34mUser verified successfully[39m
[02 May, 2025 - 22:28:43:2843] [34minfo[39m: [34mUser verified successfully[39m
[02 May, 2025 - 22:28:43:2843] [34minfo[39m: [34mUser verified successfully[39m
[02 May, 2025 - 22:28:43:2843] [34minfo[39m: [34mUser verified successfully[39m
[02 May, 2025 - 22:28:50:2850] [34minfo[39m: [34mUser verified successfully[39m
[02 May, 2025 - 22:28:50:2850] [34minfo[39m: [34mUser verified successfully[39m
[02 May, 2025 - 22:28:50:2850] [34minfo[39m: [34mUser verified successfully[39m
[02 May, 2025 - 22:28:50:2850] [34minfo[39m: [34mUser verified successfully[39m
[02 May, 2025 - 22:28:50:2850] [34minfo[39m: [34mUser verified successfully[39m
[02 May, 2025 - 22:30:29:3029] [34minfo[39m: [34mUser verified successfully[39m
[02 May, 2025 - 22:30:29:3029] [34minfo[39m: [34mUser verified successfully[39m
[02 May, 2025 - 22:30:29:3029] [34minfo[39m: [34mUser verified successfully[39m
[02 May, 2025 - 22:30:29:3029] [34minfo[39m: [34mUser verified successfully[39m
[02 May, 2025 - 22:30:29:3029] [34minfo[39m: [34mUser verified successfully[39m
[02 May, 2025 - 22:37:43:3743] [34minfo[39m: [34mUser verified successfully[39m
[02 May, 2025 - 22:37:43:3743] [34minfo[39m: [34mUser verified successfully[39m
[02 May, 2025 - 22:37:43:3743] [34minfo[39m: [34mUser verified successfully[39m
[02 May, 2025 - 22:37:43:3743] [34minfo[39m: [34mUser verified successfully[39m
[02 May, 2025 - 22:37:43:3743] [34minfo[39m: [34mUser verified successfully[39m
[02 May, 2025 - 22:37:54:3754] [34minfo[39m: [34mUser verified successfully[39m
[02 May, 2025 - 22:37:55:3755] [34minfo[39m: [34mUser verified successfully[39m
[02 May, 2025 - 22:37:55:3755] [34minfo[39m: [34mUser verified successfully[39m
[02 May, 2025 - 22:37:55:3755] [34minfo[39m: [34mUser verified successfully[39m
[02 May, 2025 - 22:37:55:3755] [34minfo[39m: [34mUser verified successfully[39m
[02 May, 2025 - 22:38:04:384] [34minfo[39m: [34mUser verified successfully[39m
[02 May, 2025 - 22:38:04:384] [34minfo[39m: [34mUser verified successfully[39m
[02 May, 2025 - 22:38:04:384] [34minfo[39m: [34mUser verified successfully[39m
[02 May, 2025 - 22:39:39:3939] [34minfo[39m: [34mUser verified successfully[39m
[02 May, 2025 - 22:39:39:3939] [34minfo[39m: [34mUser verified successfully[39m
[02 May, 2025 - 22:39:39:3939] [34minfo[39m: [34mUser verified successfully[39m
[02 May, 2025 - 22:39:39:3939] [34minfo[39m: [34mUser verified successfully[39m
[02 May, 2025 - 22:39:39:3939] [34minfo[39m: [34mUser verified successfully[39m
[02 May, 2025 - 23:01:34:134] [34minfo[39m: [34mUser verified successfully[39m
[02 May, 2025 - 23:01:34:134] [34minfo[39m: [34mUser verified successfully[39m
[02 May, 2025 - 23:01:34:134] [34minfo[39m: [34mUser verified successfully[39m
[02 May, 2025 - 23:01:34:134] [34minfo[39m: [34mUser verified successfully[39m
[02 May, 2025 - 23:01:34:134] [34minfo[39m: [34mUser verified successfully[39m
[02 May, 2025 - 23:03:09:39] [34minfo[39m: [34mUser verified successfully[39m
[02 May, 2025 - 23:03:09:39] [34minfo[39m: [34mUser verified successfully[39m
[02 May, 2025 - 23:03:09:39] [34minfo[39m: [34mUser verified successfully[39m
[02 May, 2025 - 23:03:09:39] [34minfo[39m: [34mUser verified successfully[39m
[02 May, 2025 - 23:03:10:310] [34minfo[39m: [34mUser verified successfully[39m
[02 May, 2025 - 23:04:33:433] [34minfo[39m: [34mUser verified successfully[39m
[02 May, 2025 - 23:04:33:433] [34minfo[39m: [34mUser verified successfully[39m
[02 May, 2025 - 23:04:33:433] [34minfo[39m: [34mUser verified successfully[39m
[02 May, 2025 - 23:04:33:433] [34minfo[39m: [34mUser verified successfully[39m
[02 May, 2025 - 23:04:33:433] [34minfo[39m: [34mUser verified successfully[39m
[02 May, 2025 - 23:05:42:542] [34minfo[39m: [34mUser verified successfully[39m
[02 May, 2025 - 23:05:42:542] [34minfo[39m: [34mUser verified successfully[39m
[02 May, 2025 - 23:05:42:542] [34minfo[39m: [34mUser verified successfully[39m
[02 May, 2025 - 23:05:42:542] [34minfo[39m: [34mUser verified successfully[39m
[02 May, 2025 - 23:05:43:543] [34minfo[39m: [34mUser verified successfully[39m
[02 May, 2025 - 23:07:23:723] [34minfo[39m: [34mUser verified successfully[39m
[02 May, 2025 - 23:07:23:723] [34minfo[39m: [34mUser verified successfully[39m
[02 May, 2025 - 23:07:23:723] [34minfo[39m: [34mUser verified successfully[39m
[02 May, 2025 - 23:07:23:723] [34minfo[39m: [34mUser verified successfully[39m
[02 May, 2025 - 23:07:23:723] [34minfo[39m: [34mUser verified successfully[39m
[02 May, 2025 - 23:08:02:82] [34minfo[39m: [34mUser verified successfully[39m
[02 May, 2025 - 23:08:02:82] [34minfo[39m: [34mUser verified successfully[39m
[02 May, 2025 - 23:08:02:82] [34minfo[39m: [34mUser verified successfully[39m
[02 May, 2025 - 23:08:02:82] [34minfo[39m: [34mUser verified successfully[39m
[02 May, 2025 - 23:08:02:82] [34minfo[39m: [34mUser verified successfully[39m
[02 May, 2025 - 23:08:36:836] [34minfo[39m: [34mUser verified successfully[39m
[02 May, 2025 - 23:08:36:836] [34minfo[39m: [34mUser verified successfully[39m
[02 May, 2025 - 23:08:36:836] [34minfo[39m: [34mUser verified successfully[39m
[02 May, 2025 - 23:08:36:836] [34minfo[39m: [34mUser verified successfully[39m
[02 May, 2025 - 23:08:36:836] [34minfo[39m: [34mUser verified successfully[39m
[02 May, 2025 - 23:09:25:925] [34minfo[39m: [34mUser verified successfully[39m
[02 May, 2025 - 23:09:25:925] [34minfo[39m: [34mUser verified successfully[39m
[02 May, 2025 - 23:09:25:925] [34minfo[39m: [34mUser verified successfully[39m
[02 May, 2025 - 23:09:25:925] [34minfo[39m: [34mUser verified successfully[39m
[02 May, 2025 - 23:09:26:926] [34minfo[39m: [34mUser verified successfully[39m
[03 May, 2025 - 21:45:39:4539] [34minfo[39m: [34mUser verified successfully[39m
[03 May, 2025 - 21:45:39:4539] [34minfo[39m: [34mUser verified successfully[39m
[03 May, 2025 - 21:45:39:4539] [34minfo[39m: [34mUser verified successfully[39m
[03 May, 2025 - 21:45:39:4539] [34minfo[39m: [34mUser verified successfully[39m
[03 May, 2025 - 21:45:39:4539] [34minfo[39m: [34mUser verified successfully[39m
[03 May, 2025 - 21:47:30:4730] [34minfo[39m: [34mUser verified successfully[39m
[03 May, 2025 - 21:47:30:4730] [34minfo[39m: [34mUser verified successfully[39m
[03 May, 2025 - 21:47:30:4730] [34minfo[39m: [34mUser verified successfully[39m
[03 May, 2025 - 21:47:30:4730] [34minfo[39m: [34mUser verified successfully[39m
[03 May, 2025 - 21:47:30:4730] [34minfo[39m: [34mUser verified successfully[39m
[03 May, 2025 - 21:49:27:4927] [34minfo[39m: [34mUser verified successfully[39m
[03 May, 2025 - 21:49:27:4927] [34minfo[39m: [34mUser verified successfully[39m
[03 May, 2025 - 21:49:27:4927] [34minfo[39m: [34mUser verified successfully[39m
[03 May, 2025 - 21:49:27:4927] [34minfo[39m: [34mUser verified successfully[39m
[03 May, 2025 - 21:49:27:4927] [34minfo[39m: [34mUser verified successfully[39m
[03 May, 2025 - 21:52:46:5246] [34minfo[39m: [34mUser verified successfully[39m
[03 May, 2025 - 21:52:46:5246] [34minfo[39m: [34mUser verified successfully[39m
[03 May, 2025 - 21:52:46:5246] [34minfo[39m: [34mUser verified successfully[39m
[03 May, 2025 - 21:52:46:5246] [34minfo[39m: [34mUser verified successfully[39m
[03 May, 2025 - 21:52:46:5246] [34minfo[39m: [34mUser verified successfully[39m
[03 May, 2025 - 21:53:30:5330] [34minfo[39m: [34mUser verified successfully[39m
[03 May, 2025 - 21:53:30:5330] [34minfo[39m: [34mUser verified successfully[39m
[03 May, 2025 - 21:53:30:5330] [34minfo[39m: [34mUser verified successfully[39m
[03 May, 2025 - 21:53:30:5330] [34minfo[39m: [34mUser verified successfully[39m
[03 May, 2025 - 21:53:31:5331] [34minfo[39m: [34mUser verified successfully[39m
[03 May, 2025 - 21:54:23:5423] [34minfo[39m: [34mUser verified successfully[39m
[03 May, 2025 - 21:54:23:5423] [34minfo[39m: [34mUser verified successfully[39m
[03 May, 2025 - 21:54:23:5423] [34minfo[39m: [34mUser verified successfully[39m
[03 May, 2025 - 21:54:23:5423] [34minfo[39m: [34mUser verified successfully[39m
[03 May, 2025 - 21:54:23:5423] [34minfo[39m: [34mUser verified successfully[39m
[03 May, 2025 - 21:57:44:5744] [34minfo[39m: [34mUser verified successfully[39m
[03 May, 2025 - 21:57:44:5744] [34minfo[39m: [34mUser verified successfully[39m
[03 May, 2025 - 21:57:44:5744] [34minfo[39m: [34mUser verified successfully[39m
[03 May, 2025 - 21:57:44:5744] [34minfo[39m: [34mUser verified successfully[39m
[03 May, 2025 - 21:57:44:5744] [34minfo[39m: [34mUser verified successfully[39m
[03 May, 2025 - 22:01:20:120] [34minfo[39m: [34mUser verified successfully[39m
[03 May, 2025 - 22:01:20:120] [34minfo[39m: [34mUser verified successfully[39m
[03 May, 2025 - 22:01:21:121] [34minfo[39m: [34mUser verified successfully[39m
[03 May, 2025 - 22:01:21:121] [34minfo[39m: [34mUser verified successfully[39m
[03 May, 2025 - 22:01:21:121] [34minfo[39m: [34mUser verified successfully[39m
[03 May, 2025 - 22:01:21:121] [34minfo[39m: [34mUser verified successfully[39m
[03 May, 2025 - 22:01:25:125] [34minfo[39m: [34mUser verified successfully[39m
[03 May, 2025 - 22:01:25:125] [34minfo[39m: [34mUser verified successfully[39m
[03 May, 2025 - 22:01:25:125] [34minfo[39m: [34mUser verified successfully[39m
[03 May, 2025 - 22:01:25:125] [34minfo[39m: [34mUser verified successfully[39m
[03 May, 2025 - 22:01:25:125] [34minfo[39m: [34mUser verified successfully[39m
[03 May, 2025 - 22:01:25:125] [34minfo[39m: [34mUser verified successfully[39m
[03 May, 2025 - 22:01:25:125] [34minfo[39m: [34mUser verified successfully[39m
[03 May, 2025 - 22:01:25:125] [34minfo[39m: [34mUser verified successfully[39m
[03 May, 2025 - 22:01:25:125] [34minfo[39m: [34mUser verified successfully[39m
[03 May, 2025 - 22:01:25:125] [34minfo[39m: [34mUser verified successfully[39m
[03 May, 2025 - 22:25:48:2548] [31merror[39m: [31mInvalid token: jwt expired[39m
[03 May, 2025 - 22:25:48:2548] [31merror[39m: [31mInvalid token: jwt expired[39m
[03 May, 2025 - 22:25:48:2548] [31merror[39m: [31mInvalid token: jwt expired[39m
[03 May, 2025 - 22:25:48:2548] [31merror[39m: [31mInvalid token: jwt expired[39m
[03 May, 2025 - 22:25:48:2548] [31merror[39m: [31mInvalid token: jwt expired[39m
[03 May, 2025 - 22:25:56:2556] [34minfo[39m: [34mUser logged in successfully[39m
[03 May, 2025 - 22:25:58:2558] [34minfo[39m: [34mUser verified successfully[39m
[03 May, 2025 - 22:25:58:2558] [34minfo[39m: [34mUser verified successfully[39m
[03 May, 2025 - 22:25:58:2558] [34minfo[39m: [34mUser verified successfully[39m
[03 May, 2025 - 22:25:58:2558] [34minfo[39m: [34mUser verified successfully[39m
[03 May, 2025 - 22:25:59:2559] [34minfo[39m: [34mUser verified successfully[39m
[03 May, 2025 - 22:25:59:2559] [34minfo[39m: [34mUser verified successfully[39m
[03 May, 2025 - 22:25:59:2559] [34minfo[39m: [34mUser verified successfully[39m
[03 May, 2025 - 22:25:59:2559] [34minfo[39m: [34mUser verified successfully[39m
[03 May, 2025 - 22:25:59:2559] [34minfo[39m: [34mUser verified successfully[39m
[03 May, 2025 - 22:25:59:2559] [34minfo[39m: [34mUser verified successfully[39m
[03 May, 2025 - 22:27:02:272] [34minfo[39m: [34mUser verified successfully[39m
[03 May, 2025 - 22:27:02:272] [34minfo[39m: [34mUser verified successfully[39m
[03 May, 2025 - 22:27:02:272] [34minfo[39m: [34mUser verified successfully[39m
[03 May, 2025 - 22:27:02:272] [34minfo[39m: [34mUser verified successfully[39m
[03 May, 2025 - 22:27:02:272] [34minfo[39m: [34mUser verified successfully[39m
[03 May, 2025 - 22:27:22:2722] [34minfo[39m: [34mUser verified successfully[39m
[03 May, 2025 - 22:27:22:2722] [34minfo[39m: [34mUser verified successfully[39m
[03 May, 2025 - 22:27:22:2722] [34minfo[39m: [34mUser verified successfully[39m
[03 May, 2025 - 22:27:22:2722] [34minfo[39m: [34mUser verified successfully[39m
[03 May, 2025 - 22:27:22:2722] [34minfo[39m: [34mUser verified successfully[39m
[03 May, 2025 - 22:33:52:3352] [34minfo[39m: [34mUser verified successfully[39m
[03 May, 2025 - 22:33:52:3352] [34minfo[39m: [34mUser verified successfully[39m
[03 May, 2025 - 22:33:52:3352] [34minfo[39m: [34mUser verified successfully[39m
[03 May, 2025 - 22:33:52:3352] [34minfo[39m: [34mUser verified successfully[39m
[03 May, 2025 - 22:33:53:3353] [34minfo[39m: [34mUser verified successfully[39m
[03 May, 2025 - 22:38:36:3836] [34minfo[39m: [34mUser verified successfully[39m
[03 May, 2025 - 22:38:36:3836] [34minfo[39m: [34mUser verified successfully[39m
[03 May, 2025 - 22:38:36:3836] [34minfo[39m: [34mUser verified successfully[39m
[03 May, 2025 - 22:38:36:3836] [34minfo[39m: [34mUser verified successfully[39m
[03 May, 2025 - 22:38:36:3836] [34minfo[39m: [34mUser verified successfully[39m
[03 May, 2025 - 22:40:19:4019] [34minfo[39m: [34mUser verified successfully[39m
[03 May, 2025 - 22:40:20:4020] [34minfo[39m: [34mUser verified successfully[39m
[03 May, 2025 - 22:40:20:4020] [34minfo[39m: [34mUser verified successfully[39m
[03 May, 2025 - 22:40:20:4020] [34minfo[39m: [34mUser verified successfully[39m
[03 May, 2025 - 22:40:20:4020] [34minfo[39m: [34mUser verified successfully[39m
[03 May, 2025 - 22:43:10:4310] [34minfo[39m: [34mUser verified successfully[39m
[03 May, 2025 - 22:43:10:4310] [34minfo[39m: [34mUser verified successfully[39m
[03 May, 2025 - 22:43:10:4310] [34minfo[39m: [34mUser verified successfully[39m
[03 May, 2025 - 22:43:10:4310] [34minfo[39m: [34mUser verified successfully[39m
[03 May, 2025 - 22:43:11:4311] [34minfo[39m: [34mUser verified successfully[39m
[04 May, 2025 - 11:38:04:384] [34minfo[39m: [34mUser verified successfully[39m
[04 May, 2025 - 11:38:04:384] [34minfo[39m: [34mUser verified successfully[39m
[04 May, 2025 - 11:38:04:384] [34minfo[39m: [34mUser verified successfully[39m
[04 May, 2025 - 11:39:13:3913] [34minfo[39m: [34mUser verified successfully[39m
[04 May, 2025 - 11:39:13:3913] [34minfo[39m: [34mUser verified successfully[39m
[04 May, 2025 - 11:39:13:3913] [34minfo[39m: [34mUser verified successfully[39m
[04 May, 2025 - 11:39:13:3913] [34minfo[39m: [34mUser verified successfully[39m
[04 May, 2025 - 11:39:13:3913] [34minfo[39m: [34mUser verified successfully[39m
[04 May, 2025 - 11:41:24:4124] [34minfo[39m: [34mUser verified successfully[39m
[04 May, 2025 - 11:41:24:4124] [34minfo[39m: [34mUser verified successfully[39m
[04 May, 2025 - 11:41:24:4124] [34minfo[39m: [34mUser verified successfully[39m
[04 May, 2025 - 11:41:24:4124] [34minfo[39m: [34mUser verified successfully[39m
[04 May, 2025 - 11:41:24:4124] [34minfo[39m: [34mUser verified successfully[39m
[04 May, 2025 - 11:42:45:4245] [34minfo[39m: [34mUser verified successfully[39m
[04 May, 2025 - 11:42:45:4245] [34minfo[39m: [34mUser verified successfully[39m
[04 May, 2025 - 11:42:45:4245] [34minfo[39m: [34mUser verified successfully[39m
[04 May, 2025 - 11:42:45:4245] [34minfo[39m: [34mUser verified successfully[39m
[04 May, 2025 - 11:42:45:4245] [34minfo[39m: [34mUser verified successfully[39m
[04 May, 2025 - 11:42:58:4258] [34minfo[39m: [34mUser verified successfully[39m
[04 May, 2025 - 11:42:58:4258] [34minfo[39m: [34mUser verified successfully[39m
[04 May, 2025 - 11:42:58:4258] [34minfo[39m: [34mUser verified successfully[39m
[04 May, 2025 - 11:42:58:4258] [34minfo[39m: [34mUser verified successfully[39m
[04 May, 2025 - 11:42:58:4258] [34minfo[39m: [34mUser verified successfully[39m
[04 May, 2025 - 11:44:59:4459] [34minfo[39m: [34mUser verified successfully[39m
[04 May, 2025 - 11:44:59:4459] [34minfo[39m: [34mUser verified successfully[39m
[04 May, 2025 - 11:44:59:4459] [34minfo[39m: [34mUser verified successfully[39m
[04 May, 2025 - 11:44:59:4459] [34minfo[39m: [34mUser verified successfully[39m
[04 May, 2025 - 11:44:59:4459] [34minfo[39m: [34mUser verified successfully[39m
[04 May, 2025 - 11:45:06:456] [34minfo[39m: [34mUser verified successfully[39m
[04 May, 2025 - 11:45:06:456] [34minfo[39m: [34mUser verified successfully[39m
[04 May, 2025 - 11:45:06:456] [34minfo[39m: [34mUser verified successfully[39m
[04 May, 2025 - 11:45:06:456] [34minfo[39m: [34mUser verified successfully[39m
[04 May, 2025 - 11:45:06:456] [34minfo[39m: [34mUser verified successfully[39m
[04 May, 2025 - 11:45:11:4511] [34minfo[39m: [34mUser verified successfully[39m
[04 May, 2025 - 11:45:11:4511] [34minfo[39m: [34mUser verified successfully[39m
[04 May, 2025 - 11:45:11:4511] [34minfo[39m: [34mUser verified successfully[39m
[04 May, 2025 - 11:45:11:4511] [34minfo[39m: [34mUser verified successfully[39m
[04 May, 2025 - 11:45:11:4511] [34minfo[39m: [34mUser verified successfully[39m
[04 May, 2025 - 11:45:11:4511] [34minfo[39m: [34mUser verified successfully[39m
[04 May, 2025 - 11:45:14:4514] [34minfo[39m: [34mUser verified successfully[39m
[04 May, 2025 - 11:45:14:4514] [34minfo[39m: [34mUser verified successfully[39m
[04 May, 2025 - 11:45:14:4514] [34minfo[39m: [34mUser verified successfully[39m
[04 May, 2025 - 11:45:14:4514] [34minfo[39m: [34mUser verified successfully[39m
[04 May, 2025 - 11:45:14:4514] [34minfo[39m: [34mUser verified successfully[39m
[04 May, 2025 - 11:45:14:4514] [34minfo[39m: [34mUser verified successfully[39m
[04 May, 2025 - 11:45:14:4514] [34minfo[39m: [34mUser verified successfully[39m
[04 May, 2025 - 11:45:14:4514] [34minfo[39m: [34mUser verified successfully[39m
[04 May, 2025 - 11:45:14:4514] [34minfo[39m: [34mUser verified successfully[39m
[04 May, 2025 - 11:45:14:4514] [34minfo[39m: [34mUser verified successfully[39m
[04 May, 2025 - 12:18:14:1814] [34minfo[39m: [34mUser verified successfully[39m
[04 May, 2025 - 12:18:14:1814] [34minfo[39m: [34mUser verified successfully[39m
[04 May, 2025 - 12:18:15:1815] [34minfo[39m: [34mUser verified successfully[39m
[04 May, 2025 - 12:18:15:1815] [34minfo[39m: [34mUser verified successfully[39m
[04 May, 2025 - 12:18:15:1815] [34minfo[39m: [34mUser verified successfully[39m
[04 May, 2025 - 12:18:30:1830] [34minfo[39m: [34mUser verified successfully[39m
[04 May, 2025 - 12:18:30:1830] [34minfo[39m: [34mUser verified successfully[39m
[04 May, 2025 - 12:24:04:244] [34minfo[39m: [34mUser verified successfully[39m
[04 May, 2025 - 12:24:04:244] [34minfo[39m: [34mUser verified successfully[39m
[04 May, 2025 - 12:24:04:244] [34minfo[39m: [34mUser verified successfully[39m
[04 May, 2025 - 12:55:40:5540] [34minfo[39m: [34mUser verified successfully[39m
[04 May, 2025 - 12:55:40:5540] [34minfo[39m: [34mUser verified successfully[39m
[04 May, 2025 - 12:55:40:5540] [34minfo[39m: [34mUser verified successfully[39m
[04 May, 2025 - 12:55:40:5540] [34minfo[39m: [34mUser verified successfully[39m
[04 May, 2025 - 12:55:40:5540] [34minfo[39m: [34mUser verified successfully[39m
[04 May, 2025 - 12:55:43:5543] [34minfo[39m: [34mUser verified successfully[39m
[04 May, 2025 - 12:55:43:5543] [34minfo[39m: [34mUser verified successfully[39m
[04 May, 2025 - 12:55:43:5543] [34minfo[39m: [34mUser verified successfully[39m
[04 May, 2025 - 12:55:44:5544] [34minfo[39m: [34mUser verified successfully[39m
[04 May, 2025 - 12:55:44:5544] [34minfo[39m: [34mUser verified successfully[39m
[04 May, 2025 - 12:55:44:5544] [34minfo[39m: [34mUser verified successfully[39m
[04 May, 2025 - 12:55:47:5547] [34minfo[39m: [34mUser verified successfully[39m
[04 May, 2025 - 12:55:47:5547] [34minfo[39m: [34mUser verified successfully[39m
[04 May, 2025 - 12:55:47:5547] [34minfo[39m: [34mUser verified successfully[39m
[04 May, 2025 - 12:55:47:5547] [34minfo[39m: [34mUser verified successfully[39m
[04 May, 2025 - 12:55:47:5547] [34minfo[39m: [34mUser verified successfully[39m
[04 May, 2025 - 12:55:57:5557] [34minfo[39m: [34mUser verified successfully[39m
[04 May, 2025 - 12:55:58:5558] [34minfo[39m: [34mUser verified successfully[39m
[04 May, 2025 - 12:55:58:5558] [34minfo[39m: [34mUser verified successfully[39m
[04 May, 2025 - 12:56:05:565] [34minfo[39m: [34mUser verified successfully[39m
[04 May, 2025 - 12:56:05:565] [34minfo[39m: [34mUser verified successfully[39m
[04 May, 2025 - 12:56:05:565] [34minfo[39m: [34mUser verified successfully[39m
[04 May, 2025 - 12:56:05:565] [34minfo[39m: [34mUser verified successfully[39m
[04 May, 2025 - 12:56:05:565] [34minfo[39m: [34mUser verified successfully[39m
[04 May, 2025 - 12:56:53:5653] [34minfo[39m: [34mUser verified successfully[39m
[04 May, 2025 - 12:56:53:5653] [34minfo[39m: [34mUser verified successfully[39m
[04 May, 2025 - 12:56:53:5653] [34minfo[39m: [34mUser verified successfully[39m
[04 May, 2025 - 12:56:53:5653] [34minfo[39m: [34mUser verified successfully[39m
[04 May, 2025 - 12:56:53:5653] [34minfo[39m: [34mUser verified successfully[39m
[04 May, 2025 - 12:57:13:5713] [34minfo[39m: [34mUser verified successfully[39m
[04 May, 2025 - 12:57:13:5713] [34minfo[39m: [34mUser verified successfully[39m
[04 May, 2025 - 12:57:13:5713] [34minfo[39m: [34mUser verified successfully[39m
[04 May, 2025 - 12:57:32:5732] [34minfo[39m: [34mUser verified successfully[39m
[04 May, 2025 - 12:57:32:5732] [34minfo[39m: [34mUser verified successfully[39m
[04 May, 2025 - 12:57:32:5732] [34minfo[39m: [34mUser verified successfully[39m
[04 May, 2025 - 12:57:37:5737] [34minfo[39m: [34mUser verified successfully[39m
[04 May, 2025 - 12:57:37:5737] [34minfo[39m: [34mUser verified successfully[39m
[04 May, 2025 - 12:57:37:5737] [34minfo[39m: [34mUser verified successfully[39m
[04 May, 2025 - 12:57:37:5737] [34minfo[39m: [34mUser verified successfully[39m
[04 May, 2025 - 12:57:37:5737] [34minfo[39m: [34mUser verified successfully[39m
[04 May, 2025 - 12:58:25:5825] [34minfo[39m: [34mUser verified successfully[39m
[04 May, 2025 - 12:58:25:5825] [34minfo[39m: [34mUser verified successfully[39m
[04 May, 2025 - 12:58:25:5825] [34minfo[39m: [34mUser verified successfully[39m
[04 May, 2025 - 12:58:25:5825] [34minfo[39m: [34mUser verified successfully[39m
[04 May, 2025 - 12:58:25:5825] [34minfo[39m: [34mUser verified successfully[39m
[04 May, 2025 - 13:00:39:039] [34minfo[39m: [34mUser verified successfully[39m
[04 May, 2025 - 13:00:39:039] [34minfo[39m: [34mUser verified successfully[39m
[04 May, 2025 - 13:00:39:039] [34minfo[39m: [34mUser verified successfully[39m
[04 May, 2025 - 13:00:39:039] [34minfo[39m: [34mUser verified successfully[39m
[04 May, 2025 - 13:00:39:039] [34minfo[39m: [34mUser verified successfully[39m
[04 May, 2025 - 13:00:47:047] [34minfo[39m: [34mUser verified successfully[39m
[04 May, 2025 - 13:00:47:047] [34minfo[39m: [34mUser verified successfully[39m
[04 May, 2025 - 13:00:47:047] [34minfo[39m: [34mUser verified successfully[39m
[04 May, 2025 - 13:00:47:047] [34minfo[39m: [34mUser verified successfully[39m
[04 May, 2025 - 13:00:47:047] [34minfo[39m: [34mUser verified successfully[39m
[04 May, 2025 - 13:00:47:047] [34minfo[39m: [34mUser verified successfully[39m
[04 May, 2025 - 13:01:26:126] [34minfo[39m: [34mUser verified successfully[39m
[04 May, 2025 - 13:01:26:126] [34minfo[39m: [34mUser verified successfully[39m
[04 May, 2025 - 13:01:26:126] [34minfo[39m: [34mUser verified successfully[39m
[04 May, 2025 - 13:01:26:126] [34minfo[39m: [34mUser verified successfully[39m
[04 May, 2025 - 13:01:26:126] [34minfo[39m: [34mUser verified successfully[39m
[04 May, 2025 - 13:02:46:246] [34minfo[39m: [34mUser verified successfully[39m
[04 May, 2025 - 13:02:46:246] [34minfo[39m: [34mUser verified successfully[39m
[04 May, 2025 - 13:02:46:246] [34minfo[39m: [34mUser verified successfully[39m
[04 May, 2025 - 15:06:21:621] [34minfo[39m: [34mUser verified successfully[39m
[04 May, 2025 - 15:06:21:621] [34minfo[39m: [34mUser verified successfully[39m
[04 May, 2025 - 15:06:21:621] [34minfo[39m: [34mUser verified successfully[39m
[04 May, 2025 - 15:06:21:621] [34minfo[39m: [34mUser verified successfully[39m
[04 May, 2025 - 15:06:22:622] [34minfo[39m: [34mUser verified successfully[39m
[04 May, 2025 - 15:13:41:1341] [34minfo[39m: [34mUser verified successfully[39m
[04 May, 2025 - 15:13:41:1341] [34minfo[39m: [34mUser verified successfully[39m
[04 May, 2025 - 15:13:41:1341] [34minfo[39m: [34mUser verified successfully[39m
[04 May, 2025 - 15:13:41:1341] [34minfo[39m: [34mUser verified successfully[39m
[04 May, 2025 - 15:13:42:1342] [34minfo[39m: [34mUser verified successfully[39m
[04 May, 2025 - 15:16:02:162] [34minfo[39m: [34mUser verified successfully[39m
[04 May, 2025 - 15:16:02:162] [34minfo[39m: [34mUser verified successfully[39m
[04 May, 2025 - 15:16:02:162] [34minfo[39m: [34mUser verified successfully[39m
[04 May, 2025 - 15:16:02:162] [34minfo[39m: [34mUser verified successfully[39m
[04 May, 2025 - 15:16:02:162] [34minfo[39m: [34mUser verified successfully[39m
[04 May, 2025 - 15:21:13:2113] [34minfo[39m: [34mUser verified successfully[39m
[04 May, 2025 - 15:22:19:2219] [34minfo[39m: [34mUser verified successfully[39m
[04 May, 2025 - 15:22:19:2219] [34minfo[39m: [34mUser verified successfully[39m
[04 May, 2025 - 15:22:19:2219] [34minfo[39m: [34mUser verified successfully[39m
[04 May, 2025 - 15:22:31:2231] [34minfo[39m: [34mUser verified successfully[39m
[04 May, 2025 - 15:24:08:248] [34minfo[39m: [34mUser verified successfully[39m
[04 May, 2025 - 15:24:08:248] [34minfo[39m: [34mUser verified successfully[39m
[04 May, 2025 - 15:24:08:248] [34minfo[39m: [34mUser verified successfully[39m
[04 May, 2025 - 15:28:49:2849] [37mdebug[39m: [37mAuthenticated user: kushalpadhiyar030@gmail.com[39m
[04 May, 2025 - 15:29:00:290] [37mdebug[39m: [37mAuthenticated user: kushalpadhiyar030@gmail.com[39m
[04 May, 2025 - 15:29:19:2919] [34minfo[39m: [34mUser verified successfully[39m
[04 May, 2025 - 15:29:19:2919] [34minfo[39m: [34mUser verified successfully[39m
[04 May, 2025 - 15:29:19:2919] [34minfo[39m: [34mUser verified successfully[39m
[04 May, 2025 - 15:29:19:2919] [34minfo[39m: [34mUser verified successfully[39m
[04 May, 2025 - 15:29:19:2919] [34minfo[39m: [34mUser verified successfully[39m
[04 May, 2025 - 15:29:22:2922] [37mdebug[39m: [37mAuthenticated user: kushalpadhiyar030@gmail.com[39m
[04 May, 2025 - 15:30:15:3015] [37mdebug[39m: [37mAuthenticated user: kushalpadhiyar030@gmail.com[39m
[04 May, 2025 - 15:30:26:3026] [34minfo[39m: [34mUser verified successfully[39m
[04 May, 2025 - 15:30:26:3026] [34minfo[39m: [34mUser verified successfully[39m
[04 May, 2025 - 15:30:26:3026] [34minfo[39m: [34mUser verified successfully[39m
[04 May, 2025 - 15:30:26:3026] [34minfo[39m: [34mUser verified successfully[39m
[04 May, 2025 - 15:30:26:3026] [34minfo[39m: [34mUser verified successfully[39m
[04 May, 2025 - 15:31:57:3157] [37mdebug[39m: [37mAuthenticated user: kushalpadhiyar030@gmail.com[39m
[04 May, 2025 - 15:32:07:327] [37mdebug[39m: [37mAuthenticated user: kushalpadhiyar030@gmail.com[39m
[04 May, 2025 - 15:54:59:5459] [37mdebug[39m: [37mAuthenticated user: kushalpadhiyar030@gmail.com[39m
[04 May, 2025 - 15:55:09:559] [34minfo[39m: [34mUser verified successfully[39m
[04 May, 2025 - 15:55:09:559] [34minfo[39m: [34mUser verified successfully[39m
[04 May, 2025 - 15:55:09:559] [34minfo[39m: [34mUser verified successfully[39m
[04 May, 2025 - 15:55:09:559] [34minfo[39m: [34mUser verified successfully[39m
[04 May, 2025 - 15:55:10:5510] [34minfo[39m: [34mUser verified successfully[39m
[04 May, 2025 - 15:55:32:5532] [34minfo[39m: [34mUser verified successfully[39m
[04 May, 2025 - 15:55:32:5532] [34minfo[39m: [34mUser verified successfully[39m
[04 May, 2025 - 15:55:32:5532] [34minfo[39m: [34mUser verified successfully[39m
[04 May, 2025 - 15:55:32:5532] [34minfo[39m: [34mUser verified successfully[39m
[04 May, 2025 - 15:55:32:5532] [34minfo[39m: [34mUser verified successfully[39m
[04 May, 2025 - 15:55:53:5553] [34minfo[39m: [34mUser verified successfully[39m
[04 May, 2025 - 15:55:53:5553] [34minfo[39m: [34mUser verified successfully[39m
[04 May, 2025 - 15:55:53:5553] [34minfo[39m: [34mUser verified successfully[39m
[04 May, 2025 - 15:55:53:5553] [34minfo[39m: [34mUser verified successfully[39m
[04 May, 2025 - 15:55:53:5553] [34minfo[39m: [34mUser verified successfully[39m
[04 May, 2025 - 16:05:09:59] [34minfo[39m: [34mUser logged in successfully[39m
[04 May, 2025 - 16:05:09:59] [34minfo[39m: [34mUser verified successfully[39m
[04 May, 2025 - 16:05:09:59] [34minfo[39m: [34mUser verified successfully[39m
[04 May, 2025 - 16:05:09:59] [34minfo[39m: [34mUser verified successfully[39m
[04 May, 2025 - 16:05:09:59] [34minfo[39m: [34mUser verified successfully[39m
[04 May, 2025 - 16:05:09:59] [34minfo[39m: [34mUser verified successfully[39m
[04 May, 2025 - 16:05:09:59] [34minfo[39m: [34mUser verified successfully[39m
[04 May, 2025 - 16:05:09:59] [34minfo[39m: [34mUser verified successfully[39m
[04 May, 2025 - 16:05:09:59] [34minfo[39m: [34mUser verified successfully[39m
[04 May, 2025 - 16:05:09:59] [34minfo[39m: [34mUser verified successfully[39m
[04 May, 2025 - 16:05:09:59] [34minfo[39m: [34mUser verified successfully[39m
[04 May, 2025 - 16:06:29:629] [31merror[39m: [31mError logging in: Operation timeout[39m
