[04 May, 2025 - 16:08:25:825] [34minfo[39m: [34mConnection to MSSQL has been established successfully.[39m
[04 May, 2025 - 16:08:25:825] [34minfo[39m: [34mModel sync executed successfully.[39m
[04 May, 2025 - 16:08:25:825] [34minfo[39m: [34mServer is running on http://localhost:3002[39m
[04 May, 2025 - 16:08:32:832] [34minfo[39m: [34mUser logged in successfully[39m
[04 May, 2025 - 16:08:35:835] [34minfo[39m: [34mUser verified successfully[39m
[04 May, 2025 - 16:08:35:835] [34minfo[39m: [34mUser verified successfully[39m
[04 May, 2025 - 16:08:35:835] [34minfo[39m: [34mUser verified successfully[39m
[04 May, 2025 - 16:08:35:835] [34minfo[39m: [34mUser verified successfully[39m
[04 May, 2025 - 16:08:36:836] [34minfo[39m: [34mUser verified successfully[39m
[04 May, 2025 - 16:08:36:836] [34minfo[39m: [34mUser verified successfully[39m
[04 May, 2025 - 16:08:36:836] [34minfo[39m: [34mUser verified successfully[39m
[04 May, 2025 - 16:08:36:836] [34minfo[39m: [34mUser verified successfully[39m
[04 May, 2025 - 16:08:36:836] [34minfo[39m: [34mUser verified successfully[39m
[04 May, 2025 - 16:08:36:836] [34minfo[39m: [34mUser verified successfully[39m
[04 May, 2025 - 16:09:48:948] [37mdebug[39m: [37mAuthenticated user: kushalpadhiyar030@gmail.com[39m
[04 May, 2025 - 16:10:30:1030] [34minfo[39m: [34mUser verified successfully[39m
[04 May, 2025 - 16:10:30:1030] [34minfo[39m: [34mUser verified successfully[39m
[04 May, 2025 - 16:10:30:1030] [34minfo[39m: [34mUser verified successfully[39m
[04 May, 2025 - 16:10:30:1030] [34minfo[39m: [34mUser verified successfully[39m
[04 May, 2025 - 16:10:30:1030] [34minfo[39m: [34mUser verified successfully[39m
[04 May, 2025 - 16:10:32:1032] [37mdebug[39m: [37mAuthenticated user: kushalpadhiyar030@gmail.com[39m
[04 May, 2025 - 16:16:35:1635] [37mdebug[39m: [37mAuthenticated user: kushalpadhiyar030@gmail.com[39m
[04 May, 2025 - 16:21:41:2141] [37mdebug[39m: [37mAuthenticated user: kushalpadhiyar030@gmail.com[39m
[04 May, 2025 - 16:22:08:228] [34minfo[39m: [34mConnection to MSSQL has been established successfully.[39m
[04 May, 2025 - 16:22:08:228] [34minfo[39m: [34mModel sync executed successfully.[39m
[04 May, 2025 - 16:22:08:228] [34minfo[39m: [34mServer is running on http://localhost:3002[39m
[04 May, 2025 - 16:22:30:2230] [34minfo[39m: [34mConnection to MSSQL has been established successfully.[39m
[04 May, 2025 - 16:22:30:2230] [34minfo[39m: [34mModel sync executed successfully.[39m
[04 May, 2025 - 16:22:30:2230] [34minfo[39m: [34mServer is running on http://localhost:3002[39m
[04 May, 2025 - 16:22:37:2237] [34minfo[39m: [34mConnection to MSSQL has been established successfully.[39m
[04 May, 2025 - 16:22:37:2237] [34minfo[39m: [34mModel sync executed successfully.[39m
[04 May, 2025 - 16:22:37:2237] [34minfo[39m: [34mServer is running on http://localhost:3002[39m
[04 May, 2025 - 16:34:54:3454] [37mdebug[39m: [37mAuthenticated user: kushalpadhiyar030@gmail.com[39m
[04 May, 2025 - 16:34:58:3458] [37mdebug[39m: [37mAuthenticated user: kushalpadhiyar030@gmail.com[39m
[04 May, 2025 - 16:35:16:3516] [34minfo[39m: [34mUser verified successfully[39m
[04 May, 2025 - 16:35:17:3517] [34minfo[39m: [34mUser verified successfully[39m
[04 May, 2025 - 16:35:17:3517] [34minfo[39m: [34mUser verified successfully[39m
[04 May, 2025 - 16:35:17:3517] [34minfo[39m: [34mUser verified successfully[39m
[04 May, 2025 - 16:35:17:3517] [34minfo[39m: [34mUser verified successfully[39m
[04 May, 2025 - 16:35:25:3525] [37mdebug[39m: [37mAuthenticated user: kushalpadhiyar030@gmail.com[39m
[04 May, 2025 - 16:35:30:3530] [37mdebug[39m: [37mAuthenticated user: kushalpadhiyar030@gmail.com[39m
[04 May, 2025 - 16:35:59:3559] [34minfo[39m: [34mConnection to MSSQL has been established successfully.[39m
[04 May, 2025 - 16:35:59:3559] [34minfo[39m: [34mModel sync executed successfully.[39m
[04 May, 2025 - 16:35:59:3559] [34minfo[39m: [34mServer is running on http://localhost:3002[39m
[04 May, 2025 - 16:36:05:365] [34minfo[39m: [34mConnection to MSSQL has been established successfully.[39m
[04 May, 2025 - 16:36:05:365] [34minfo[39m: [34mModel sync executed successfully.[39m
[04 May, 2025 - 16:36:05:365] [34minfo[39m: [34mServer is running on http://localhost:3002[39m
[04 May, 2025 - 16:36:28:3628] [34minfo[39m: [34mConnection to MSSQL has been established successfully.[39m
[04 May, 2025 - 16:36:28:3628] [34minfo[39m: [34mModel sync executed successfully.[39m
[04 May, 2025 - 16:36:28:3628] [34minfo[39m: [34mServer is running on http://localhost:3002[39m
[04 May, 2025 - 16:37:09:379] [34minfo[39m: [34mConnection to MSSQL has been established successfully.[39m
[04 May, 2025 - 16:37:09:379] [34minfo[39m: [34mModel sync executed successfully.[39m
[04 May, 2025 - 16:37:09:379] [34minfo[39m: [34mServer is running on http://localhost:3002[39m
[04 May, 2025 - 16:38:33:3833] [34minfo[39m: [34mConnection to MSSQL has been established successfully.[39m
[04 May, 2025 - 16:38:33:3833] [34minfo[39m: [34mModel sync executed successfully.[39m
[04 May, 2025 - 16:38:33:3833] [34minfo[39m: [34mServer is running on http://localhost:3002[39m
[04 May, 2025 - 16:40:09:409] [34minfo[39m: [34mUser verified successfully[39m
[04 May, 2025 - 16:40:09:409] [34minfo[39m: [34mUser verified successfully[39m
[04 May, 2025 - 16:40:09:409] [34minfo[39m: [34mUser verified successfully[39m
[04 May, 2025 - 16:40:09:409] [34minfo[39m: [34mUser verified successfully[39m
[04 May, 2025 - 16:40:09:409] [34minfo[39m: [34mUser verified successfully[39m
[04 May, 2025 - 16:40:09:409] [34minfo[39m: [34mUser verified successfully[39m
[04 May, 2025 - 16:40:09:409] [34minfo[39m: [34mUser verified successfully[39m
[04 May, 2025 - 16:40:09:409] [34minfo[39m: [34mUser verified successfully[39m
[04 May, 2025 - 16:40:09:409] [34minfo[39m: [34mUser verified successfully[39m
[04 May, 2025 - 16:40:09:409] [34minfo[39m: [34mUser verified successfully[39m
[04 May, 2025 - 16:40:14:4014] [37mdebug[39m: [37mAuthenticated user: kushalpadhiyar030@gmail.com[39m
[04 May, 2025 - 16:40:25:4025] [37mdebug[39m: [37mAuthenticated user: kushalpadhiyar030@gmail.com[39m
[04 May, 2025 - 16:40:34:4034] [34minfo[39m: [34mUser verified successfully[39m
[04 May, 2025 - 16:40:34:4034] [34minfo[39m: [34mUser verified successfully[39m
[04 May, 2025 - 16:40:34:4034] [34minfo[39m: [34mUser verified successfully[39m
[04 May, 2025 - 16:40:34:4034] [34minfo[39m: [34mUser verified successfully[39m
[04 May, 2025 - 16:40:34:4034] [34minfo[39m: [34mUser verified successfully[39m
[04 May, 2025 - 16:41:27:4127] [34minfo[39m: [34mConnection to MSSQL has been established successfully.[39m
[04 May, 2025 - 16:41:27:4127] [34minfo[39m: [34mModel sync executed successfully.[39m
[04 May, 2025 - 16:41:27:4127] [34minfo[39m: [34mServer is running on http://localhost:3002[39m
[04 May, 2025 - 16:41:29:4129] [34minfo[39m: [34mConnection to MSSQL has been established successfully.[39m
[04 May, 2025 - 16:41:29:4129] [34minfo[39m: [34mModel sync executed successfully.[39m
[04 May, 2025 - 16:41:29:4129] [34minfo[39m: [34mServer is running on http://localhost:3002[39m
[04 May, 2025 - 16:41:41:4141] [34minfo[39m: [34mConnection to MSSQL has been established successfully.[39m
[04 May, 2025 - 16:41:41:4141] [34minfo[39m: [34mModel sync executed successfully.[39m
[04 May, 2025 - 16:41:41:4141] [34minfo[39m: [34mServer is running on http://localhost:3002[39m
[04 May, 2025 - 16:41:52:4152] [34minfo[39m: [34mConnection to MSSQL has been established successfully.[39m
[04 May, 2025 - 16:41:52:4152] [34minfo[39m: [34mModel sync executed successfully.[39m
[04 May, 2025 - 16:41:52:4152] [34minfo[39m: [34mServer is running on http://localhost:3002[39m
[04 May, 2025 - 16:41:55:4155] [34minfo[39m: [34mConnection to MSSQL has been established successfully.[39m
[04 May, 2025 - 16:41:55:4155] [34minfo[39m: [34mModel sync executed successfully.[39m
[04 May, 2025 - 16:41:55:4155] [34minfo[39m: [34mServer is running on http://localhost:3002[39m
[04 May, 2025 - 16:42:12:4212] [34minfo[39m: [34mConnection to MSSQL has been established successfully.[39m
[04 May, 2025 - 16:42:12:4212] [34minfo[39m: [34mModel sync executed successfully.[39m
[04 May, 2025 - 16:42:12:4212] [34minfo[39m: [34mServer is running on http://localhost:3002[39m
[04 May, 2025 - 16:42:19:4219] [34minfo[39m: [34mConnection to MSSQL has been established successfully.[39m
[04 May, 2025 - 16:42:19:4219] [34minfo[39m: [34mModel sync executed successfully.[39m
[04 May, 2025 - 16:42:19:4219] [34minfo[39m: [34mServer is running on http://localhost:3002[39m
[04 May, 2025 - 16:42:51:4251] [37mdebug[39m: [37mAuthenticated user: kushalpadhiyar030@gmail.com[39m
[04 May, 2025 - 16:42:58:4258] [37mdebug[39m: [37mAuthenticated user: kushalpadhiyar030@gmail.com[39m
[04 May, 2025 - 16:44:18:4418] [34minfo[39m: [34mConnection to MSSQL has been established successfully.[39m
[04 May, 2025 - 16:44:18:4418] [34minfo[39m: [34mModel sync executed successfully.[39m
[04 May, 2025 - 16:44:18:4418] [34minfo[39m: [34mServer is running on http://localhost:3002[39m
[04 May, 2025 - 16:44:24:4424] [34minfo[39m: [34mConnection to MSSQL has been established successfully.[39m
[04 May, 2025 - 16:44:24:4424] [34minfo[39m: [34mModel sync executed successfully.[39m
[04 May, 2025 - 16:44:24:4424] [34minfo[39m: [34mServer is running on http://localhost:3002[39m
[04 May, 2025 - 16:44:37:4437] [34minfo[39m: [34mConnection to MSSQL has been established successfully.[39m
[04 May, 2025 - 16:44:37:4437] [34minfo[39m: [34mModel sync executed successfully.[39m
[04 May, 2025 - 16:44:37:4437] [34minfo[39m: [34mServer is running on http://localhost:3002[39m
[04 May, 2025 - 16:44:46:4446] [37mdebug[39m: [37mAuthenticated user: kushalpadhiyar030@gmail.com[39m
[04 May, 2025 - 16:44:53:4453] [37mdebug[39m: [37mAuthenticated user: kushalpadhiyar030@gmail.com[39m
[04 May, 2025 - 16:45:06:456] [34minfo[39m: [34mUser verified successfully[39m
[04 May, 2025 - 16:45:06:456] [34minfo[39m: [34mUser verified successfully[39m
[04 May, 2025 - 16:45:06:456] [34minfo[39m: [34mUser verified successfully[39m
[04 May, 2025 - 16:45:06:456] [34minfo[39m: [34mUser verified successfully[39m
[04 May, 2025 - 16:45:06:456] [34minfo[39m: [34mUser verified successfully[39m
[04 May, 2025 - 16:45:10:4510] [37mdebug[39m: [37mAuthenticated user: kushalpadhiyar030@gmail.com[39m
[04 May, 2025 - 16:45:49:4549] [34minfo[39m: [34mUser verified successfully[39m
[04 May, 2025 - 16:45:57:4557] [34minfo[39m: [34mUser verified successfully[39m
[04 May, 2025 - 16:45:57:4557] [34minfo[39m: [34mUser verified successfully[39m
[04 May, 2025 - 16:45:57:4557] [34minfo[39m: [34mUser verified successfully[39m
[04 May, 2025 - 16:45:57:4557] [34minfo[39m: [34mUser verified successfully[39m
[04 May, 2025 - 16:45:57:4557] [34minfo[39m: [34mUser verified successfully[39m
[04 May, 2025 - 16:45:57:4557] [34minfo[39m: [34mUser verified successfully[39m
[04 May, 2025 - 16:45:57:4557] [34minfo[39m: [34mUser verified successfully[39m
[04 May, 2025 - 16:45:57:4557] [34minfo[39m: [34mUser verified successfully[39m
[04 May, 2025 - 16:45:57:4557] [34minfo[39m: [34mUser verified successfully[39m
[04 May, 2025 - 16:46:04:464] [37mdebug[39m: [37mAuthenticated user: kushalpadhiyar030@gmail.com[39m
[04 May, 2025 - 16:46:12:4612] [37mdebug[39m: [37mAuthenticated user: kushalpadhiyar030@gmail.com[39m
[04 May, 2025 - 16:46:19:4619] [37mdebug[39m: [37mAuthenticated user: kushalpadhiyar030@gmail.com[39m
[04 May, 2025 - 16:46:24:4624] [34minfo[39m: [34mUser verified successfully[39m
[04 May, 2025 - 16:46:24:4624] [34minfo[39m: [34mUser verified successfully[39m
[04 May, 2025 - 16:46:24:4624] [34minfo[39m: [34mUser verified successfully[39m
[04 May, 2025 - 16:46:24:4624] [34minfo[39m: [34mUser verified successfully[39m
[04 May, 2025 - 16:46:24:4624] [34minfo[39m: [34mUser verified successfully[39m
[04 May, 2025 - 16:46:25:4625] [34minfo[39m: [34mUser verified successfully[39m
[04 May, 2025 - 16:46:25:4625] [34minfo[39m: [34mUser verified successfully[39m
[04 May, 2025 - 16:46:25:4625] [34minfo[39m: [34mUser verified successfully[39m
[04 May, 2025 - 16:46:25:4625] [34minfo[39m: [34mUser verified successfully[39m
[04 May, 2025 - 16:49:51:4951] [34minfo[39m: [34mUser verified successfully[39m
[04 May, 2025 - 16:50:01:501] [34minfo[39m: [34mUser verified successfully[39m
[04 May, 2025 - 16:50:01:501] [34minfo[39m: [34mUser verified successfully[39m
[04 May, 2025 - 16:50:01:501] [34minfo[39m: [34mUser verified successfully[39m
[04 May, 2025 - 16:50:01:501] [34minfo[39m: [34mUser verified successfully[39m
[04 May, 2025 - 16:50:01:501] [34minfo[39m: [34mUser verified successfully[39m
[04 May, 2025 - 16:50:01:501] [34minfo[39m: [34mUser verified successfully[39m
[04 May, 2025 - 16:50:01:501] [34minfo[39m: [34mUser verified successfully[39m
[04 May, 2025 - 16:50:01:501] [34minfo[39m: [34mUser verified successfully[39m
[04 May, 2025 - 16:50:01:501] [34minfo[39m: [34mUser verified successfully[39m
[04 May, 2025 - 16:51:59:5159] [34minfo[39m: [34mUser verified successfully[39m
[04 May, 2025 - 16:51:59:5159] [34minfo[39m: [34mUser verified successfully[39m
[04 May, 2025 - 16:51:59:5159] [34minfo[39m: [34mUser verified successfully[39m
[04 May, 2025 - 16:51:59:5159] [34minfo[39m: [34mUser verified successfully[39m
[04 May, 2025 - 16:52:00:520] [34minfo[39m: [34mUser verified successfully[39m
[04 May, 2025 - 16:52:00:520] [34minfo[39m: [34mUser verified successfully[39m
[04 May, 2025 - 16:52:00:520] [34minfo[39m: [34mUser verified successfully[39m
[04 May, 2025 - 16:52:00:520] [34minfo[39m: [34mUser verified successfully[39m
[04 May, 2025 - 16:52:56:5256] [34minfo[39m: [34mUser verified successfully[39m
[04 May, 2025 - 16:54:09:549] [34minfo[39m: [34mUser verified successfully[39m
[04 May, 2025 - 16:54:09:549] [34minfo[39m: [34mUser verified successfully[39m
[04 May, 2025 - 16:54:09:549] [34minfo[39m: [34mUser verified successfully[39m
[04 May, 2025 - 16:54:09:549] [34minfo[39m: [34mUser verified successfully[39m
[04 May, 2025 - 16:54:09:549] [34minfo[39m: [34mUser verified successfully[39m
[04 May, 2025 - 16:54:09:549] [34minfo[39m: [34mUser verified successfully[39m
[04 May, 2025 - 16:54:09:549] [34minfo[39m: [34mUser verified successfully[39m
[04 May, 2025 - 16:54:09:549] [34minfo[39m: [34mUser verified successfully[39m
[04 May, 2025 - 16:54:09:549] [34minfo[39m: [34mUser verified successfully[39m
[04 May, 2025 - 16:54:19:5419] [34minfo[39m: [34mUser verified successfully[39m
[04 May, 2025 - 16:54:19:5419] [34minfo[39m: [34mUser verified successfully[39m
[04 May, 2025 - 16:54:19:5419] [34minfo[39m: [34mUser verified successfully[39m
[04 May, 2025 - 16:54:19:5419] [34minfo[39m: [34mUser verified successfully[39m
[04 May, 2025 - 16:54:19:5419] [34minfo[39m: [34mUser verified successfully[39m
[04 May, 2025 - 16:54:19:5419] [34minfo[39m: [34mUser verified successfully[39m
[04 May, 2025 - 16:54:19:5419] [34minfo[39m: [34mUser verified successfully[39m
[04 May, 2025 - 16:54:19:5419] [34minfo[39m: [34mUser verified successfully[39m
[04 May, 2025 - 16:54:23:5423] [37mdebug[39m: [37mAuthenticated user: kushalpadhiyar030@gmail.com[39m
[04 May, 2025 - 16:54:39:5439] [37mdebug[39m: [37mAuthenticated user: kushalpadhiyar030@gmail.com[39m
[04 May, 2025 - 16:54:48:5448] [37mdebug[39m: [37mAuthenticated user: kushalpadhiyar030@gmail.com[39m
[04 May, 2025 - 16:54:48:5448] [31merror[39m: [31mError modifying user info: notNull Violation: User.currency_type cannot be null[39m
[04 May, 2025 - 16:55:53:5553] [34minfo[39m: [34mConnection to MSSQL has been established successfully.[39m
[04 May, 2025 - 16:55:53:5553] [34minfo[39m: [34mModel sync executed successfully.[39m
[04 May, 2025 - 16:55:53:5553] [34minfo[39m: [34mServer is running on http://localhost:3002[39m
[04 May, 2025 - 16:56:09:569] [37mdebug[39m: [37mAuthenticated user: kushalpadhiyar030@gmail.com[39m
[04 May, 2025 - 16:56:10:5610] [34minfo[39m: [34mUser verified successfully[39m
[04 May, 2025 - 16:56:17:5617] [37mdebug[39m: [37mAuthenticated user: kushalpadhiyar030@gmail.com[39m
[04 May, 2025 - 16:56:18:5618] [34minfo[39m: [34mUser verified successfully[39m
[04 May, 2025 - 16:56:23:5623] [34minfo[39m: [34mUser verified successfully[39m
[04 May, 2025 - 16:56:37:5637] [34minfo[39m: [34mUser verified successfully[39m
[04 May, 2025 - 16:56:38:5638] [34minfo[39m: [34mUser verified successfully[39m
[04 May, 2025 - 16:56:41:5641] [34minfo[39m: [34mUser verified successfully[39m
[04 May, 2025 - 16:56:48:5648] [34minfo[39m: [34mUser verified successfully[39m
[04 May, 2025 - 16:56:48:5648] [34minfo[39m: [34mUser verified successfully[39m
[04 May, 2025 - 16:56:48:5648] [34minfo[39m: [34mUser verified successfully[39m
[04 May, 2025 - 16:56:48:5648] [34minfo[39m: [34mUser verified successfully[39m
[04 May, 2025 - 16:56:48:5648] [34minfo[39m: [34mUser verified successfully[39m
[04 May, 2025 - 16:57:03:573] [37mdebug[39m: [37mAuthenticated user: kushalpadhiyar030@gmail.com[39m
[04 May, 2025 - 16:57:08:578] [37mdebug[39m: [37mAuthenticated user: kushalpadhiyar030@gmail.com[39m
[04 May, 2025 - 16:57:08:578] [34minfo[39m: [34mUser verified successfully[39m
[04 May, 2025 - 16:57:17:5717] [37mdebug[39m: [37mAuthenticated user: kushalpadhiyar030@gmail.com[39m
[04 May, 2025 - 16:57:22:5722] [37mdebug[39m: [37mAuthenticated user: kushalpadhiyar030@gmail.com[39m
[04 May, 2025 - 16:57:22:5722] [34minfo[39m: [34mUser verified successfully[39m
[04 May, 2025 - 16:57:28:5728] [37mdebug[39m: [37mAuthenticated user: kushalpadhiyar030@gmail.com[39m
[04 May, 2025 - 16:57:28:5728] [34minfo[39m: [34mUser verified successfully[39m
[04 May, 2025 - 16:59:43:5943] [34minfo[39m: [34mUser verified successfully[39m
[04 May, 2025 - 16:59:43:5943] [34minfo[39m: [34mUser verified successfully[39m
[04 May, 2025 - 16:59:43:5943] [34minfo[39m: [34mUser verified successfully[39m
[04 May, 2025 - 16:59:43:5943] [34minfo[39m: [34mUser verified successfully[39m
[04 May, 2025 - 16:59:43:5943] [34minfo[39m: [34mUser verified successfully[39m
[04 May, 2025 - 16:59:44:5944] [34minfo[39m: [34mUser verified successfully[39m
[04 May, 2025 - 17:00:13:013] [34minfo[39m: [34mUser verified successfully[39m
[04 May, 2025 - 17:00:13:013] [34minfo[39m: [34mUser verified successfully[39m
[04 May, 2025 - 17:00:13:013] [34minfo[39m: [34mUser verified successfully[39m
[04 May, 2025 - 17:00:13:013] [34minfo[39m: [34mUser verified successfully[39m
[04 May, 2025 - 17:00:13:013] [34minfo[39m: [34mUser verified successfully[39m
[04 May, 2025 - 17:00:13:013] [34minfo[39m: [34mUser verified successfully[39m
[04 May, 2025 - 17:03:54:354] [34minfo[39m: [34mUser verified successfully[39m
[04 May, 2025 - 17:03:54:354] [34minfo[39m: [34mUser verified successfully[39m
[04 May, 2025 - 17:03:54:354] [34minfo[39m: [34mUser verified successfully[39m
[04 May, 2025 - 17:03:54:354] [34minfo[39m: [34mUser verified successfully[39m
[04 May, 2025 - 17:03:57:357] [34minfo[39m: [34mUser verified successfully[39m
[04 May, 2025 - 17:03:57:357] [34minfo[39m: [34mUser verified successfully[39m
[04 May, 2025 - 17:03:58:358] [34minfo[39m: [34mUser verified successfully[39m
[04 May, 2025 - 17:04:01:41] [34minfo[39m: [34mUser verified successfully[39m
[04 May, 2025 - 17:04:09:49] [34minfo[39m: [34mUser verified successfully[39m
[04 May, 2025 - 17:05:27:527] [34minfo[39m: [34mUser verified successfully[39m
[04 May, 2025 - 17:05:27:527] [34minfo[39m: [34mUser verified successfully[39m
[04 May, 2025 - 17:05:27:527] [34minfo[39m: [34mUser verified successfully[39m
[04 May, 2025 - 17:05:27:527] [34minfo[39m: [34mUser verified successfully[39m
[04 May, 2025 - 17:05:28:528] [34minfo[39m: [34mUser verified successfully[39m
[04 May, 2025 - 17:05:28:528] [34minfo[39m: [34mUser verified successfully[39m
[04 May, 2025 - 17:05:28:528] [34minfo[39m: [34mUser verified successfully[39m
[04 May, 2025 - 17:05:44:544] [34minfo[39m: [34mUser verified successfully[39m
[04 May, 2025 - 17:05:57:557] [34minfo[39m: [34mUser verified successfully[39m
[04 May, 2025 - 17:05:57:557] [34minfo[39m: [34mUser verified successfully[39m
[04 May, 2025 - 17:05:57:557] [34minfo[39m: [34mUser verified successfully[39m
[04 May, 2025 - 17:05:57:557] [34minfo[39m: [34mUser verified successfully[39m
[04 May, 2025 - 17:05:58:558] [34minfo[39m: [34mUser verified successfully[39m
[04 May, 2025 - 17:05:58:558] [34minfo[39m: [34mUser verified successfully[39m
[04 May, 2025 - 17:06:14:614] [34minfo[39m: [34mUser verified successfully[39m
[04 May, 2025 - 17:06:18:618] [34minfo[39m: [34mUser verified successfully[39m
[04 May, 2025 - 17:06:18:618] [34minfo[39m: [34mUser verified successfully[39m
[04 May, 2025 - 17:06:18:618] [34minfo[39m: [34mUser verified successfully[39m
[04 May, 2025 - 17:06:18:618] [34minfo[39m: [34mUser verified successfully[39m
[04 May, 2025 - 17:06:18:618] [34minfo[39m: [34mUser verified successfully[39m
[04 May, 2025 - 17:06:18:618] [34minfo[39m: [34mUser verified successfully[39m
[04 May, 2025 - 17:06:18:618] [34minfo[39m: [34mUser verified successfully[39m
[04 May, 2025 - 17:06:39:639] [34minfo[39m: [34mUser verified successfully[39m
[04 May, 2025 - 17:06:42:642] [34minfo[39m: [34mUser verified successfully[39m
[04 May, 2025 - 17:06:42:642] [34minfo[39m: [34mUser verified successfully[39m
[04 May, 2025 - 17:06:42:642] [34minfo[39m: [34mUser verified successfully[39m
[04 May, 2025 - 17:06:42:642] [34minfo[39m: [34mUser verified successfully[39m
[04 May, 2025 - 17:06:43:643] [34minfo[39m: [34mUser verified successfully[39m
[04 May, 2025 - 17:06:43:643] [34minfo[39m: [34mUser verified successfully[39m
[04 May, 2025 - 17:06:43:643] [34minfo[39m: [34mUser verified successfully[39m
[04 May, 2025 - 17:06:43:643] [34minfo[39m: [34mUser verified successfully[39m
[04 May, 2025 - 17:06:46:646] [34minfo[39m: [34mUser verified successfully[39m
[04 May, 2025 - 17:06:49:649] [34minfo[39m: [34mUser verified successfully[39m
[04 May, 2025 - 17:06:49:649] [34minfo[39m: [34mUser verified successfully[39m
[04 May, 2025 - 17:06:49:649] [34minfo[39m: [34mUser verified successfully[39m
[04 May, 2025 - 17:06:49:649] [34minfo[39m: [34mUser verified successfully[39m
[04 May, 2025 - 17:06:49:649] [34minfo[39m: [34mUser verified successfully[39m
[04 May, 2025 - 17:06:49:649] [34minfo[39m: [34mUser verified successfully[39m
[04 May, 2025 - 17:06:49:649] [34minfo[39m: [34mUser verified successfully[39m
[04 May, 2025 - 17:06:57:657] [34minfo[39m: [34mUser verified successfully[39m
[04 May, 2025 - 17:06:57:657] [34minfo[39m: [34mUser verified successfully[39m
[04 May, 2025 - 17:07:03:73] [34minfo[39m: [34mUser verified successfully[39m
[04 May, 2025 - 17:07:03:73] [34minfo[39m: [34mUser verified successfully[39m
[04 May, 2025 - 17:07:03:73] [34minfo[39m: [34mUser verified successfully[39m
[04 May, 2025 - 17:07:03:73] [34minfo[39m: [34mUser verified successfully[39m
[04 May, 2025 - 17:07:04:74] [34minfo[39m: [34mUser verified successfully[39m
[04 May, 2025 - 17:07:04:74] [34minfo[39m: [34mUser verified successfully[39m
[04 May, 2025 - 17:07:04:74] [34minfo[39m: [34mUser verified successfully[39m
[04 May, 2025 - 17:07:09:79] [34minfo[39m: [34mUser verified successfully[39m
[04 May, 2025 - 17:07:09:79] [34minfo[39m: [34mUser verified successfully[39m
[04 May, 2025 - 17:07:09:79] [34minfo[39m: [34mUser verified successfully[39m
[04 May, 2025 - 17:07:09:79] [34minfo[39m: [34mUser verified successfully[39m
[04 May, 2025 - 17:07:09:79] [34minfo[39m: [34mUser verified successfully[39m
[04 May, 2025 - 17:07:09:79] [34minfo[39m: [34mUser verified successfully[39m
[04 May, 2025 - 17:07:13:713] [34minfo[39m: [34mUser verified successfully[39m
[04 May, 2025 - 17:07:34:734] [34minfo[39m: [34mUser verified successfully[39m
[04 May, 2025 - 17:07:34:734] [34minfo[39m: [34mUser verified successfully[39m
[04 May, 2025 - 17:07:34:734] [34minfo[39m: [34mUser verified successfully[39m
[04 May, 2025 - 17:07:34:734] [34minfo[39m: [34mUser verified successfully[39m
[04 May, 2025 - 17:07:34:734] [34minfo[39m: [34mUser verified successfully[39m
[04 May, 2025 - 17:07:34:734] [34minfo[39m: [34mUser verified successfully[39m
[04 May, 2025 - 17:07:34:734] [34minfo[39m: [34mUser verified successfully[39m
[04 May, 2025 - 17:07:34:734] [34minfo[39m: [34mUser verified successfully[39m
[04 May, 2025 - 17:07:36:736] [34minfo[39m: [34mUser verified successfully[39m
[04 May, 2025 - 17:07:41:741] [34minfo[39m: [34mUser verified successfully[39m
[04 May, 2025 - 17:07:42:742] [34minfo[39m: [34mUser verified successfully[39m
[04 May, 2025 - 17:08:10:810] [34minfo[39m: [34mUser verified successfully[39m
[04 May, 2025 - 17:08:10:810] [34minfo[39m: [34mUser verified successfully[39m
[04 May, 2025 - 17:08:10:810] [34minfo[39m: [34mUser verified successfully[39m
[04 May, 2025 - 17:08:10:810] [34minfo[39m: [34mUser verified successfully[39m
[04 May, 2025 - 17:08:10:810] [34minfo[39m: [34mUser verified successfully[39m
[04 May, 2025 - 17:08:10:810] [34minfo[39m: [34mUser verified successfully[39m
[04 May, 2025 - 17:08:10:810] [34minfo[39m: [34mUser verified successfully[39m
[04 May, 2025 - 17:08:10:810] [34minfo[39m: [34mUser verified successfully[39m
[04 May, 2025 - 17:08:16:816] [34minfo[39m: [34mUser verified successfully[39m
[04 May, 2025 - 17:08:16:816] [34minfo[39m: [34mUser verified successfully[39m
[04 May, 2025 - 17:08:16:816] [34minfo[39m: [34mUser verified successfully[39m
[04 May, 2025 - 17:08:16:816] [34minfo[39m: [34mUser verified successfully[39m
[04 May, 2025 - 17:08:16:816] [34minfo[39m: [34mUser verified successfully[39m
[04 May, 2025 - 17:08:16:816] [34minfo[39m: [34mUser verified successfully[39m
[04 May, 2025 - 17:08:41:841] [34minfo[39m: [34mUser verified successfully[39m
[04 May, 2025 - 17:08:41:841] [34minfo[39m: [34mUser verified successfully[39m
[04 May, 2025 - 17:08:42:842] [34minfo[39m: [34mUser verified successfully[39m
[04 May, 2025 - 17:08:42:842] [34minfo[39m: [34mUser verified successfully[39m
[04 May, 2025 - 17:08:42:842] [34minfo[39m: [34mUser verified successfully[39m
[04 May, 2025 - 17:08:42:842] [34minfo[39m: [34mUser verified successfully[39m
[04 May, 2025 - 17:10:30:1030] [34minfo[39m: [34mUser verified successfully[39m
[04 May, 2025 - 17:10:36:1036] [34minfo[39m: [34mUser verified successfully[39m
[04 May, 2025 - 17:10:36:1036] [34minfo[39m: [34mUser verified successfully[39m
[04 May, 2025 - 17:10:36:1036] [34minfo[39m: [34mUser verified successfully[39m
[04 May, 2025 - 17:10:36:1036] [34minfo[39m: [34mUser verified successfully[39m
[04 May, 2025 - 17:10:36:1036] [34minfo[39m: [34mUser verified successfully[39m
[04 May, 2025 - 17:10:36:1036] [34minfo[39m: [34mUser verified successfully[39m
[04 May, 2025 - 17:10:36:1036] [34minfo[39m: [34mUser verified successfully[39m
[04 May, 2025 - 17:10:38:1038] [34minfo[39m: [34mUser verified successfully[39m
[04 May, 2025 - 17:10:39:1039] [34minfo[39m: [34mUser verified successfully[39m
[04 May, 2025 - 17:10:42:1042] [34minfo[39m: [34mUser verified successfully[39m
[04 May, 2025 - 17:10:47:1047] [34minfo[39m: [34mUser verified successfully[39m
[04 May, 2025 - 17:10:53:1053] [34minfo[39m: [34mUser verified successfully[39m
[04 May, 2025 - 17:10:53:1053] [34minfo[39m: [34mUser verified successfully[39m
[04 May, 2025 - 17:10:53:1053] [34minfo[39m: [34mUser verified successfully[39m
[04 May, 2025 - 17:10:53:1053] [34minfo[39m: [34mUser verified successfully[39m
[04 May, 2025 - 17:10:53:1053] [34minfo[39m: [34mUser verified successfully[39m
[04 May, 2025 - 17:10:53:1053] [34minfo[39m: [34mUser verified successfully[39m
[04 May, 2025 - 17:10:53:1053] [34minfo[39m: [34mUser verified successfully[39m
[04 May, 2025 - 17:10:58:1058] [34minfo[39m: [34mUser verified successfully[39m
[04 May, 2025 - 17:12:04:124] [34minfo[39m: [34mUser verified successfully[39m
[04 May, 2025 - 17:12:05:125] [34minfo[39m: [34mUser verified successfully[39m
[04 May, 2025 - 17:12:05:125] [34minfo[39m: [34mUser verified successfully[39m
[04 May, 2025 - 17:12:05:125] [34minfo[39m: [34mUser verified successfully[39m
[04 May, 2025 - 17:12:05:125] [34minfo[39m: [34mUser verified successfully[39m
[04 May, 2025 - 17:12:05:125] [34minfo[39m: [34mUser verified successfully[39m
[04 May, 2025 - 17:12:23:1223] [34minfo[39m: [34mUser verified successfully[39m
[04 May, 2025 - 17:12:23:1223] [34minfo[39m: [34mUser verified successfully[39m
[04 May, 2025 - 17:12:23:1223] [34minfo[39m: [34mUser verified successfully[39m
[04 May, 2025 - 17:12:23:1223] [34minfo[39m: [34mUser verified successfully[39m
[04 May, 2025 - 17:12:23:1223] [34minfo[39m: [34mUser verified successfully[39m
[04 May, 2025 - 17:12:23:1223] [34minfo[39m: [34mUser verified successfully[39m
[04 May, 2025 - 17:12:23:1223] [34minfo[39m: [34mUser verified successfully[39m
[04 May, 2025 - 17:12:23:1223] [34minfo[39m: [34mUser verified successfully[39m
[04 May, 2025 - 17:12:23:1223] [34minfo[39m: [34mUser verified successfully[39m
[04 May, 2025 - 17:12:23:1223] [34minfo[39m: [34mUser verified successfully[39m
[04 May, 2025 - 17:12:23:1223] [34minfo[39m: [34mUser verified successfully[39m
[04 May, 2025 - 17:12:23:1223] [34minfo[39m: [34mUser verified successfully[39m
[04 May, 2025 - 17:12:23:1223] [34minfo[39m: [34mUser verified successfully[39m
[04 May, 2025 - 17:12:23:1223] [34minfo[39m: [34mUser verified successfully[39m
[04 May, 2025 - 17:12:23:1223] [34minfo[39m: [34mUser verified successfully[39m
[04 May, 2025 - 17:15:14:1514] [34minfo[39m: [34mUser verified successfully[39m
[04 May, 2025 - 17:15:14:1514] [34minfo[39m: [34mUser verified successfully[39m
[04 May, 2025 - 17:15:14:1514] [34minfo[39m: [34mUser verified successfully[39m
[04 May, 2025 - 17:15:14:1514] [34minfo[39m: [34mUser verified successfully[39m
[04 May, 2025 - 17:15:14:1514] [34minfo[39m: [34mUser verified successfully[39m
[04 May, 2025 - 17:15:14:1514] [34minfo[39m: [34mUser verified successfully[39m
[04 May, 2025 - 17:15:14:1514] [34minfo[39m: [34mUser verified successfully[39m
[04 May, 2025 - 17:15:14:1514] [34minfo[39m: [34mUser verified successfully[39m
[04 May, 2025 - 17:15:14:1514] [34minfo[39m: [34mUser verified successfully[39m
[04 May, 2025 - 17:15:14:1514] [34minfo[39m: [34mUser verified successfully[39m
[04 May, 2025 - 17:15:14:1514] [34minfo[39m: [34mUser verified successfully[39m
[04 May, 2025 - 17:15:14:1514] [34minfo[39m: [34mUser verified successfully[39m
[04 May, 2025 - 17:15:14:1514] [34minfo[39m: [34mUser verified successfully[39m
[04 May, 2025 - 17:15:14:1514] [34minfo[39m: [34mUser verified successfully[39m
[04 May, 2025 - 17:15:14:1514] [34minfo[39m: [34mUser verified successfully[39m
[04 May, 2025 - 17:15:20:1520] [34minfo[39m: [34mUser verified successfully[39m
[04 May, 2025 - 17:15:20:1520] [34minfo[39m: [34mUser verified successfully[39m
[04 May, 2025 - 17:15:20:1520] [34minfo[39m: [34mUser verified successfully[39m
[04 May, 2025 - 17:15:20:1520] [34minfo[39m: [34mUser verified successfully[39m
[04 May, 2025 - 17:15:20:1520] [34minfo[39m: [34mUser verified successfully[39m
[04 May, 2025 - 17:15:20:1520] [34minfo[39m: [34mUser verified successfully[39m
[04 May, 2025 - 17:15:22:1522] [34minfo[39m: [34mUser verified successfully[39m
[04 May, 2025 - 17:15:22:1522] [34minfo[39m: [34mUser verified successfully[39m
[04 May, 2025 - 17:15:22:1522] [34minfo[39m: [34mUser verified successfully[39m
[04 May, 2025 - 17:15:22:1522] [34minfo[39m: [34mUser verified successfully[39m
[04 May, 2025 - 17:15:22:1522] [34minfo[39m: [34mUser verified successfully[39m
[04 May, 2025 - 17:15:22:1522] [34minfo[39m: [34mUser verified successfully[39m
[04 May, 2025 - 17:15:22:1522] [34minfo[39m: [34mUser verified successfully[39m
[04 May, 2025 - 17:15:22:1522] [34minfo[39m: [34mUser verified successfully[39m
[04 May, 2025 - 17:15:22:1522] [34minfo[39m: [34mUser verified successfully[39m
[04 May, 2025 - 17:15:22:1522] [34minfo[39m: [34mUser verified successfully[39m
[04 May, 2025 - 17:15:22:1522] [34minfo[39m: [34mUser verified successfully[39m
[04 May, 2025 - 17:15:22:1522] [34minfo[39m: [34mUser verified successfully[39m
[04 May, 2025 - 17:15:22:1522] [34minfo[39m: [34mUser verified successfully[39m
[04 May, 2025 - 17:15:50:1550] [34minfo[39m: [34mUser verified successfully[39m
[04 May, 2025 - 17:16:09:169] [34minfo[39m: [34mUser verified successfully[39m
[04 May, 2025 - 17:16:09:169] [34minfo[39m: [34mUser verified successfully[39m
[04 May, 2025 - 17:16:09:169] [34minfo[39m: [34mUser verified successfully[39m
[04 May, 2025 - 17:16:09:169] [34minfo[39m: [34mUser verified successfully[39m
[04 May, 2025 - 17:16:09:169] [34minfo[39m: [34mUser verified successfully[39m
[04 May, 2025 - 17:16:09:169] [34minfo[39m: [34mUser verified successfully[39m
[04 May, 2025 - 17:16:09:169] [34minfo[39m: [34mUser verified successfully[39m
[04 May, 2025 - 17:16:09:169] [34minfo[39m: [34mUser verified successfully[39m
[04 May, 2025 - 18:00:10:010] [34minfo[39m: [34mUser verified successfully[39m
[04 May, 2025 - 18:00:10:010] [34minfo[39m: [34mUser verified successfully[39m
[04 May, 2025 - 18:00:10:010] [34minfo[39m: [34mUser verified successfully[39m
[04 May, 2025 - 18:00:10:010] [34minfo[39m: [34mUser verified successfully[39m
[04 May, 2025 - 18:00:11:011] [34minfo[39m: [34mUser verified successfully[39m
[04 May, 2025 - 18:00:11:011] [34minfo[39m: [34mUser verified successfully[39m
[04 May, 2025 - 18:00:12:012] [34minfo[39m: [34mUser verified successfully[39m
[04 May, 2025 - 18:00:12:012] [34minfo[39m: [34mUser verified successfully[39m
[04 May, 2025 - 18:01:09:19] [34minfo[39m: [34mUser logged in successfully[39m
[04 May, 2025 - 18:01:10:110] [34minfo[39m: [34mUser verified successfully[39m
[04 May, 2025 - 18:01:10:110] [34minfo[39m: [34mUser verified successfully[39m
[04 May, 2025 - 18:01:10:110] [34minfo[39m: [34mUser verified successfully[39m
[04 May, 2025 - 18:01:10:110] [34minfo[39m: [34mUser verified successfully[39m
[04 May, 2025 - 18:01:10:110] [34minfo[39m: [34mUser verified successfully[39m
[04 May, 2025 - 18:01:10:110] [34minfo[39m: [34mUser verified successfully[39m
[04 May, 2025 - 18:01:10:110] [34minfo[39m: [34mUser verified successfully[39m
[04 May, 2025 - 18:01:10:110] [34minfo[39m: [34mUser verified successfully[39m
[04 May, 2025 - 18:01:10:110] [34minfo[39m: [34mUser verified successfully[39m
[04 May, 2025 - 18:01:10:110] [34minfo[39m: [34mUser verified successfully[39m
[04 May, 2025 - 18:01:10:110] [34minfo[39m: [34mUser verified successfully[39m
[04 May, 2025 - 18:01:10:110] [34minfo[39m: [34mUser verified successfully[39m
[04 May, 2025 - 18:01:10:110] [34minfo[39m: [34mUser verified successfully[39m
[04 May, 2025 - 18:01:28:128] [34minfo[39m: [34mUser verified successfully[39m
[04 May, 2025 - 18:01:32:132] [34minfo[39m: [34mUser verified successfully[39m
[04 May, 2025 - 18:02:45:245] [34minfo[39m: [34mUser verified successfully[39m
