[21 Apr, 2025 - 21:56:11:5611] [34minfo[39m: [34mConnection to MSSQL has been established successfully.[39m
[21 Apr, 2025 - 21:56:11:5611] [34minfo[39m: [34mModel sync executed successfully.[39m
[21 Apr, 2025 - 21:56:11:5611] [34minfo[39m: [34mServer is running on http://localhost:3002[39m
[21 Apr, 2025 - 21:56:13:5613] [34minfo[39m: [34mConnection to MSSQL has been established successfully.[39m
[21 Apr, 2025 - 21:56:13:5613] [34minfo[39m: [34mModel sync executed successfully.[39m
[21 Apr, 2025 - 21:56:13:5613] [34minfo[39m: [34mServer is running on http://localhost:3002[39m
[21 Apr, 2025 - 21:56:16:5616] [34minfo[39m: [34mConnection to MSSQL has been established successfully.[39m
[21 Apr, 2025 - 21:56:17:5617] [34minfo[39m: [34mModel sync executed successfully.[39m
[21 Apr, 2025 - 21:56:17:5617] [34minfo[39m: [34mServer is running on http://localhost:3002[39m
[21 Apr, 2025 - 22:02:36:236] [34minfo[39m: [34mConnection to MSSQL has been established successfully.[39m
[21 Apr, 2025 - 22:02:36:236] [34minfo[39m: [34mModel sync executed successfully.[39m
[21 Apr, 2025 - 22:02:36:236] [34minfo[39m: [34mServer is running on http://localhost:3002[39m
[21 Apr, 2025 - 22:02:37:237] [34minfo[39m: [34mConnection to MSSQL has been established successfully.[39m
[21 Apr, 2025 - 22:02:37:237] [34minfo[39m: [34mModel sync executed successfully.[39m
[21 Apr, 2025 - 22:02:38:238] [34minfo[39m: [34mServer is running on http://localhost:3002[39m
[21 Apr, 2025 - 22:13:38:1338] [34minfo[39m: [34mUser logged in successfully[39m
[21 Apr, 2025 - 22:15:46:1546] [34minfo[39m: [34mConnection to MSSQL has been established successfully.[39m
[21 Apr, 2025 - 22:15:46:1546] [34minfo[39m: [34mModel sync executed successfully.[39m
[21 Apr, 2025 - 22:15:46:1546] [34minfo[39m: [34mServer is running on http://localhost:3002[39m
[21 Apr, 2025 - 22:15:49:1549] [34minfo[39m: [34mConnection to MSSQL has been established successfully.[39m
[21 Apr, 2025 - 22:15:49:1549] [34minfo[39m: [34mModel sync executed successfully.[39m
[21 Apr, 2025 - 22:15:49:1549] [34minfo[39m: [34mServer is running on http://localhost:3002[39m
[21 Apr, 2025 - 22:16:04:164] [34minfo[39m: [34mConnection to MSSQL has been established successfully.[39m
[21 Apr, 2025 - 22:16:04:164] [34minfo[39m: [34mModel sync executed successfully.[39m
[21 Apr, 2025 - 22:16:04:164] [34minfo[39m: [34mServer is running on http://localhost:3002[39m
[21 Apr, 2025 - 22:19:11:1911] [34minfo[39m: [34mConnection to MSSQL has been established successfully.[39m
[21 Apr, 2025 - 22:19:11:1911] [34minfo[39m: [34mModel sync executed successfully.[39m
[21 Apr, 2025 - 22:19:11:1911] [34minfo[39m: [34mServer is running on http://localhost:3002[39m
[21 Apr, 2025 - 22:19:13:1913] [34minfo[39m: [34mConnection to MSSQL has been established successfully.[39m
[21 Apr, 2025 - 22:19:13:1913] [34minfo[39m: [34mModel sync executed successfully.[39m
[21 Apr, 2025 - 22:19:13:1913] [34minfo[39m: [34mServer is running on http://localhost:3002[39m
[21 Apr, 2025 - 22:19:15:1915] [34minfo[39m: [34mConnection to MSSQL has been established successfully.[39m
[21 Apr, 2025 - 22:19:15:1915] [34minfo[39m: [34mModel sync executed successfully.[39m
[21 Apr, 2025 - 22:19:15:1915] [34minfo[39m: [34mServer is running on http://localhost:3002[39m
[21 Apr, 2025 - 22:19:27:1927] [34minfo[39m: [34mConnection to MSSQL has been established successfully.[39m
[21 Apr, 2025 - 22:19:27:1927] [34minfo[39m: [34mModel sync executed successfully.[39m
[21 Apr, 2025 - 22:19:27:1927] [34minfo[39m: [34mServer is running on http://localhost:3002[39m
[21 Apr, 2025 - 22:19:56:1956] [34minfo[39m: [34mConnection to MSSQL has been established successfully.[39m
[21 Apr, 2025 - 22:19:56:1956] [34minfo[39m: [34mModel sync executed successfully.[39m
[21 Apr, 2025 - 22:19:56:1956] [34minfo[39m: [34mServer is running on http://localhost:3002[39m
[21 Apr, 2025 - 22:20:02:202] [34minfo[39m: [34mConnection to MSSQL has been established successfully.[39m
[21 Apr, 2025 - 22:20:02:202] [34minfo[39m: [34mModel sync executed successfully.[39m
[21 Apr, 2025 - 22:20:02:202] [34minfo[39m: [34mServer is running on http://localhost:3002[39m
[21 Apr, 2025 - 22:20:11:2011] [34minfo[39m: [34mConnection to MSSQL has been established successfully.[39m
[21 Apr, 2025 - 22:20:11:2011] [34minfo[39m: [34mModel sync executed successfully.[39m
[21 Apr, 2025 - 22:20:11:2011] [34minfo[39m: [34mServer is running on http://localhost:3002[39m
[21 Apr, 2025 - 22:20:16:2016] [34minfo[39m: [34mUser verified successfully[39m
[21 Apr, 2025 - 22:30:27:3027] [34minfo[39m: [34mUser verified successfully[39m
[21 Apr, 2025 - 22:39:37:3937] [34minfo[39m: [34mConnection to MSSQL has been established successfully.[39m
[21 Apr, 2025 - 22:39:37:3937] [34minfo[39m: [34mModel sync executed successfully.[39m
[21 Apr, 2025 - 22:39:37:3937] [34minfo[39m: [34mServer is running on http://localhost:3002[39m
[21 Apr, 2025 - 22:39:40:3940] [34minfo[39m: [34mConnection to MSSQL has been established successfully.[39m
[21 Apr, 2025 - 22:39:40:3940] [34minfo[39m: [34mModel sync executed successfully.[39m
[21 Apr, 2025 - 22:39:40:3940] [34minfo[39m: [34mServer is running on http://localhost:3002[39m
[21 Apr, 2025 - 22:39:55:3955] [34minfo[39m: [34mConnection to MSSQL has been established successfully.[39m
[21 Apr, 2025 - 22:39:55:3955] [34minfo[39m: [34mModel sync executed successfully.[39m
[21 Apr, 2025 - 22:39:55:3955] [34minfo[39m: [34mServer is running on http://localhost:3002[39m
[21 Apr, 2025 - 22:40:00:400] [34minfo[39m: [34mConnection to MSSQL has been established successfully.[39m
[21 Apr, 2025 - 22:40:00:400] [34minfo[39m: [34mModel sync executed successfully.[39m
[21 Apr, 2025 - 22:40:00:400] [34minfo[39m: [34mServer is running on http://localhost:3002[39m
[21 Apr, 2025 - 22:40:04:404] [34minfo[39m: [34mConnection to MSSQL has been established successfully.[39m
[21 Apr, 2025 - 22:40:04:404] [34minfo[39m: [34mModel sync executed successfully.[39m
[21 Apr, 2025 - 22:40:04:404] [34minfo[39m: [34mServer is running on http://localhost:3002[39m
[21 Apr, 2025 - 22:40:13:4013] [34minfo[39m: [34mConnection to MSSQL has been established successfully.[39m
[21 Apr, 2025 - 22:40:13:4013] [34minfo[39m: [34mModel sync executed successfully.[39m
[21 Apr, 2025 - 22:40:13:4013] [34minfo[39m: [34mServer is running on http://localhost:3002[39m
[21 Apr, 2025 - 22:40:16:4016] [34minfo[39m: [34mConnection to MSSQL has been established successfully.[39m
[21 Apr, 2025 - 22:40:16:4016] [34minfo[39m: [34mModel sync executed successfully.[39m
[21 Apr, 2025 - 22:40:16:4016] [34minfo[39m: [34mServer is running on http://localhost:3002[39m
[21 Apr, 2025 - 22:40:20:4020] [34minfo[39m: [34mConnection to MSSQL has been established successfully.[39m
[21 Apr, 2025 - 22:40:20:4020] [34minfo[39m: [34mModel sync executed successfully.[39m
[21 Apr, 2025 - 22:40:20:4020] [34minfo[39m: [34mServer is running on http://localhost:3002[39m
[21 Apr, 2025 - 22:40:23:4023] [34minfo[39m: [34mConnection to MSSQL has been established successfully.[39m
[21 Apr, 2025 - 22:40:23:4023] [34minfo[39m: [34mModel sync executed successfully.[39m
[21 Apr, 2025 - 22:40:23:4023] [34minfo[39m: [34mServer is running on http://localhost:3002[39m
[21 Apr, 2025 - 22:40:30:4030] [34minfo[39m: [34mConnection to MSSQL has been established successfully.[39m
[21 Apr, 2025 - 22:40:30:4030] [34minfo[39m: [34mModel sync executed successfully.[39m
[21 Apr, 2025 - 22:40:30:4030] [34minfo[39m: [34mServer is running on http://localhost:3002[39m
[21 Apr, 2025 - 22:40:33:4033] [34minfo[39m: [34mConnection to MSSQL has been established successfully.[39m
[21 Apr, 2025 - 22:40:33:4033] [34minfo[39m: [34mModel sync executed successfully.[39m
[21 Apr, 2025 - 22:40:33:4033] [34minfo[39m: [34mServer is running on http://localhost:3002[39m
[21 Apr, 2025 - 22:40:37:4037] [34minfo[39m: [34mConnection to MSSQL has been established successfully.[39m
[21 Apr, 2025 - 22:40:37:4037] [34minfo[39m: [34mModel sync executed successfully.[39m
[21 Apr, 2025 - 22:40:38:4038] [34minfo[39m: [34mServer is running on http://localhost:3002[39m
[21 Apr, 2025 - 22:40:49:4049] [34minfo[39m: [34mConnection to MSSQL has been established successfully.[39m
[21 Apr, 2025 - 22:40:49:4049] [34minfo[39m: [34mModel sync executed successfully.[39m
[21 Apr, 2025 - 22:40:49:4049] [34minfo[39m: [34mServer is running on http://localhost:3002[39m
[21 Apr, 2025 - 22:40:51:4051] [34minfo[39m: [34mConnection to MSSQL has been established successfully.[39m
[21 Apr, 2025 - 22:40:51:4051] [34minfo[39m: [34mModel sync executed successfully.[39m
[21 Apr, 2025 - 22:40:51:4051] [34minfo[39m: [34mServer is running on http://localhost:3002[39m
[21 Apr, 2025 - 22:40:58:4058] [34minfo[39m: [34mConnection to MSSQL has been established successfully.[39m
[21 Apr, 2025 - 22:40:58:4058] [34minfo[39m: [34mModel sync executed successfully.[39m
[21 Apr, 2025 - 22:40:58:4058] [34minfo[39m: [34mServer is running on http://localhost:3002[39m
[21 Apr, 2025 - 22:41:09:419] [34minfo[39m: [34mConnection to MSSQL has been established successfully.[39m
[21 Apr, 2025 - 22:41:09:419] [34minfo[39m: [34mModel sync executed successfully.[39m
[21 Apr, 2025 - 22:41:09:419] [34minfo[39m: [34mServer is running on http://localhost:3002[39m
[21 Apr, 2025 - 22:41:12:4112] [34minfo[39m: [34mConnection to MSSQL has been established successfully.[39m
[21 Apr, 2025 - 22:41:12:4112] [34minfo[39m: [34mModel sync executed successfully.[39m
[21 Apr, 2025 - 22:41:12:4112] [34minfo[39m: [34mServer is running on http://localhost:3002[39m
[21 Apr, 2025 - 22:41:14:4114] [34minfo[39m: [34mConnection to MSSQL has been established successfully.[39m
[21 Apr, 2025 - 22:41:14:4114] [34minfo[39m: [34mModel sync executed successfully.[39m
[21 Apr, 2025 - 22:41:14:4114] [34minfo[39m: [34mServer is running on http://localhost:3002[39m
[21 Apr, 2025 - 22:41:20:4120] [34minfo[39m: [34mConnection to MSSQL has been established successfully.[39m
[21 Apr, 2025 - 22:41:20:4120] [34minfo[39m: [34mModel sync executed successfully.[39m
[21 Apr, 2025 - 22:41:20:4120] [34minfo[39m: [34mServer is running on http://localhost:3002[39m
[21 Apr, 2025 - 22:41:22:4122] [34minfo[39m: [34mConnection to MSSQL has been established successfully.[39m
[21 Apr, 2025 - 22:41:22:4122] [34minfo[39m: [34mModel sync executed successfully.[39m
[21 Apr, 2025 - 22:41:22:4122] [34minfo[39m: [34mServer is running on http://localhost:3002[39m
[21 Apr, 2025 - 22:41:34:4134] [34minfo[39m: [34mConnection to MSSQL has been established successfully.[39m
[21 Apr, 2025 - 22:41:34:4134] [34minfo[39m: [34mModel sync executed successfully.[39m
[21 Apr, 2025 - 22:41:34:4134] [34minfo[39m: [34mServer is running on http://localhost:3002[39m
[21 Apr, 2025 - 22:41:37:4137] [34minfo[39m: [34mConnection to MSSQL has been established successfully.[39m
[21 Apr, 2025 - 22:41:37:4137] [34minfo[39m: [34mModel sync executed successfully.[39m
[21 Apr, 2025 - 22:41:37:4137] [34minfo[39m: [34mServer is running on http://localhost:3002[39m
[21 Apr, 2025 - 22:41:43:4143] [34minfo[39m: [34mConnection to MSSQL has been established successfully.[39m
[21 Apr, 2025 - 22:41:43:4143] [34minfo[39m: [34mModel sync executed successfully.[39m
[21 Apr, 2025 - 22:41:43:4143] [34minfo[39m: [34mServer is running on http://localhost:3002[39m
[21 Apr, 2025 - 22:41:46:4146] [34minfo[39m: [34mConnection to MSSQL has been established successfully.[39m
[21 Apr, 2025 - 22:41:46:4146] [34minfo[39m: [34mModel sync executed successfully.[39m
[21 Apr, 2025 - 22:41:46:4146] [34minfo[39m: [34mServer is running on http://localhost:3002[39m
[21 Apr, 2025 - 22:41:48:4148] [34minfo[39m: [34mConnection to MSSQL has been established successfully.[39m
[21 Apr, 2025 - 22:41:48:4148] [34minfo[39m: [34mModel sync executed successfully.[39m
[21 Apr, 2025 - 22:41:48:4148] [34minfo[39m: [34mServer is running on http://localhost:3002[39m
[21 Apr, 2025 - 22:42:08:428] [34minfo[39m: [34mConnection to MSSQL has been established successfully.[39m
[21 Apr, 2025 - 22:42:08:428] [34minfo[39m: [34mModel sync executed successfully.[39m
[21 Apr, 2025 - 22:42:08:428] [34minfo[39m: [34mServer is running on http://localhost:3002[39m
[21 Apr, 2025 - 22:54:47:5447] [31merror[39m: [31mInvalid token: jwt expired[39m
[21 Apr, 2025 - 22:57:09:579] [34minfo[39m: [34mUser logged in successfully[39m
[21 Apr, 2025 - 22:57:10:5710] [34minfo[39m: [34mUser verified successfully[39m
[21 Apr, 2025 - 22:57:10:5710] [34minfo[39m: [34mUser verified successfully[39m
[22 Apr, 2025 - 21:28:06:286] [34minfo[39m: [34mUser verified successfully[39m
[22 Apr, 2025 - 21:28:58:2858] [34minfo[39m: [34mLogin failed: Invalid credentials for email: kushalpadhiyar030@gmail.com[39m
[22 Apr, 2025 - 21:29:03:293] [34minfo[39m: [34mLogin failed: Invalid credentials for email: kushalpadhiyar030@gmail.com[39m
[22 Apr, 2025 - 21:29:08:298] [34minfo[39m: [34mLogin failed: Invalid credentials for email: kushalpadhiyar030@gmail.com[39m
