[28 Apr, 2025 - 21:15:21:1521] [34minfo[39m: [34mConnection to MSSQL has been established successfully.[39m
[28 Apr, 2025 - 21:15:21:1521] [34minfo[39m: [34mModel sync executed successfully.[39m
[28 Apr, 2025 - 21:15:21:1521] [34minfo[39m: [34mServer is running on http://localhost:3002[39m
[28 Apr, 2025 - 21:16:58:1658] [34minfo[39m: [34mUser logged in successfully[39m
[28 Apr, 2025 - 21:17:04:174] [34minfo[39m: [34mUser logged in successfully[39m
[28 Apr, 2025 - 21:17:05:175] [34minfo[39m: [34mUser verified successfully[39m
[28 Apr, 2025 - 21:17:05:175] [34minfo[39m: [34mUser verified successfully[39m
[28 Apr, 2025 - 21:17:05:175] [34minfo[39m: [34mUser verified successfully[39m
[28 Apr, 2025 - 21:17:05:175] [34minfo[39m: [34mUser verified successfully[39m
[28 Apr, 2025 - 21:17:07:177] [37mdebug[39m: [37mAuthenticated user: kushalpadhiyar030@gmail.com[39m
[28 Apr, 2025 - 21:17:43:1743] [34minfo[39m: [34mUser verified successfully[39m
[28 Apr, 2025 - 21:17:43:1743] [34minfo[39m: [34mUser verified successfully[39m
[28 Apr, 2025 - 21:17:43:1743] [34minfo[39m: [34mUser verified successfully[39m
[28 Apr, 2025 - 21:17:43:1743] [34minfo[39m: [34mUser verified successfully[39m
[28 Apr, 2025 - 21:17:43:1743] [34minfo[39m: [34mUser verified successfully[39m
[28 Apr, 2025 - 21:17:43:1743] [34minfo[39m: [34mUser verified successfully[39m
[28 Apr, 2025 - 21:17:47:1747] [34minfo[39m: [34mUser verified successfully[39m
[28 Apr, 2025 - 21:17:47:1747] [34minfo[39m: [34mUser verified successfully[39m
[28 Apr, 2025 - 21:17:47:1747] [34minfo[39m: [34mUser verified successfully[39m
[28 Apr, 2025 - 21:17:47:1747] [34minfo[39m: [34mUser verified successfully[39m
[28 Apr, 2025 - 21:18:04:184] [34minfo[39m: [34mUser verified successfully[39m
[28 Apr, 2025 - 21:18:08:188] [34minfo[39m: [34mUser verified successfully[39m
[28 Apr, 2025 - 21:18:08:188] [34minfo[39m: [34mUser verified successfully[39m
[28 Apr, 2025 - 21:18:08:188] [34minfo[39m: [34mUser verified successfully[39m
[28 Apr, 2025 - 21:18:08:188] [34minfo[39m: [34mUser verified successfully[39m
[28 Apr, 2025 - 21:18:08:188] [34minfo[39m: [34mUser verified successfully[39m
[28 Apr, 2025 - 21:18:08:188] [34minfo[39m: [34mUser verified successfully[39m
[28 Apr, 2025 - 21:18:10:1810] [34minfo[39m: [34mUser verified successfully[39m
[28 Apr, 2025 - 21:18:10:1810] [34minfo[39m: [34mUser verified successfully[39m
[28 Apr, 2025 - 21:18:10:1810] [34minfo[39m: [34mUser verified successfully[39m
[28 Apr, 2025 - 21:18:10:1810] [34minfo[39m: [34mUser verified successfully[39m
[28 Apr, 2025 - 21:18:36:1836] [34minfo[39m: [34mUser verified successfully[39m
[28 Apr, 2025 - 21:18:41:1841] [34minfo[39m: [34mUser verified successfully[39m
[28 Apr, 2025 - 21:18:41:1841] [34minfo[39m: [34mUser verified successfully[39m
[28 Apr, 2025 - 21:21:49:2149] [34minfo[39m: [34mUser verified successfully[39m
[28 Apr, 2025 - 21:21:49:2149] [34minfo[39m: [34mUser verified successfully[39m
[28 Apr, 2025 - 21:22:28:2228] [34minfo[39m: [34mUser verified successfully[39m
[28 Apr, 2025 - 21:22:28:2228] [34minfo[39m: [34mUser verified successfully[39m
[28 Apr, 2025 - 21:22:36:2236] [34minfo[39m: [34mUser verified successfully[39m
[28 Apr, 2025 - 21:22:36:2236] [34minfo[39m: [34mUser verified successfully[39m
[28 Apr, 2025 - 21:22:36:2236] [34minfo[39m: [34mUser verified successfully[39m
[28 Apr, 2025 - 21:22:36:2236] [34minfo[39m: [34mUser verified successfully[39m
[28 Apr, 2025 - 21:22:36:2236] [34minfo[39m: [34mUser verified successfully[39m
[28 Apr, 2025 - 21:22:36:2236] [34minfo[39m: [34mUser verified successfully[39m
[28 Apr, 2025 - 21:25:44:2544] [34minfo[39m: [34mUser verified successfully[39m
[28 Apr, 2025 - 21:25:44:2544] [34minfo[39m: [34mUser verified successfully[39m
[28 Apr, 2025 - 21:25:44:2544] [34minfo[39m: [34mUser verified successfully[39m
[28 Apr, 2025 - 21:26:30:2630] [34minfo[39m: [34mUser verified successfully[39m
[28 Apr, 2025 - 21:26:30:2630] [34minfo[39m: [34mUser verified successfully[39m
[28 Apr, 2025 - 21:26:30:2630] [34minfo[39m: [34mUser verified successfully[39m
[28 Apr, 2025 - 21:29:42:2942] [34minfo[39m: [34mUser verified successfully[39m
[28 Apr, 2025 - 21:29:42:2942] [34minfo[39m: [34mUser verified successfully[39m
[28 Apr, 2025 - 21:29:43:2943] [34minfo[39m: [34mUser verified successfully[39m
[28 Apr, 2025 - 21:29:53:2953] [34minfo[39m: [34mUser verified successfully[39m
[28 Apr, 2025 - 21:29:53:2953] [34minfo[39m: [34mUser verified successfully[39m
[28 Apr, 2025 - 21:29:53:2953] [34minfo[39m: [34mUser verified successfully[39m
[28 Apr, 2025 - 21:30:56:3056] [34minfo[39m: [34mUser verified successfully[39m
[28 Apr, 2025 - 21:30:56:3056] [34minfo[39m: [34mUser verified successfully[39m
[28 Apr, 2025 - 21:30:57:3057] [34minfo[39m: [34mUser verified successfully[39m
[28 Apr, 2025 - 21:31:27:3127] [34minfo[39m: [34mUser verified successfully[39m
[28 Apr, 2025 - 21:31:27:3127] [34minfo[39m: [34mUser verified successfully[39m
[28 Apr, 2025 - 21:31:27:3127] [34minfo[39m: [34mUser verified successfully[39m
[28 Apr, 2025 - 21:33:52:3352] [34minfo[39m: [34mUser verified successfully[39m
[28 Apr, 2025 - 21:33:52:3352] [34minfo[39m: [34mUser verified successfully[39m
[28 Apr, 2025 - 21:33:52:3352] [34minfo[39m: [34mUser verified successfully[39m
[28 Apr, 2025 - 21:34:01:341] [34minfo[39m: [34mUser verified successfully[39m
[28 Apr, 2025 - 21:34:01:341] [34minfo[39m: [34mUser verified successfully[39m
[28 Apr, 2025 - 21:34:01:341] [34minfo[39m: [34mUser verified successfully[39m
[28 Apr, 2025 - 21:35:32:3532] [34minfo[39m: [34mUser verified successfully[39m
[28 Apr, 2025 - 21:35:32:3532] [34minfo[39m: [34mUser verified successfully[39m
[28 Apr, 2025 - 21:36:09:369] [34minfo[39m: [34mUser verified successfully[39m
[28 Apr, 2025 - 21:36:09:369] [34minfo[39m: [34mUser verified successfully[39m
[28 Apr, 2025 - 21:36:25:3625] [34minfo[39m: [34mUser verified successfully[39m
[28 Apr, 2025 - 21:36:25:3625] [34minfo[39m: [34mUser verified successfully[39m
[28 Apr, 2025 - 21:36:25:3625] [34minfo[39m: [34mUser verified successfully[39m
[28 Apr, 2025 - 21:36:25:3625] [34minfo[39m: [34mUser verified successfully[39m
[28 Apr, 2025 - 21:36:26:3626] [34minfo[39m: [34mUser verified successfully[39m
[28 Apr, 2025 - 21:36:26:3626] [34minfo[39m: [34mUser verified successfully[39m
[28 Apr, 2025 - 21:36:26:3626] [34minfo[39m: [34mUser verified successfully[39m
[28 Apr, 2025 - 21:36:26:3626] [34minfo[39m: [34mUser verified successfully[39m
[28 Apr, 2025 - 21:36:26:3626] [34minfo[39m: [34mUser verified successfully[39m
[28 Apr, 2025 - 21:36:26:3626] [34minfo[39m: [34mUser verified successfully[39m
[28 Apr, 2025 - 21:36:29:3629] [34minfo[39m: [34mUser verified successfully[39m
[28 Apr, 2025 - 21:36:29:3629] [34minfo[39m: [34mUser verified successfully[39m
[28 Apr, 2025 - 21:36:29:3629] [34minfo[39m: [34mUser verified successfully[39m
[28 Apr, 2025 - 21:36:29:3629] [34minfo[39m: [34mUser verified successfully[39m
[28 Apr, 2025 - 21:43:15:4315] [34minfo[39m: [34mUser verified successfully[39m
[28 Apr, 2025 - 21:43:15:4315] [34minfo[39m: [34mUser verified successfully[39m
[28 Apr, 2025 - 21:43:15:4315] [34minfo[39m: [34mUser verified successfully[39m
[28 Apr, 2025 - 21:44:19:4419] [37mdebug[39m: [37mAuthenticated user: kushalpadhiyar030@gmail.com[39m
[28 Apr, 2025 - 21:46:33:4633] [34minfo[39m: [34mUser verified successfully[39m
[28 Apr, 2025 - 21:46:35:4635] [34minfo[39m: [34mUser verified successfully[39m
[28 Apr, 2025 - 21:46:52:4652] [34minfo[39m: [34mUser verified successfully[39m
[28 Apr, 2025 - 21:46:52:4652] [34minfo[39m: [34mUser verified successfully[39m
[28 Apr, 2025 - 21:46:52:4652] [34minfo[39m: [34mUser verified successfully[39m
[28 Apr, 2025 - 21:47:21:4721] [34minfo[39m: [34mUser verified successfully[39m
[28 Apr, 2025 - 21:47:26:4726] [34minfo[39m: [34mUser verified successfully[39m
[28 Apr, 2025 - 21:47:26:4726] [34minfo[39m: [34mUser verified successfully[39m
[28 Apr, 2025 - 21:47:26:4726] [34minfo[39m: [34mUser verified successfully[39m
[28 Apr, 2025 - 21:47:27:4727] [34minfo[39m: [34mUser verified successfully[39m
[28 Apr, 2025 - 21:48:14:4814] [34minfo[39m: [34mUser verified successfully[39m
[28 Apr, 2025 - 21:48:14:4814] [34minfo[39m: [34mUser verified successfully[39m
[28 Apr, 2025 - 21:48:14:4814] [34minfo[39m: [34mUser verified successfully[39m
[28 Apr, 2025 - 21:48:21:4821] [34minfo[39m: [34mUser verified successfully[39m
[28 Apr, 2025 - 21:48:21:4821] [34minfo[39m: [34mUser verified successfully[39m
[28 Apr, 2025 - 21:48:44:4844] [34minfo[39m: [34mUser verified successfully[39m
[28 Apr, 2025 - 21:51:49:5149] [34minfo[39m: [34mUser verified successfully[39m
[28 Apr, 2025 - 21:51:49:5149] [34minfo[39m: [34mUser verified successfully[39m
[28 Apr, 2025 - 21:51:49:5149] [34minfo[39m: [34mUser verified successfully[39m
[28 Apr, 2025 - 21:55:45:5545] [34minfo[39m: [34mUser verified successfully[39m
[28 Apr, 2025 - 21:55:45:5545] [34minfo[39m: [34mUser verified successfully[39m
[28 Apr, 2025 - 21:55:45:5545] [34minfo[39m: [34mUser verified successfully[39m
[28 Apr, 2025 - 21:56:46:5646] [34minfo[39m: [34mUser verified successfully[39m
[28 Apr, 2025 - 21:56:46:5646] [34minfo[39m: [34mUser verified successfully[39m
[28 Apr, 2025 - 21:56:46:5646] [34minfo[39m: [34mUser verified successfully[39m
[28 Apr, 2025 - 21:56:56:5656] [34minfo[39m: [34mUser verified successfully[39m
[28 Apr, 2025 - 21:56:56:5656] [34minfo[39m: [34mUser verified successfully[39m
[28 Apr, 2025 - 21:56:56:5656] [34minfo[39m: [34mUser verified successfully[39m
[28 Apr, 2025 - 21:56:56:5656] [34minfo[39m: [34mUser verified successfully[39m
[28 Apr, 2025 - 21:56:56:5656] [34minfo[39m: [34mUser verified successfully[39m
[28 Apr, 2025 - 21:56:56:5656] [34minfo[39m: [34mUser verified successfully[39m
[28 Apr, 2025 - 21:56:58:5658] [34minfo[39m: [34mUser verified successfully[39m
[28 Apr, 2025 - 21:56:58:5658] [34minfo[39m: [34mUser verified successfully[39m
[28 Apr, 2025 - 21:56:58:5658] [34minfo[39m: [34mUser verified successfully[39m
[28 Apr, 2025 - 21:56:58:5658] [34minfo[39m: [34mUser verified successfully[39m
[28 Apr, 2025 - 21:56:58:5658] [34minfo[39m: [34mUser verified successfully[39m
[28 Apr, 2025 - 21:56:58:5658] [34minfo[39m: [34mUser verified successfully[39m
[28 Apr, 2025 - 21:57:55:5755] [34minfo[39m: [34mUser verified successfully[39m
[28 Apr, 2025 - 21:57:55:5755] [34minfo[39m: [34mUser verified successfully[39m
[28 Apr, 2025 - 21:57:55:5755] [34minfo[39m: [34mUser verified successfully[39m
[28 Apr, 2025 - 21:58:17:5817] [34minfo[39m: [34mUser verified successfully[39m
[28 Apr, 2025 - 21:58:17:5817] [34minfo[39m: [34mUser verified successfully[39m
[28 Apr, 2025 - 21:58:17:5817] [34minfo[39m: [34mUser verified successfully[39m
[28 Apr, 2025 - 21:58:17:5817] [34minfo[39m: [34mUser verified successfully[39m
[28 Apr, 2025 - 21:58:17:5817] [34minfo[39m: [34mUser verified successfully[39m
[28 Apr, 2025 - 21:58:17:5817] [34minfo[39m: [34mUser verified successfully[39m
[28 Apr, 2025 - 21:58:20:5820] [34minfo[39m: [34mUser verified successfully[39m
[28 Apr, 2025 - 21:58:20:5820] [34minfo[39m: [34mUser verified successfully[39m
[28 Apr, 2025 - 21:58:20:5820] [34minfo[39m: [34mUser verified successfully[39m
[28 Apr, 2025 - 21:58:20:5820] [34minfo[39m: [34mUser verified successfully[39m
[28 Apr, 2025 - 21:58:20:5820] [34minfo[39m: [34mUser verified successfully[39m
[28 Apr, 2025 - 21:58:20:5820] [34minfo[39m: [34mUser verified successfully[39m
[28 Apr, 2025 - 22:02:44:244] [34minfo[39m: [34mUser verified successfully[39m
[28 Apr, 2025 - 22:02:44:244] [34minfo[39m: [34mUser verified successfully[39m
[28 Apr, 2025 - 22:02:44:244] [34minfo[39m: [34mUser verified successfully[39m
[28 Apr, 2025 - 22:02:44:244] [34minfo[39m: [34mUser verified successfully[39m
[28 Apr, 2025 - 22:02:44:244] [34minfo[39m: [34mUser verified successfully[39m
[28 Apr, 2025 - 22:02:44:244] [34minfo[39m: [34mUser verified successfully[39m
[28 Apr, 2025 - 22:02:48:248] [34minfo[39m: [34mUser verified successfully[39m
[28 Apr, 2025 - 22:02:48:248] [34minfo[39m: [34mUser verified successfully[39m
[28 Apr, 2025 - 22:02:48:248] [34minfo[39m: [34mUser verified successfully[39m
[28 Apr, 2025 - 22:02:48:248] [34minfo[39m: [34mUser verified successfully[39m
[28 Apr, 2025 - 22:02:48:248] [34minfo[39m: [34mUser verified successfully[39m
[28 Apr, 2025 - 22:02:48:248] [34minfo[39m: [34mUser verified successfully[39m
[28 Apr, 2025 - 22:10:27:1027] [34minfo[39m: [34mUser verified successfully[39m
[28 Apr, 2025 - 22:10:27:1027] [34minfo[39m: [34mUser verified successfully[39m
[28 Apr, 2025 - 22:10:28:1028] [34minfo[39m: [34mUser verified successfully[39m
[28 Apr, 2025 - 22:11:41:1141] [34minfo[39m: [34mUser verified successfully[39m
[28 Apr, 2025 - 22:11:41:1141] [34minfo[39m: [34mUser verified successfully[39m
[28 Apr, 2025 - 22:11:41:1141] [34minfo[39m: [34mUser verified successfully[39m
[28 Apr, 2025 - 22:12:29:1229] [34minfo[39m: [34mUser verified successfully[39m
[28 Apr, 2025 - 22:12:29:1229] [34minfo[39m: [34mUser verified successfully[39m
[28 Apr, 2025 - 22:12:29:1229] [34minfo[39m: [34mUser verified successfully[39m
[28 Apr, 2025 - 22:12:29:1229] [34minfo[39m: [34mUser verified successfully[39m
[28 Apr, 2025 - 22:12:29:1229] [34minfo[39m: [34mUser verified successfully[39m
[28 Apr, 2025 - 22:12:30:1230] [34minfo[39m: [34mUser verified successfully[39m
[28 Apr, 2025 - 22:12:33:1233] [34minfo[39m: [34mUser verified successfully[39m
[28 Apr, 2025 - 22:12:33:1233] [34minfo[39m: [34mUser verified successfully[39m
[28 Apr, 2025 - 22:12:33:1233] [34minfo[39m: [34mUser verified successfully[39m
[28 Apr, 2025 - 22:12:33:1233] [34minfo[39m: [34mUser verified successfully[39m
[28 Apr, 2025 - 22:12:33:1233] [34minfo[39m: [34mUser verified successfully[39m
[28 Apr, 2025 - 22:12:33:1233] [34minfo[39m: [34mUser verified successfully[39m
